<?xml version="1.0" encoding="UTF-8"?>
<testsuite xmlns:xsi="http://www.w3.org/2001/XMLSchema-instance" xsi:noNamespaceSchemaLocation="https://maven.apache.org/surefire/maven-surefire-plugin/xsd/surefire-test-report.xsd" version="3.0.2" name="com.poi.yow_point.KafkaIntegrationTest" time="25.858" tests="1" errors="0" skipped="0" failures="1">
  <properties>
[...]
</properties>
  <testcase name="whenCreatePoi_thenMessageSentToKafka" classname="com.poi.yow_point.KafkaIntegrationTest" time="10.393">
    <failure message="&#10;Expecting value to be true but was false" type="org.opentest4j.AssertionFailedError"><![CDATA[org.opentest4j.AssertionFailedError: 

Expecting value to be true but was false
	at com.poi.yow_point.KafkaIntegrationTest.whenCreatePoi_thenMessageSentToKafka(KafkaIntegrationTest.java:89)
	at java.base/java.lang.reflect.Method.invoke(Method.java:580)
	at java.base/java.util.ArrayList.forEach(ArrayList.java:1596)
	at java.base/java.util.ArrayList.forEach(ArrayList.java:1596)
]]></failure>
    <system-out><![CDATA[02:53:53.618 [main] INFO org.springframework.boot.test.context.SpringBootTestContextBootstrapper -- Found @SpringBootConfiguration com.poi.yow_point.YowPointApplication for test class com.poi.yow_point.KafkaIntegrationTest
02:53:53.891 [main] INFO org.springframework.boot.devtools.restart.RestartApplicationListener -- Restart disabled due to context in which it is running

  .   ____          _            __ _ _
 /\\ / ___'_ __ _ _(_)_ __  __ _ \ \ \ \
( ( )\___ | '_ | '_| | '_ \/ _` | \ \ \ \
 \\/  ___)| |_)| | | | | || (_| |  ) ) ) )
  '  |____| .__|_| |_|_| |_\__, | / / / /
 =========|_|==============|___/=/_/_/_/

 :: Spring Boot ::                (v3.5.0)

2025-12-02T02:53:54.756+01:00  INFO 95966 --- [yow_point] [           main] k.utils.Log4jControllerRegistration$     : Registered kafka:type=kafka.Log4jController MBean
2025-12-02T02:53:54.812+01:00  INFO 95966 --- [yow_point] [           main] o.a.zookeeper.server.ZooKeeperServer     : 
2025-12-02T02:53:54.813+01:00  INFO 95966 --- [yow_point] [           main] o.a.zookeeper.server.ZooKeeperServer     :   ______                  _                                          
2025-12-02T02:53:54.813+01:00  INFO 95966 --- [yow_point] [           main] o.a.zookeeper.server.ZooKeeperServer     :  |___  /                 | |                                         
2025-12-02T02:53:54.813+01:00  INFO 95966 --- [yow_point] [           main] o.a.zookeeper.server.ZooKeeperServer     :     / /    ___     ___   | | __   ___    ___   _ __     ___   _ __   
2025-12-02T02:53:54.813+01:00  INFO 95966 --- [yow_point] [           main] o.a.zookeeper.server.ZooKeeperServer     :    / /    / _ \   / _ \  | |/ /  / _ \  / _ \ | '_ \   / _ \ | '__|
2025-12-02T02:53:54.814+01:00  INFO 95966 --- [yow_point] [           main] o.a.zookeeper.server.ZooKeeperServer     :   / /__  | (_) | | (_) | |   <  |  __/ |  __/ | |_) | |  __/ | |    
2025-12-02T02:53:54.814+01:00  INFO 95966 --- [yow_point] [           main] o.a.zookeeper.server.ZooKeeperServer     :  /_____|  \___/   \___/  |_|\_\  \___|  \___| | .__/   \___| |_|
2025-12-02T02:53:54.814+01:00  INFO 95966 --- [yow_point] [           main] o.a.zookeeper.server.ZooKeeperServer     :                                               | |                     
2025-12-02T02:53:54.814+01:00  INFO 95966 --- [yow_point] [           main] o.a.zookeeper.server.ZooKeeperServer     :                                               |_|                     
2025-12-02T02:53:54.814+01:00  INFO 95966 --- [yow_point] [           main] o.a.zookeeper.server.ZooKeeperServer     : 
2025-12-02T02:53:54.821+01:00  INFO 95966 --- [yow_point] [           main] o.a.zookeeper.server.ZooKeeperServer     : Server environment:zookeeper.version=3.8.4-9316c2a7a97e1666d8f4593f34dd6fc36ecc436c, built on 2024-02-12 22:16 UTC
2025-12-02T02:53:54.821+01:00  INFO 95966 --- [yow_point] [           main] o.a.zookeeper.server.ZooKeeperServer     : Server environment:host.name=varnel-ThinkBook-15-G2-ITL
2025-12-02T02:53:54.821+01:00  INFO 95966 --- [yow_point] [           main] o.a.zookeeper.server.ZooKeeperServer     : Server environment:java.version=21.0.9
2025-12-02T02:53:54.822+01:00  INFO 95966 --- [yow_point] [           main] o.a.zookeeper.server.ZooKeeperServer     : Server environment:java.vendor=Ubuntu
2025-12-02T02:53:54.822+01:00  INFO 95966 --- [yow_point] [           main] o.a.zookeeper.server.ZooKeeperServer     : Server environment:java.home=/usr/lib/jvm/java-21-openjdk-amd64
2025-12-02T02:53:54.822+01:00  INFO 95966 --- [yow_point] [           main] o.a.zookeeper.server.ZooKeeperServer     : Server environment:java.class.path=/home/varnel/Desktop/New Folder/api_poi/target/test-classes:/home/varnel/Desktop/New Folder/api_poi/target/classes:/home/varnel/.m2/repository/org/testcontainers/junit-jupiter/1.19.3/junit-jupiter-1.19.3.jar:/home/varnel/.m2/repository/org/testcontainers/testcontainers/1.19.3/testcontainers-1.19.3.jar:/home/varnel/.m2/repository/junit/junit/4.13.2/junit-4.13.2.jar:/home/varnel/.m2/repository/org/hamcrest/hamcrest-core/3.0/hamcrest-core-3.0.jar:/home/varnel/.m2/repository/org/apache/commons/commons-compress/1.24.0/commons-compress-1.24.0.jar:/home/varnel/.m2/repository/org/rnorth/duct-tape/duct-tape/1.0.8/duct-tape-1.0.8.jar:/home/varnel/.m2/repository/org/jetbrains/annotations/17.0.0/annotations-17.0.0.jar:/home/varnel/.m2/repository/com/github/docker-java/docker-java-api/3.3.4/docker-java-api-3.3.4.jar:/home/varnel/.m2/repository/com/github/docker-java/docker-java-transport-zerodep/3.3.4/docker-java-transport-zerodep-3.3.4.jar:/home/varnel/.m2/repository/com/github/docker-java/docker-java-transport/3.3.4/docker-java-transport-3.3.4.jar:/home/varnel/.m2/repository/net/java/dev/jna/jna/5.13.0/jna-5.13.0.jar:/home/varnel/.m2/repository/org/testcontainers/postgresql/1.19.3/postgresql-1.19.3.jar:/home/varnel/.m2/repository/org/testcontainers/jdbc/1.19.3/jdbc-1.19.3.jar:/home/varnel/.m2/repository/org/testcontainers/database-commons/1.19.3/database-commons-1.19.3.jar:/home/varnel/.m2/repository/org/springframework/boot/spring-boot-starter-actuator/3.5.0/spring-boot-starter-actuator-3.5.0.jar:/home/varnel/.m2/repository/org/springframework/boot/spring-boot-starter/3.5.0/spring-boot-starter-3.5.0.jar:/home/varnel/.m2/repository/org/springframework/boot/spring-boot-starter-logging/3.5.0/spring-boot-starter-logging-3.5.0.jar:/home/varnel/.m2/repository/org/apache/logging/log4j/log4j-to-slf4j/2.24.3/log4j-to-slf4j-2.24.3.jar:/home/varnel/.m2/repository/org/apache/logging/log4j/log4j-api/2.24.3/log4j-api-2.24.3.jar:/home/varnel/.m2/repository/org/slf4j/jul-to-slf4j/2.0.17/jul-to-slf4j-2.0.17.jar:/home/varnel/.m2/repository/jakarta/annotation/jakarta.annotation-api/2.1.1/jakarta.annotation-api-2.1.1.jar:/home/varnel/.m2/repository/org/yaml/snakeyaml/2.4/snakeyaml-2.4.jar:/home/varnel/.m2/repository/org/springframework/boot/spring-boot-actuator-autoconfigure/3.5.0/spring-boot-actuator-autoconfigure-3.5.0.jar:/home/varnel/.m2/repository/org/springframework/boot/spring-boot-actuator/3.5.0/spring-boot-actuator-3.5.0.jar:/home/varnel/.m2/repository/io/micrometer/micrometer-observation/1.15.0/micrometer-observation-1.15.0.jar:/home/varnel/.m2/repository/io/micrometer/micrometer-commons/1.15.0/micrometer-commons-1.15.0.jar:/home/varnel/.m2/repository/io/micrometer/micrometer-jakarta9/1.15.0/micrometer-jakarta9-1.15.0.jar:/home/varnel/.m2/repository/io/micrometer/micrometer-core/1.15.0/micrometer-core-1.15.0.jar:/home/varnel/.m2/repository/org/hdrhistogram/HdrHistogram/2.2.2/HdrHistogram-2.2.2.jar:/home/varnel/.m2/repository/org/latencyutils/LatencyUtils/2.0.3/LatencyUtils-2.0.3.jar:/home/varnel/.m2/repository/org/springframework/boot/spring-boot-starter-security/3.5.0/spring-boot-starter-security-3.5.0.jar:/home/varnel/.m2/repository/org/springframework/spring-aop/6.2.7/spring-aop-6.2.7.jar:/home/varnel/.m2/repository/org/springframework/spring-beans/6.2.7/spring-beans-6.2.7.jar:/home/varnel/.m2/repository/org/springframework/security/spring-security-config/6.5.0/spring-security-config-6.5.0.jar:/home/varnel/.m2/repository/org/springframework/security/spring-security-core/6.5.0/spring-security-core-6.5.0.jar:/home/varnel/.m2/repository/org/springframework/security/spring-security-crypto/6.5.0/spring-security-crypto-6.5.0.jar:/home/varnel/.m2/repository/org/springframework/security/spring-security-web/6.5.0/spring-security-web-6.5.0.jar:/home/varnel/.m2/repository/org/springframework/spring-expression/6.2.7/spring-expression-6.2.7.jar:/home/varnel/.m2/repository/org/springframework/boot/spring-boot-starter-webflux/3.5.0/spring-boot-starter-webflux-3.5.0.jar:/home/varnel/.m2/repository/org/springframework/boot/spring-boot-starter-json/3.5.0/spring-boot-starter-json-3.5.0.jar:/home/varnel/.m2/repository/com/fasterxml/jackson/datatype/jackson-datatype-jdk8/2.19.0/jackson-datatype-jdk8-2.19.0.jar:/home/varnel/.m2/repository/com/fasterxml/jackson/module/jackson-module-parameter-names/2.19.0/jackson-module-parameter-names-2.19.0.jar:/home/varnel/.m2/repository/org/springframework/boot/spring-boot-starter-reactor-netty/3.5.0/spring-boot-starter-reactor-netty-3.5.0.jar:/home/varnel/.m2/repository/io/projectreactor/netty/reactor-netty-http/1.2.6/reactor-netty-http-1.2.6.jar:/home/varnel/.m2/repository/io/netty/netty-codec-http/4.1.121.Final/netty-codec-http-4.1.121.Final.jar:/home/varnel/.m2/repository/io/netty/netty-codec-http2/4.1.121.Final/netty-codec-http2-4.1.121.Final.jar:/home/varnel/.m2/repository/org/springframework/spring-web/6.2.7/spring-web-6.2.7.jar:/home/varnel/.m2/repository/org/springframework/spring-webflux/6.2.7/spring-webflux-6.2.7.jar:/home/varnel/.m2/repository/org/springframework/boot/spring-boot-starter-data-r2dbc/3.5.0/spring-boot-starter-data-r2dbc-3.5.0.jar:/home/varnel/.m2/repository/org/springframework/data/spring-data-r2dbc/3.5.0/spring-data-r2dbc-3.5.0.jar:/home/varnel/.m2/repository/org/springframework/data/spring-data-relational/3.5.0/spring-data-relational-3.5.0.jar:/home/varnel/.m2/repository/org/springframework/data/spring-data-commons/3.5.0/spring-data-commons-3.5.0.jar:/home/varnel/.m2/repository/org/springframework/spring-jdbc/6.2.7/spring-jdbc-6.2.7.jar:/home/varnel/.m2/repository/org/springframework/spring-r2dbc/6.2.7/spring-r2dbc-6.2.7.jar:/home/varnel/.m2/repository/org/postgresql/r2dbc-postgresql/1.0.7.RELEASE/r2dbc-postgresql-1.0.7.RELEASE.jar:/home/varnel/.m2/repository/com/ongres/scram/client/2.1/client-2.1.jar:/home/varnel/.m2/repository/com/ongres/scram/common/2.1/common-2.1.jar:/home/varnel/.m2/repository/com/ongres/stringprep/saslprep/1.1/saslprep-1.1.jar:/home/varnel/.m2/repository/com/ongres/stringprep/stringprep/1.1/stringprep-1.1.jar:/home/varnel/.m2/repository/io/projectreactor/reactor-core/3.7.6/reactor-core-3.7.6.jar:/home/varnel/.m2/repository/io/projectreactor/netty/reactor-netty-core/1.2.6/reactor-netty-core-1.2.6.jar:/home/varnel/.m2/repository/io/netty/netty-handler/4.1.121.Final/netty-handler-4.1.121.Final.jar:/home/varnel/.m2/repository/io/netty/netty-common/4.1.121.Final/netty-common-4.1.121.Final.jar:/home/varnel/.m2/repository/io/netty/netty-resolver/4.1.121.Final/netty-resolver-4.1.121.Final.jar:/home/varnel/.m2/repository/io/netty/netty-buffer/4.1.121.Final/netty-buffer-4.1.121.Final.jar:/home/varnel/.m2/repository/io/netty/netty-transport/4.1.121.Final/netty-transport-4.1.121.Final.jar:/home/varnel/.m2/repository/io/netty/netty-transport-native-unix-common/4.1.121.Final/netty-transport-native-unix-common-4.1.121.Final.jar:/home/varnel/.m2/repository/io/netty/netty-codec/4.1.121.Final/netty-codec-4.1.121.Final.jar:/home/varnel/.m2/repository/io/netty/netty-handler-proxy/4.1.121.Final/netty-handler-proxy-4.1.121.Final.jar:/home/varnel/.m2/repository/io/netty/netty-codec-socks/4.1.121.Final/netty-codec-socks-4.1.121.Final.jar:/home/varnel/.m2/repository/io/netty/netty-resolver-dns/4.1.121.Final/netty-resolver-dns-4.1.121.Final.jar:/home/varnel/.m2/repository/io/netty/netty-codec-dns/4.1.121.Final/netty-codec-dns-4.1.121.Final.jar:/home/varnel/.m2/repository/io/netty/netty-resolver-dns-native-macos/4.1.121.Final/netty-resolver-dns-native-macos-4.1.121.Final-osx-x86_64.jar:/home/varnel/.m2/repository/io/netty/netty-resolver-dns-classes-macos/4.1.121.Final/netty-resolver-dns-classes-macos-4.1.121.Final.jar:/home/varnel/.m2/repository/io/netty/netty-transport-native-epoll/4.1.121.Final/netty-transport-native-epoll-4.1.121.Final-linux-x86_64.jar:/home/varnel/.m2/repository/io/netty/netty-transport-classes-epoll/4.1.121.Final/netty-transport-classes-epoll-4.1.121.Final.jar:/home/varnel/.m2/repository/net/postgis/postgis-jdbc/2.5.0/postgis-jdbc-2.5.0.jar:/home/varnel/.m2/repository/net/postgis/postgis-geometry/2.5.0/postgis-geometry-2.5.0.jar:/home/varnel/.m2/repository/org/slf4j/slf4j-api/2.0.17/slf4j-api-2.0.17.jar:/home/varnel/.m2/repository/org/postgresql/postgresql/42.7.5/postgresql-42.7.5.jar:/home/varnel/.m2/repository/org/checkerframework/checker-qual/3.48.3/checker-qual-3.48.3.jar:/home/varnel/.m2/repository/io/r2dbc/r2dbc-pool/1.0.2.RELEASE/r2dbc-pool-1.0.2.RELEASE.jar:/home/varnel/.m2/repository/io/projectreactor/addons/reactor-pool/1.1.2/reactor-pool-1.1.2.jar:/home/varnel/.m2/repository/io/r2dbc/r2dbc-spi/1.0.0.RELEASE/r2dbc-spi-1.0.0.RELEASE.jar:/home/varnel/.m2/repository/org/reactivestreams/reactive-streams/1.0.4/reactive-streams-1.0.4.jar:/home/varnel/.m2/repository/com/fasterxml/jackson/core/jackson-databind/2.19.0/jackson-databind-2.19.0.jar:/home/varnel/.m2/repository/com/fasterxml/jackson/core/jackson-annotations/2.19.0/jackson-annotations-2.19.0.jar:/home/varnel/.m2/repository/com/fasterxml/jackson/core/jackson-core/2.19.0/jackson-core-2.19.0.jar:/home/varnel/.m2/repository/com/fasterxml/jackson/datatype/jackson-datatype-jsr310/2.19.0/jackson-datatype-jsr310-2.19.0.jar:/home/varnel/.m2/repository/org/springframework/boot/spring-boot-starter-validation/3.5.0/spring-boot-starter-validation-3.5.0.jar:/home/varnel/.m2/repository/org/apache/tomcat/embed/tomcat-embed-el/10.1.41/tomcat-embed-el-10.1.41.jar:/home/varnel/.m2/repository/org/hibernate/validator/hibernate-validator/8.0.2.Final/hibernate-validator-8.0.2.Final.jar:/home/varnel/.m2/repository/jakarta/validation/jakarta.validation-api/3.0.2/jakarta.validation-api-3.0.2.jar:/home/varnel/.m2/repository/org/jboss/logging/jboss-logging/3.6.1.Final/jboss-logging-3.6.1.Final.jar:/home/varnel/.m2/repository/com/fasterxml/classmate/1.7.0/classmate-1.7.0.jar:/home/varnel/.m2/repository/org/springframework/boot/spring-boot-devtools/3.5.0/spring-boot-devtools-3.5.0.jar:/home/varnel/.m2/repository/org/springframework/boot/spring-boot/3.5.0/spring-boot-3.5.0.jar:/home/varnel/.m2/repository/org/springframework/boot/spring-boot-autoconfigure/3.5.0/spring-boot-autoconfigure-3.5.0.jar:/home/varnel/.m2/repository/org/locationtech/jts/jts-core/1.19.0/jts-core-1.19.0.jar:/home/varnel/.m2/repository/org/springframework/boot/spring-boot-starter-websocket/3.5.0/spring-boot-starter-websocket-3.5.0.jar:/home/varnel/.m2/repository/org/springframework/boot/spring-boot-starter-web/3.5.0/spring-boot-starter-web-3.5.0.jar:/home/varnel/.m2/repository/org/springframework/boot/spring-boot-starter-tomcat/3.5.0/spring-boot-starter-tomcat-3.5.0.jar:/home/varnel/.m2/repository/org/apache/tomcat/embed/tomcat-embed-core/10.1.41/tomcat-embed-core-10.1.41.jar:/home/varnel/.m2/repository/org/apache/tomcat/embed/tomcat-embed-websocket/10.1.41/tomcat-embed-websocket-10.1.41.jar:/home/varnel/.m2/repository/org/springframework/spring-webmvc/6.2.7/spring-webmvc-6.2.7.jar:/home/varnel/.m2/repository/org/springframework/spring-messaging/6.2.7/spring-messaging-6.2.7.jar:/home/varnel/.m2/repository/org/springframework/spring-websocket/6.2.7/spring-websocket-6.2.7.jar:/home/varnel/.m2/repository/org/projectlombok/lombok/1.18.32/lombok-1.18.32.jar:/home/varnel/.m2/repository/org/mapstruct/mapstruct/1.5.5.Final/mapstruct-1.5.5.Final.jar:/home/varnel/.m2/repository/org/mapstruct/mapstruct-processor/1.5.5.Final/mapstruct-processor-1.5.5.Final.jar:/home/varnel/.m2/repository/org/springframework/boot/spring-boot-starter-test/3.5.0/spring-boot-starter-test-3.5.0.jar:/home/varnel/.m2/repository/org/springframework/boot/spring-boot-test/3.5.0/spring-boot-test-3.5.0.jar:/home/varnel/.m2/repository/org/springframework/boot/spring-boot-test-autoconfigure/3.5.0/spring-boot-test-autoconfigure-3.5.0.jar:/home/varnel/.m2/repository/com/jayway/jsonpath/json-path/2.9.0/json-path-2.9.0.jar:/home/varnel/.m2/repository/jakarta/xml/bind/jakarta.xml.bind-api/4.0.2/jakarta.xml.bind-api-4.0.2.jar:/home/varnel/.m2/repository/jakarta/activation/jakarta.activation-api/2.1.3/jakarta.activation-api-2.1.3.jar:/home/varnel/.m2/repository/net/minidev/json-smart/2.5.2/json-smart-2.5.2.jar:/home/varnel/.m2/repository/net/minidev/accessors-smart/2.5.2/accessors-smart-2.5.2.jar:/home/varnel/.m2/repository/org/ow2/asm/asm/9.7.1/asm-9.7.1.jar:/home/varnel/.m2/repository/org/assertj/assertj-core/3.27.3/assertj-core-3.27.3.jar:/home/varnel/.m2/repository/net/bytebuddy/byte-buddy/1.17.5/byte-buddy-1.17.5.jar:/home/varnel/.m2/repository/org/awaitility/awaitility/4.3.0/awaitility-4.3.0.jar:/home/varnel/.m2/repository/org/hamcrest/hamcrest/3.0/hamcrest-3.0.jar:/home/varnel/.m2/repository/org/junit/jupiter/junit-jupiter/5.12.2/junit-jupiter-5.12.2.jar:/home/varnel/.m2/repository/org/junit/jupiter/junit-jupiter-params/5.12.2/junit-jupiter-params-5.12.2.jar:/home/varnel/.m2/repository/org/junit/jupiter/junit-jupiter-engine/5.12.2/junit-jupiter-engine-5.12.2.jar:/home/varnel/.m2/repository/org/mockito/mockito-core/5.17.0/mockito-core-5.17.0.jar:/home/varnel/.m2/repository/net/bytebuddy/byte-buddy-agent/1.17.5/byte-buddy-agent-1.17.5.jar:/home/varnel/.m2/repository/org/objenesis/objenesis/3.3/objenesis-3.3.jar:/home/varnel/.m2/repository/org/mockito/mockito-junit-jupiter/5.17.0/mockito-junit-jupiter-5.17.0.jar:/home/varnel/.m2/repository/org/skyscreamer/jsonassert/1.5.3/jsonassert-1.5.3.jar:/home/varnel/.m2/repository/com/vaadin/external/google/android-json/0.0.20131108.vaadin1/android-json-0.0.20131108.vaadin1.jar:/home/varnel/.m2/repository/org/springframework/spring-core/6.2.7/spring-core-6.2.7.jar:/home/varnel/.m2/repository/org/springframework/spring-jcl/6.2.7/spring-jcl-6.2.7.jar:/home/varnel/.m2/repository/org/springframework/spring-test/6.2.7/spring-test-6.2.7.jar:/home/varnel/.m2/repository/org/xmlunit/xmlunit-core/2.10.1/xmlunit-core-2.10.1.jar:/home/varnel/.m2/repository/io/projectreactor/reactor-test/3.7.6/reactor-test-3.7.6.jar:/home/varnel/.m2/repository/io/r2dbc/r2dbc-h2/1.0.0.RELEASE/r2dbc-h2-1.0.0.RELEASE.jar:/home/varnel/.m2/repository/com/h2database/h2/2.3.232/h2-2.3.232.jar:/home/varnel/.m2/repository/org/springdoc/springdoc-openapi-starter-webflux-ui/2.5.0/springdoc-openapi-starter-webflux-ui-2.5.0.jar:/home/varnel/.m2/repository/org/springdoc/springdoc-openapi-starter-webflux-api/2.5.0/springdoc-openapi-starter-webflux-api-2.5.0.jar:/home/varnel/.m2/repository/org/springdoc/springdoc-openapi-starter-common/2.5.0/springdoc-openapi-starter-common-2.5.0.jar:/home/varnel/.m2/repository/io/swagger/core/v3/swagger-core-jakarta/2.2.21/swagger-core-jakarta-2.2.21.jar:/home/varnel/.m2/repository/org/apache/commons/commons-lang3/3.17.0/commons-lang3-3.17.0.jar:/home/varnel/.m2/repository/io/swagger/core/v3/swagger-annotations-jakarta/2.2.21/swagger-annotations-jakarta-2.2.21.jar:/home/varnel/.m2/repository/io/swagger/core/v3/swagger-models-jakarta/2.2.21/swagger-models-jakarta-2.2.21.jar:/home/varnel/.m2/repository/com/fasterxml/jackson/dataformat/jackson-dataformat-yaml/2.19.0/jackson-dataformat-yaml-2.19.0.jar:/home/varnel/.m2/repository/org/webjars/swagger-ui/5.13.0/swagger-ui-5.13.0.jar:/home/varnel/.m2/repository/org/springframework/kafka/spring-kafka/3.3.6/spring-kafka-3.3.6.jar:/home/varnel/.m2/repository/org/springframework/spring-context/6.2.7/spring-context-6.2.7.jar:/home/varnel/.m2/repository/org/springframework/spring-tx/6.2.7/spring-tx-6.2.7.jar:/home/varnel/.m2/repository/org/springframework/retry/spring-retry/2.0.12/spring-retry-2.0.12.jar:/home/varnel/.m2/repository/org/apache/kafka/kafka-clients/3.9.1/kafka-clients-3.9.1.jar:/home/varnel/.m2/repository/com/github/luben/zstd-jni/1.5.6-4/zstd-jni-1.5.6-4.jar:/home/varnel/.m2/repository/org/lz4/lz4-java/1.8.0/lz4-java-1.8.0.jar:/home/varnel/.m2/repository/org/xerial/snappy/snappy-java/1.1.10.5/snappy-java-1.1.10.5.jar:/home/varnel/.m2/repository/org/springframework/kafka/spring-kafka-test/3.3.6/spring-kafka-test-3.3.6.jar:/home/varnel/.m2/repository/org/apache/zookeeper/zookeeper/3.8.4/zookeeper-3.8.4.jar:/home/varnel/.m2/repository/org/apache/zookeeper/zookeeper-jute/3.8.4/zookeeper-jute-3.8.4.jar:/home/varnel/.m2/repository/org/apache/yetus/audience-annotations/0.12.0/audience-annotations-0.12.0.jar:/home/varnel/.m2/repository/io/netty/netty-transport-native-epoll/4.1.121.Final/netty-transport-native-epoll-4.1.121.Final.jar:/home/varnel/.m2/repository/ch/qos/logback/logback-core/1.5.18/logback-core-1.5.18.jar:/home/varnel/.m2/repository/ch/qos/logback/logback-classic/1.5.18/logback-classic-1.5.18.jar:/home/varnel/.m2/repository/commons-io/commons-io/2.11.0/commons-io-2.11.0.jar:/home/varnel/.m2/repository/org/apache/kafka/kafka-clients/3.9.1/kafka-clients-3.9.1-test.jar:/home/varnel/.m2/repository/org/apache/kafka/kafka-server/3.9.1/kafka-server-3.9.1.jar:/home/varnel/.m2/repository/org/apache/kafka/kafka-storage/3.9.1/kafka-storage-3.9.1.jar:/home/varnel/.m2/repository/com/github/ben-manes/caffeine/caffeine/3.2.0/caffeine-3.2.0.jar:/home/varnel/.m2/repository/org/jspecify/jspecify/1.0.0/jspecify-1.0.0.jar:/home/varnel/.m2/repository/com/google/errorprone/error_prone_annotations/2.36.0/error_prone_annotations-2.36.0.jar:/home/varnel/.m2/repository/org/apache/kafka/kafka-group-coordinator/3.9.1/kafka-group-coordinator-3.9.1.jar:/home/varnel/.m2/repository/org/apache/kafka/kafka-transaction-coordinator/3.9.1/kafka-transaction-coordinator-3.9.1.jar:/home/varnel/.m2/repository/org/apache/kafka/kafka-raft/3.9.1/kafka-raft-3.9.1.jar:/home/varnel/.m2/repository/com/yammer/metrics/metrics-core/2.2.0/metrics-core-2.2.0.jar:/home/varnel/.m2/repository/org/apache/kafka/kafka-metadata/3.9.1/kafka-metadata-3.9.1.jar:/home/varnel/.m2/repository/org/apache/kafka/kafka-server-common/3.9.1/kafka-server-common-3.9.1.jar:/home/varnel/.m2/repository/net/sf/jopt-simple/jopt-simple/5.0.4/jopt-simple-5.0.4.jar:/home/varnel/.m2/repository/org/pcollections/pcollections/4.0.1/pcollections-4.0.1.jar:/home/varnel/.m2/repository/org/apache/kafka/kafka-server-common/3.9.1/kafka-server-common-3.9.1-test.jar:/home/varnel/.m2/repository/org/apache/kafka/kafka-streams-test-utils/3.9.1/kafka-streams-test-utils-3.9.1.jar:/home/varnel/.m2/repository/org/apache/kafka/kafka-streams/3.9.1/kafka-streams-3.9.1.jar:/home/varnel/.m2/repository/org/rocksdb/rocksdbjni/7.9.2/rocksdbjni-7.9.2.jar:/home/varnel/.m2/repository/org/apache/kafka/kafka_2.13/3.9.1/kafka_2.13-3.9.1.jar:/home/varnel/.m2/repository/org/scala-lang/scala-library/2.13.15/scala-library-2.13.15.jar:/home/varnel/.m2/repository/org/apache/kafka/kafka-group-coordinator-api/3.9.1/kafka-group-coordinator-api-3.9.1.jar:/home/varnel/.m2/repository/org/apache/kafka/kafka-storage-api/3.9.1/kafka-storage-api-3.9.1.jar:/home/varnel/.m2/repository/org/apache/kafka/kafka-tools-api/3.9.1/kafka-tools-api-3.9.1.jar:/home/varnel/.m2/repository/net/sourceforge/argparse4j/argparse4j/0.7.0/argparse4j-0.7.0.jar:/home/varnel/.m2/repository/commons-validator/commons-validator/1.7/commons-validator-1.7.jar:/home/varnel/.m2/repository/commons-beanutils/commons-beanutils/1.9.4/commons-beanutils-1.9.4.jar:/home/varnel/.m2/repository/commons-digester/commons-digester/2.1/commons-digester-2.1.jar:/home/varnel/.m2/repository/commons-collections/commons-collections/3.2.2/commons-collections-3.2.2.jar:/home/varnel/.m2/repository/com/fasterxml/jackson/module/jackson-module-scala_2.13/2.19.0/jackson-module-scala_2.13-2.19.0.jar:/home/varnel/.m2/repository/com/thoughtworks/paranamer/paranamer/2.8.3/paranamer-2.8.3.jar:/home/varnel/.m2/repository/com/fasterxml/jackson/dataformat/jackson-dataformat-csv/2.19.0/jackson-dataformat-csv-2.19.0.jar:/home/varnel/.m2/repository/org/bitbucket/b_c/jose4j/0.9.4/jose4j-0.9.4.jar:/home/varnel/.m2/repository/org/scala-lang/modules/scala-collection-compat_2.13/2.10.0/scala-collection-compat_2.13-2.10.0.jar:/home/varnel/.m2/repository/org/scala-lang/modules/scala-java8-compat_2.13/1.0.2/scala-java8-compat_2.13-1.0.2.jar:/home/varnel/.m2/repository/org/scala-lang/scala-reflect/2.13.15/scala-reflect-2.13.15.jar:/home/varnel/.m2/repository/com/typesafe/scala-logging/scala-logging_2.13/3.9.5/scala-logging_2.13-3.9.5.jar:/home/varnel/.m2/repository/io/dropwizard/metrics/metrics-core/4.1.12.1/metrics-core-4.1.12.1.jar:/home/varnel/.m2/repository/commons-cli/commons-cli/1.4/commons-cli-1.4.jar:/home/varnel/.m2/repository/org/apache/kafka/kafka_2.13/3.9.1/kafka_2.13-3.9.1-test.jar:/home/varnel/.m2/repository/org/junit/jupiter/junit-jupiter-api/5.12.2/junit-jupiter-api-5.12.2.jar:/home/varnel/.m2/repository/org/opentest4j/opentest4j/1.3.0/opentest4j-1.3.0.jar:/home/varnel/.m2/repository/org/junit/platform/junit-platform-commons/1.12.2/junit-platform-commons-1.12.2.jar:/home/varnel/.m2/repository/org/apiguardian/apiguardian-api/1.1.2/apiguardian-api-1.1.2.jar:/home/varnel/.m2/repository/org/junit/platform/junit-platform-launcher/1.12.2/junit-platform-launcher-1.12.2.jar:/home/varnel/.m2/repository/org/junit/platform/junit-platform-engine/1.12.2/junit-platform-engine-1.12.2.jar:/home/varnel/.m2/repository/org/springframework/boot/spring-boot-starter-data-elasticsearch/3.5.0/spring-boot-starter-data-elasticsearch-3.5.0.jar:/home/varnel/.m2/repository/org/springframework/data/spring-data-elasticsearch/5.5.0/spring-data-elasticsearch-5.5.0.jar:/home/varnel/.m2/repository/co/elastic/clients/elasticsearch-java/8.18.1/elasticsearch-java-8.18.1.jar:/home/varnel/.m2/repository/com/google/code/findbugs/jsr305/3.0.2/jsr305-3.0.2.jar:/home/varnel/.m2/repository/jakarta/json/jakarta.json-api/2.1.3/jakarta.json-api-2.1.3.jar:/home/varnel/.m2/repository/org/eclipse/parsson/parsson/1.0.5/parsson-1.0.5.jar:/home/varnel/.m2/repository/io/opentelemetry/opentelemetry-api/1.49.0/opentelemetry-api-1.49.0.jar:/home/varnel/.m2/repository/io/opentelemetry/opentelemetry-context/1.49.0/opentelemetry-context-1.49.0.jar:/home/varnel/.m2/repository/org/elasticsearch/client/elasticsearch-rest-client/8.18.1/elasticsearch-rest-client-8.18.1.jar:/home/varnel/.m2/repository/org/apache/httpcomponents/httpclient/4.5.14/httpclient-4.5.14.jar:/home/varnel/.m2/repository/org/apache/httpcomponents/httpcore/4.4.16/httpcore-4.4.16.jar:/home/varnel/.m2/repository/org/apache/httpcomponents/httpasyncclient/4.1.5/httpasyncclient-4.1.5.jar:/home/varnel/.m2/repository/org/apache/httpcomponents/httpcore-nio/4.4.16/httpcore-nio-4.4.16.jar:/home/varnel/.m2/repository/commons-codec/commons-codec/1.18.0/commons-codec-1.18.0.jar:
2025-12-02T02:53:54.828+01:00  INFO 95966 --- [yow_point] [           main] o.a.zookeeper.server.ZooKeeperServer     : Server environment:java.library.path=/usr/java/packages/lib:/usr/lib/x86_64-linux-gnu/jni:/lib/x86_64-linux-gnu:/usr/lib/x86_64-linux-gnu:/usr/lib/jni:/lib:/usr/lib
2025-12-02T02:53:54.828+01:00  INFO 95966 --- [yow_point] [           main] o.a.zookeeper.server.ZooKeeperServer     : Server environment:java.io.tmpdir=/tmp
2025-12-02T02:53:54.829+01:00  INFO 95966 --- [yow_point] [           main] o.a.zookeeper.server.ZooKeeperServer     : Server environment:java.compiler=<NA>
2025-12-02T02:53:54.829+01:00  INFO 95966 --- [yow_point] [           main] o.a.zookeeper.server.ZooKeeperServer     : Server environment:os.name=Linux
2025-12-02T02:53:54.829+01:00  INFO 95966 --- [yow_point] [           main] o.a.zookeeper.server.ZooKeeperServer     : Server environment:os.arch=amd64
2025-12-02T02:53:54.829+01:00  INFO 95966 --- [yow_point] [           main] o.a.zookeeper.server.ZooKeeperServer     : Server environment:os.version=6.14.0-36-generic
2025-12-02T02:53:54.829+01:00  INFO 95966 --- [yow_point] [           main] o.a.zookeeper.server.ZooKeeperServer     : Server environment:user.name=varnel
2025-12-02T02:53:54.830+01:00  INFO 95966 --- [yow_point] [           main] o.a.zookeeper.server.ZooKeeperServer     : Server environment:user.home=/home/varnel
2025-12-02T02:53:54.830+01:00  INFO 95966 --- [yow_point] [           main] o.a.zookeeper.server.ZooKeeperServer     : Server environment:user.dir=/home/varnel/Desktop/New Folder/api_poi
2025-12-02T02:53:54.830+01:00  INFO 95966 --- [yow_point] [           main] o.a.zookeeper.server.ZooKeeperServer     : Server environment:os.memory.free=44MB
2025-12-02T02:53:54.830+01:00  INFO 95966 --- [yow_point] [           main] o.a.zookeeper.server.ZooKeeperServer     : Server environment:os.memory.max=3946MB
2025-12-02T02:53:54.830+01:00  INFO 95966 --- [yow_point] [           main] o.a.zookeeper.server.ZooKeeperServer     : Server environment:os.memory.total=80MB
2025-12-02T02:53:54.831+01:00  INFO 95966 --- [yow_point] [           main] o.a.zookeeper.server.ZooKeeperServer     : zookeeper.enableEagerACLCheck = false
2025-12-02T02:53:54.832+01:00  INFO 95966 --- [yow_point] [           main] o.a.zookeeper.server.ZooKeeperServer     : zookeeper.digest.enabled = true
2025-12-02T02:53:54.833+01:00  INFO 95966 --- [yow_point] [           main] o.a.zookeeper.server.ZooKeeperServer     : zookeeper.closeSessionTxn.enabled = true
2025-12-02T02:53:54.833+01:00  INFO 95966 --- [yow_point] [           main] o.a.zookeeper.server.ZooKeeperServer     : zookeeper.flushDelay = 0 ms
2025-12-02T02:53:54.833+01:00  INFO 95966 --- [yow_point] [           main] o.a.zookeeper.server.ZooKeeperServer     : zookeeper.maxWriteQueuePollTime = 0 ms
2025-12-02T02:53:54.834+01:00  INFO 95966 --- [yow_point] [           main] o.a.zookeeper.server.ZooKeeperServer     : zookeeper.maxBatchSize=1000
2025-12-02T02:53:54.834+01:00  INFO 95966 --- [yow_point] [           main] o.a.zookeeper.server.ZooKeeperServer     : zookeeper.intBufferStartingSizeBytes = 1024
2025-12-02T02:53:54.837+01:00  INFO 95966 --- [yow_point] [           main] o.a.z.server.persistence.FileTxnSnapLog  : zookeeper.snapshot.trust.empty : false
2025-12-02T02:53:54.868+01:00  INFO 95966 --- [yow_point] [           main] o.a.z.server.watch.WatchManagerFactory   : Using org.apache.zookeeper.server.watch.WatchManager as watch manager
2025-12-02T02:53:54.869+01:00  INFO 95966 --- [yow_point] [           main] o.a.z.server.watch.WatchManagerFactory   : Using org.apache.zookeeper.server.watch.WatchManager as watch manager
2025-12-02T02:53:54.870+01:00  INFO 95966 --- [yow_point] [           main] org.apache.zookeeper.server.ZKDatabase   : zookeeper.snapshotSizeFactor = 0.33
2025-12-02T02:53:54.870+01:00  INFO 95966 --- [yow_point] [           main] org.apache.zookeeper.server.ZKDatabase   : zookeeper.commitLogCount=500
2025-12-02T02:53:54.877+01:00  INFO 95966 --- [yow_point] [           main] o.apache.zookeeper.server.BlueThrottle   : Weighed connection throttling is disabled
2025-12-02T02:53:54.881+01:00  INFO 95966 --- [yow_point] [           main] o.a.zookeeper.server.ZooKeeperServer     : minSessionTimeout set to 1600 ms
2025-12-02T02:53:54.882+01:00  INFO 95966 --- [yow_point] [           main] o.a.zookeeper.server.ZooKeeperServer     : maxSessionTimeout set to 16000 ms
2025-12-02T02:53:54.884+01:00  INFO 95966 --- [yow_point] [           main] o.apache.zookeeper.server.ResponseCache  : getData response cache size is initialized with value 400.
2025-12-02T02:53:54.885+01:00  INFO 95966 --- [yow_point] [           main] o.apache.zookeeper.server.ResponseCache  : getChildren response cache size is initialized with value 400.
2025-12-02T02:53:54.887+01:00  INFO 95966 --- [yow_point] [           main] o.a.z.s.u.RequestPathMetricsCollector    : zookeeper.pathStats.slotCapacity = 60
2025-12-02T02:53:54.887+01:00  INFO 95966 --- [yow_point] [           main] o.a.z.s.u.RequestPathMetricsCollector    : zookeeper.pathStats.slotDuration = 15
2025-12-02T02:53:54.887+01:00  INFO 95966 --- [yow_point] [           main] o.a.z.s.u.RequestPathMetricsCollector    : zookeeper.pathStats.maxDepth = 6
2025-12-02T02:53:54.888+01:00  INFO 95966 --- [yow_point] [           main] o.a.z.s.u.RequestPathMetricsCollector    : zookeeper.pathStats.initialDelay = 5
2025-12-02T02:53:54.888+01:00  INFO 95966 --- [yow_point] [           main] o.a.z.s.u.RequestPathMetricsCollector    : zookeeper.pathStats.delay = 5
2025-12-02T02:53:54.889+01:00  INFO 95966 --- [yow_point] [           main] o.a.z.s.u.RequestPathMetricsCollector    : zookeeper.pathStats.enabled = false
2025-12-02T02:53:54.892+01:00  INFO 95966 --- [yow_point] [           main] o.a.zookeeper.server.ZooKeeperServer     : The max bytes for all large requests are set to 104857600
2025-12-02T02:53:54.893+01:00  INFO 95966 --- [yow_point] [           main] o.a.zookeeper.server.ZooKeeperServer     : The large request threshold is set to -1
2025-12-02T02:53:54.894+01:00  INFO 95966 --- [yow_point] [           main] o.a.z.server.AuthenticationHelper        : zookeeper.enforce.auth.enabled = false
2025-12-02T02:53:54.895+01:00  INFO 95966 --- [yow_point] [           main] o.a.z.server.AuthenticationHelper        : zookeeper.enforce.auth.schemes = []
2025-12-02T02:53:54.895+01:00  INFO 95966 --- [yow_point] [           main] o.a.zookeeper.server.ZooKeeperServer     : Created server with tickTime 800 ms minSessionTimeout 1600 ms maxSessionTimeout 16000 ms clientPortListenBacklog -1 datadir /tmp/kafka-17038689541021514418/version-2 snapdir /tmp/kafka-9674444227800440762/version-2
2025-12-02T02:53:54.907+01:00  WARN 95966 --- [yow_point] [           main] o.a.zookeeper.server.ServerCnxnFactory   : maxCnxns is not configured, using default value 0.
2025-12-02T02:53:54.910+01:00  INFO 95966 --- [yow_point] [           main] o.a.z.server.NIOServerCnxnFactory        : Configuring NIO connection handler with 10s sessionless connection timeout, 2 selector thread(s), 16 worker threads, and 64 kB direct buffers.
2025-12-02T02:53:54.922+01:00  INFO 95966 --- [yow_point] [           main] o.a.z.server.NIOServerCnxnFactory        : binding to port /127.0.0.1:0
2025-12-02T02:53:54.948+01:00  INFO 95966 --- [yow_point] [           main] o.a.z.server.persistence.SnapStream      : zookeeper.snapshot.compression.method = CHECKED
2025-12-02T02:53:54.948+01:00  INFO 95966 --- [yow_point] [           main] o.a.z.server.persistence.FileTxnSnapLog  : Snapshotting: 0x0 to /tmp/kafka-9674444227800440762/version-2/snapshot.0
2025-12-02T02:53:54.955+01:00  INFO 95966 --- [yow_point] [           main] org.apache.zookeeper.server.ZKDatabase   : Snapshot loaded in 28 ms, highest zxid is 0x0, digest is 1371985504
2025-12-02T02:53:54.956+01:00  INFO 95966 --- [yow_point] [           main] o.a.z.server.persistence.FileTxnSnapLog  : Snapshotting: 0x0 to /tmp/kafka-9674444227800440762/version-2/snapshot.0
2025-12-02T02:53:54.958+01:00  INFO 95966 --- [yow_point] [           main] o.a.zookeeper.server.ZooKeeperServer     : Snapshot taken in 1 ms
2025-12-02T02:53:54.973+01:00  INFO 95966 --- [yow_point] [0 cport:36319):] o.a.z.server.PrepRequestProcessor        : PrepRequestProcessor (sid:0) started, reconfigEnabled=false
2025-12-02T02:53:54.974+01:00  INFO 95966 --- [yow_point] [           main] o.a.zookeeper.server.RequestThrottler    : zookeeper.request_throttler.shutdownTimeout = 10000 ms
2025-12-02T02:53:55.295+01:00  INFO 95966 --- [yow_point] [           main] kafka.server.KafkaConfig                 : KafkaConfig values: 
	advertised.listeners = null
	alter.config.policy.class.name = null
	alter.log.dirs.replication.quota.window.num = 11
	alter.log.dirs.replication.quota.window.size.seconds = 1
	authorizer.class.name = 
	auto.create.topics.enable = true
	auto.include.jmx.reporter = true
	auto.leader.rebalance.enable = true
	background.threads = 2
	broker.heartbeat.interval.ms = 2000
	broker.id = 0
	broker.id.generation.enable = true
	broker.rack = null
	broker.session.timeout.ms = 9000
	client.quota.callback.class = null
	compression.gzip.level = -1
	compression.lz4.level = 9
	compression.type = producer
	compression.zstd.level = 3
	connection.failed.authentication.delay.ms = 100
	connections.max.idle.ms = 600000
	connections.max.reauth.ms = 0
	control.plane.listener.name = null
	controlled.shutdown.enable = false
	controlled.shutdown.max.retries = 3
	controlled.shutdown.retry.backoff.ms = 100
	controller.listener.names = null
	controller.quorum.append.linger.ms = 25
	controller.quorum.bootstrap.servers = []
	controller.quorum.election.backoff.max.ms = 1000
	controller.quorum.election.timeout.ms = 1000
	controller.quorum.fetch.timeout.ms = 2000
	controller.quorum.request.timeout.ms = 2000
	controller.quorum.retry.backoff.ms = 20
	controller.quorum.voters = []
	controller.quota.window.num = 11
	controller.quota.window.size.seconds = 1
	controller.socket.timeout.ms = 1000
	create.topic.policy.class.name = null
	default.replication.factor = 1
	delegation.token.expiry.check.interval.ms = 3600000
	delegation.token.expiry.time.ms = 86400000
	delegation.token.master.key = null
	delegation.token.max.lifetime.ms = 604800000
	delegation.token.secret.key = null
	delete.records.purgatory.purge.interval.requests = 1
	delete.topic.enable = true
	early.start.listeners = null
	eligible.leader.replicas.enable = false
	fetch.max.bytes = 57671680
	fetch.purgatory.purge.interval.requests = 1000
	group.consumer.assignors = [org.apache.kafka.coordinator.group.assignor.UniformAssignor, org.apache.kafka.coordinator.group.assignor.RangeAssignor]
	group.consumer.heartbeat.interval.ms = 5000
	group.consumer.max.heartbeat.interval.ms = 15000
	group.consumer.max.session.timeout.ms = 60000
	group.consumer.max.size = 2147483647
	group.consumer.migration.policy = disabled
	group.consumer.min.heartbeat.interval.ms = 5000
	group.consumer.min.session.timeout.ms = 45000
	group.consumer.session.timeout.ms = 45000
	group.coordinator.append.linger.ms = 10
	group.coordinator.new.enable = false
	group.coordinator.rebalance.protocols = [classic]
	group.coordinator.threads = 1
	group.initial.rebalance.delay.ms = 0
	group.max.session.timeout.ms = 1800000
	group.max.size = 2147483647
	group.min.session.timeout.ms = 6000
	group.share.delivery.count.limit = 5
	group.share.enable = false
	group.share.heartbeat.interval.ms = 5000
	group.share.max.groups = 10
	group.share.max.heartbeat.interval.ms = 15000
	group.share.max.record.lock.duration.ms = 60000
	group.share.max.session.timeout.ms = 60000
	group.share.max.size = 200
	group.share.min.heartbeat.interval.ms = 5000
	group.share.min.record.lock.duration.ms = 15000
	group.share.min.session.timeout.ms = 45000
	group.share.partition.max.record.locks = 200
	group.share.record.lock.duration.ms = 30000
	group.share.session.timeout.ms = 45000
	initial.broker.registration.timeout.ms = 60000
	inter.broker.listener.name = null
	inter.broker.protocol.version = 3.9-IV0
	kafka.metrics.polling.interval.secs = 10
	kafka.metrics.reporters = []
	leader.imbalance.check.interval.seconds = 300
	leader.imbalance.per.broker.percentage = 10
	listener.security.protocol.map = SASL_SSL:SASL_SSL,PLAINTEXT:PLAINTEXT,SSL:SSL,SASL_PLAINTEXT:SASL_PLAINTEXT
	listeners = PLAINTEXT://localhost:0
	log.cleaner.backoff.ms = 15000
	log.cleaner.dedupe.buffer.size = 2097152
	log.cleaner.delete.retention.ms = 86400000
	log.cleaner.enable = true
	log.cleaner.io.buffer.load.factor = 0.9
	log.cleaner.io.buffer.size = 524288
	log.cleaner.io.max.bytes.per.second = 1.7976931348623157E308
	log.cleaner.max.compaction.lag.ms = 9223372036854775807
	log.cleaner.min.cleanable.ratio = 0.5
	log.cleaner.min.compaction.lag.ms = 0
	log.cleaner.threads = 1
	log.cleanup.policy = [delete]
	log.dir = /tmp/spring.kafka.1c7c2378-a30d-4f5c-b4de-8c0a0c8438e97298467311731449278
	log.dir.failure.timeout.ms = 30000
	log.dirs = null
	log.flush.interval.messages = 9223372036854775807
	log.flush.interval.ms = null
	log.flush.offset.checkpoint.interval.ms = 60000
	log.flush.scheduler.interval.ms = 9223372036854775807
	log.flush.start.offset.checkpoint.interval.ms = 60000
	log.index.interval.bytes = 4096
	log.index.size.max.bytes = 10485760
	log.initial.task.delay.ms = 100
	log.local.retention.bytes = -2
	log.local.retention.ms = -2
	log.message.downconversion.enable = true
	log.message.format.version = 3.0-IV1
	log.message.timestamp.after.max.ms = 9223372036854775807
	log.message.timestamp.before.max.ms = 9223372036854775807
	log.message.timestamp.difference.max.ms = 9223372036854775807
	log.message.timestamp.type = CreateTime
	log.preallocate = false
	log.retention.bytes = -1
	log.retention.check.interval.ms = 300000
	log.retention.hours = 168
	log.retention.minutes = null
	log.retention.ms = null
	log.roll.hours = 168
	log.roll.jitter.hours = 0
	log.roll.jitter.ms = null
	log.roll.ms = null
	log.segment.bytes = 1073741824
	log.segment.delete.delay.ms = 1000
	max.connection.creation.rate = 2147483647
	max.connections = 2147483647
	max.connections.per.ip = 2147483647
	max.connections.per.ip.overrides = 
	max.incremental.fetch.session.cache.slots = 1000
	max.request.partition.size.limit = 2000
	message.max.bytes = 1048588
	metadata.log.dir = null
	metadata.log.max.record.bytes.between.snapshots = 20971520
	metadata.log.max.snapshot.interval.ms = 3600000
	metadata.log.segment.bytes = 1073741824
	metadata.log.segment.min.bytes = 8388608
	metadata.log.segment.ms = 604800000
	metadata.max.idle.interval.ms = 500
	metadata.max.retention.bytes = 104857600
	metadata.max.retention.ms = 604800000
	metric.reporters = []
	metrics.num.samples = 2
	metrics.recording.level = INFO
	metrics.sample.window.ms = 30000
	min.insync.replicas = 1
	node.id = 0
	num.io.threads = 8
	num.network.threads = 2
	num.partitions = 1
	num.recovery.threads.per.data.dir = 1
	num.replica.alter.log.dirs.threads = null
	num.replica.fetchers = 1
	offset.metadata.max.bytes = 4096
	offsets.commit.required.acks = -1
	offsets.commit.timeout.ms = 5000
	offsets.load.buffer.size = 5242880
	offsets.retention.check.interval.ms = 600000
	offsets.retention.minutes = 10080
	offsets.topic.compression.codec = 0
	offsets.topic.num.partitions = 5
	offsets.topic.replication.factor = 1
	offsets.topic.segment.bytes = 104857600
	password.encoder.cipher.algorithm = AES/CBC/PKCS5Padding
	password.encoder.iterations = 4096
	password.encoder.key.length = 128
	password.encoder.keyfactory.algorithm = null
	password.encoder.old.secret = null
	password.encoder.secret = null
	principal.builder.class = class org.apache.kafka.common.security.authenticator.DefaultKafkaPrincipalBuilder
	process.roles = []
	producer.id.expiration.check.interval.ms = 600000
	producer.id.expiration.ms = 86400000
	producer.purgatory.purge.interval.requests = 1000
	queued.max.request.bytes = -1
	queued.max.requests = 500
	quota.window.num = 11
	quota.window.size.seconds = 1
	remote.fetch.max.wait.ms = 500
	remote.log.index.file.cache.total.size.bytes = 1073741824
	remote.log.manager.copier.thread.pool.size = -1
	remote.log.manager.copy.max.bytes.per.second = 9223372036854775807
	remote.log.manager.copy.quota.window.num = 11
	remote.log.manager.copy.quota.window.size.seconds = 1
	remote.log.manager.expiration.thread.pool.size = -1
	remote.log.manager.fetch.max.bytes.per.second = 9223372036854775807
	remote.log.manager.fetch.quota.window.num = 11
	remote.log.manager.fetch.quota.window.size.seconds = 1
	remote.log.manager.task.interval.ms = 30000
	remote.log.manager.task.retry.backoff.max.ms = 30000
	remote.log.manager.task.retry.backoff.ms = 500
	remote.log.manager.task.retry.jitter = 0.2
	remote.log.manager.thread.pool.size = 10
	remote.log.metadata.custom.metadata.max.bytes = 128
	remote.log.metadata.manager.class.name = org.apache.kafka.server.log.remote.metadata.storage.TopicBasedRemoteLogMetadataManager
	remote.log.metadata.manager.class.path = null
	remote.log.metadata.manager.impl.prefix = rlmm.config.
	remote.log.metadata.manager.listener.name = null
	remote.log.reader.max.pending.tasks = 100
	remote.log.reader.threads = 10
	remote.log.storage.manager.class.name = null
	remote.log.storage.manager.class.path = null
	remote.log.storage.manager.impl.prefix = rsm.config.
	remote.log.storage.system.enable = false
	replica.fetch.backoff.ms = 1000
	replica.fetch.max.bytes = 1048576
	replica.fetch.min.bytes = 1
	replica.fetch.response.max.bytes = 10485760
	replica.fetch.wait.max.ms = 500
	replica.high.watermark.checkpoint.interval.ms = 9223372036854775807
	replica.lag.time.max.ms = 30000
	replica.selector.class = null
	replica.socket.receive.buffer.bytes = 65536
	replica.socket.timeout.ms = 1000
	replication.quota.window.num = 11
	replication.quota.window.size.seconds = 1
	request.timeout.ms = 30000
	reserved.broker.max.id = 1000
	sasl.client.callback.handler.class = null
	sasl.enabled.mechanisms = [GSSAPI]
	sasl.jaas.config = null
	sasl.kerberos.kinit.cmd = /usr/bin/kinit
	sasl.kerberos.min.time.before.relogin = 60000
	sasl.kerberos.principal.to.local.rules = [DEFAULT]
	sasl.kerberos.service.name = null
	sasl.kerberos.ticket.renew.jitter = 0.05
	sasl.kerberos.ticket.renew.window.factor = 0.8
	sasl.login.callback.handler.class = null
	sasl.login.class = null
	sasl.login.connect.timeout.ms = null
	sasl.login.read.timeout.ms = null
	sasl.login.refresh.buffer.seconds = 300
	sasl.login.refresh.min.period.seconds = 60
	sasl.login.refresh.window.factor = 0.8
	sasl.login.refresh.window.jitter = 0.05
	sasl.login.retry.backoff.max.ms = 10000
	sasl.login.retry.backoff.ms = 100
	sasl.mechanism.controller.protocol = GSSAPI
	sasl.mechanism.inter.broker.protocol = GSSAPI
	sasl.oauthbearer.clock.skew.seconds = 30
	sasl.oauthbearer.expected.audience = null
	sasl.oauthbearer.expected.issuer = null
	sasl.oauthbearer.jwks.endpoint.refresh.ms = 3600000
	sasl.oauthbearer.jwks.endpoint.retry.backoff.max.ms = 10000
	sasl.oauthbearer.jwks.endpoint.retry.backoff.ms = 100
	sasl.oauthbearer.jwks.endpoint.url = null
	sasl.oauthbearer.scope.claim.name = scope
	sasl.oauthbearer.sub.claim.name = sub
	sasl.oauthbearer.token.endpoint.url = null
	sasl.server.callback.handler.class = null
	sasl.server.max.receive.size = 524288
	security.inter.broker.protocol = PLAINTEXT
	security.providers = null
	server.max.startup.time.ms = 9223372036854775807
	socket.connection.setup.timeout.max.ms = 30000
	socket.connection.setup.timeout.ms = 10000
	socket.listen.backlog.size = 50
	socket.receive.buffer.bytes = 102400
	socket.request.max.bytes = 104857600
	socket.send.buffer.bytes = 102400
	ssl.allow.dn.changes = false
	ssl.allow.san.changes = false
	ssl.cipher.suites = []
	ssl.client.auth = none
	ssl.enabled.protocols = [TLSv1.2, TLSv1.3]
	ssl.endpoint.identification.algorithm = https
	ssl.engine.factory.class = null
	ssl.key.password = null
	ssl.keymanager.algorithm = SunX509
	ssl.keystore.certificate.chain = null
	ssl.keystore.key = null
	ssl.keystore.location = null
	ssl.keystore.password = null
	ssl.keystore.type = JKS
	ssl.principal.mapping.rules = DEFAULT
	ssl.protocol = TLSv1.3
	ssl.provider = null
	ssl.secure.random.implementation = null
	ssl.trustmanager.algorithm = PKIX
	ssl.truststore.certificates = null
	ssl.truststore.location = null
	ssl.truststore.password = null
	ssl.truststore.type = JKS
	telemetry.max.bytes = 1048576
	transaction.abort.timed.out.transaction.cleanup.interval.ms = 10000
	transaction.max.timeout.ms = 900000
	transaction.partition.verification.enable = true
	transaction.remove.expired.transaction.cleanup.interval.ms = 3600000
	transaction.state.log.load.buffer.size = 5242880
	transaction.state.log.min.isr = 2
	transaction.state.log.num.partitions = 50
	transaction.state.log.replication.factor = 1
	transaction.state.log.segment.bytes = 104857600
	transactional.id.expiration.ms = 604800000
	unclean.leader.election.enable = false
	unclean.leader.election.interval.ms = 300000
	unstable.api.versions.enable = true
	unstable.feature.versions.enable = true
	zookeeper.clientCnxnSocket = null
	zookeeper.connect = 127.0.0.1:36319
	zookeeper.connection.timeout.ms = 10000
	zookeeper.max.in.flight.requests = 10
	zookeeper.metadata.migration.enable = false
	zookeeper.metadata.migration.min.batch.size = 200
	zookeeper.session.timeout.ms = 18000
	zookeeper.set.acl = false
	zookeeper.ssl.cipher.suites = null
	zookeeper.ssl.client.enable = false
	zookeeper.ssl.crl.enable = false
	zookeeper.ssl.enabled.protocols = null
	zookeeper.ssl.endpoint.identification.algorithm = HTTPS
	zookeeper.ssl.keystore.location = null
	zookeeper.ssl.keystore.password = null
	zookeeper.ssl.keystore.type = null
	zookeeper.ssl.ocsp.enable = false
	zookeeper.ssl.protocol = TLSv1.2
	zookeeper.ssl.truststore.location = null
	zookeeper.ssl.truststore.password = null
	zookeeper.ssl.truststore.type = null

2025-12-02T02:53:55.379+01:00  INFO 95966 --- [yow_point] [           main] org.apache.zookeeper.common.X509Util     : Setting -D jdk.tls.rejectClientInitiatedRenegotiation=true to disable client-initiated TLS renegotiation
2025-12-02T02:53:55.536+01:00  INFO 95966 --- [yow_point] [           main] kafka.server.KafkaServer                 : starting
2025-12-02T02:53:55.537+01:00  INFO 95966 --- [yow_point] [           main] kafka.server.KafkaServer                 : Connecting to zookeeper on 127.0.0.1:36319
2025-12-02T02:53:55.581+01:00  INFO 95966 --- [yow_point] [           main] kafka.zookeeper.ZooKeeperClient          : [ZooKeeperClient Kafka server] Initializing a new session to 127.0.0.1:36319.
2025-12-02T02:53:55.586+01:00  INFO 95966 --- [yow_point] [           main] org.apache.zookeeper.ZooKeeper           : Client environment:zookeeper.version=3.8.4-9316c2a7a97e1666d8f4593f34dd6fc36ecc436c, built on 2024-02-12 22:16 UTC
2025-12-02T02:53:55.587+01:00  INFO 95966 --- [yow_point] [           main] org.apache.zookeeper.ZooKeeper           : Client environment:host.name=varnel-ThinkBook-15-G2-ITL
2025-12-02T02:53:55.587+01:00  INFO 95966 --- [yow_point] [           main] org.apache.zookeeper.ZooKeeper           : Client environment:java.version=21.0.9
2025-12-02T02:53:55.588+01:00  INFO 95966 --- [yow_point] [           main] org.apache.zookeeper.ZooKeeper           : Client environment:java.vendor=Ubuntu
2025-12-02T02:53:55.588+01:00  INFO 95966 --- [yow_point] [           main] org.apache.zookeeper.ZooKeeper           : Client environment:java.home=/usr/lib/jvm/java-21-openjdk-amd64
2025-12-02T02:53:55.588+01:00  INFO 95966 --- [yow_point] [           main] org.apache.zookeeper.ZooKeeper           : Client environment:java.class.path=/home/varnel/Desktop/New Folder/api_poi/target/test-classes:/home/varnel/Desktop/New Folder/api_poi/target/classes:/home/varnel/.m2/repository/org/testcontainers/junit-jupiter/1.19.3/junit-jupiter-1.19.3.jar:/home/varnel/.m2/repository/org/testcontainers/testcontainers/1.19.3/testcontainers-1.19.3.jar:/home/varnel/.m2/repository/junit/junit/4.13.2/junit-4.13.2.jar:/home/varnel/.m2/repository/org/hamcrest/hamcrest-core/3.0/hamcrest-core-3.0.jar:/home/varnel/.m2/repository/org/apache/commons/commons-compress/1.24.0/commons-compress-1.24.0.jar:/home/varnel/.m2/repository/org/rnorth/duct-tape/duct-tape/1.0.8/duct-tape-1.0.8.jar:/home/varnel/.m2/repository/org/jetbrains/annotations/17.0.0/annotations-17.0.0.jar:/home/varnel/.m2/repository/com/github/docker-java/docker-java-api/3.3.4/docker-java-api-3.3.4.jar:/home/varnel/.m2/repository/com/github/docker-java/docker-java-transport-zerodep/3.3.4/docker-java-transport-zerodep-3.3.4.jar:/home/varnel/.m2/repository/com/github/docker-java/docker-java-transport/3.3.4/docker-java-transport-3.3.4.jar:/home/varnel/.m2/repository/net/java/dev/jna/jna/5.13.0/jna-5.13.0.jar:/home/varnel/.m2/repository/org/testcontainers/postgresql/1.19.3/postgresql-1.19.3.jar:/home/varnel/.m2/repository/org/testcontainers/jdbc/1.19.3/jdbc-1.19.3.jar:/home/varnel/.m2/repository/org/testcontainers/database-commons/1.19.3/database-commons-1.19.3.jar:/home/varnel/.m2/repository/org/springframework/boot/spring-boot-starter-actuator/3.5.0/spring-boot-starter-actuator-3.5.0.jar:/home/varnel/.m2/repository/org/springframework/boot/spring-boot-starter/3.5.0/spring-boot-starter-3.5.0.jar:/home/varnel/.m2/repository/org/springframework/boot/spring-boot-starter-logging/3.5.0/spring-boot-starter-logging-3.5.0.jar:/home/varnel/.m2/repository/org/apache/logging/log4j/log4j-to-slf4j/2.24.3/log4j-to-slf4j-2.24.3.jar:/home/varnel/.m2/repository/org/apache/logging/log4j/log4j-api/2.24.3/log4j-api-2.24.3.jar:/home/varnel/.m2/repository/org/slf4j/jul-to-slf4j/2.0.17/jul-to-slf4j-2.0.17.jar:/home/varnel/.m2/repository/jakarta/annotation/jakarta.annotation-api/2.1.1/jakarta.annotation-api-2.1.1.jar:/home/varnel/.m2/repository/org/yaml/snakeyaml/2.4/snakeyaml-2.4.jar:/home/varnel/.m2/repository/org/springframework/boot/spring-boot-actuator-autoconfigure/3.5.0/spring-boot-actuator-autoconfigure-3.5.0.jar:/home/varnel/.m2/repository/org/springframework/boot/spring-boot-actuator/3.5.0/spring-boot-actuator-3.5.0.jar:/home/varnel/.m2/repository/io/micrometer/micrometer-observation/1.15.0/micrometer-observation-1.15.0.jar:/home/varnel/.m2/repository/io/micrometer/micrometer-commons/1.15.0/micrometer-commons-1.15.0.jar:/home/varnel/.m2/repository/io/micrometer/micrometer-jakarta9/1.15.0/micrometer-jakarta9-1.15.0.jar:/home/varnel/.m2/repository/io/micrometer/micrometer-core/1.15.0/micrometer-core-1.15.0.jar:/home/varnel/.m2/repository/org/hdrhistogram/HdrHistogram/2.2.2/HdrHistogram-2.2.2.jar:/home/varnel/.m2/repository/org/latencyutils/LatencyUtils/2.0.3/LatencyUtils-2.0.3.jar:/home/varnel/.m2/repository/org/springframework/boot/spring-boot-starter-security/3.5.0/spring-boot-starter-security-3.5.0.jar:/home/varnel/.m2/repository/org/springframework/spring-aop/6.2.7/spring-aop-6.2.7.jar:/home/varnel/.m2/repository/org/springframework/spring-beans/6.2.7/spring-beans-6.2.7.jar:/home/varnel/.m2/repository/org/springframework/security/spring-security-config/6.5.0/spring-security-config-6.5.0.jar:/home/varnel/.m2/repository/org/springframework/security/spring-security-core/6.5.0/spring-security-core-6.5.0.jar:/home/varnel/.m2/repository/org/springframework/security/spring-security-crypto/6.5.0/spring-security-crypto-6.5.0.jar:/home/varnel/.m2/repository/org/springframework/security/spring-security-web/6.5.0/spring-security-web-6.5.0.jar:/home/varnel/.m2/repository/org/springframework/spring-expression/6.2.7/spring-expression-6.2.7.jar:/home/varnel/.m2/repository/org/springframework/boot/spring-boot-starter-webflux/3.5.0/spring-boot-starter-webflux-3.5.0.jar:/home/varnel/.m2/repository/org/springframework/boot/spring-boot-starter-json/3.5.0/spring-boot-starter-json-3.5.0.jar:/home/varnel/.m2/repository/com/fasterxml/jackson/datatype/jackson-datatype-jdk8/2.19.0/jackson-datatype-jdk8-2.19.0.jar:/home/varnel/.m2/repository/com/fasterxml/jackson/module/jackson-module-parameter-names/2.19.0/jackson-module-parameter-names-2.19.0.jar:/home/varnel/.m2/repository/org/springframework/boot/spring-boot-starter-reactor-netty/3.5.0/spring-boot-starter-reactor-netty-3.5.0.jar:/home/varnel/.m2/repository/io/projectreactor/netty/reactor-netty-http/1.2.6/reactor-netty-http-1.2.6.jar:/home/varnel/.m2/repository/io/netty/netty-codec-http/4.1.121.Final/netty-codec-http-4.1.121.Final.jar:/home/varnel/.m2/repository/io/netty/netty-codec-http2/4.1.121.Final/netty-codec-http2-4.1.121.Final.jar:/home/varnel/.m2/repository/org/springframework/spring-web/6.2.7/spring-web-6.2.7.jar:/home/varnel/.m2/repository/org/springframework/spring-webflux/6.2.7/spring-webflux-6.2.7.jar:/home/varnel/.m2/repository/org/springframework/boot/spring-boot-starter-data-r2dbc/3.5.0/spring-boot-starter-data-r2dbc-3.5.0.jar:/home/varnel/.m2/repository/org/springframework/data/spring-data-r2dbc/3.5.0/spring-data-r2dbc-3.5.0.jar:/home/varnel/.m2/repository/org/springframework/data/spring-data-relational/3.5.0/spring-data-relational-3.5.0.jar:/home/varnel/.m2/repository/org/springframework/data/spring-data-commons/3.5.0/spring-data-commons-3.5.0.jar:/home/varnel/.m2/repository/org/springframework/spring-jdbc/6.2.7/spring-jdbc-6.2.7.jar:/home/varnel/.m2/repository/org/springframework/spring-r2dbc/6.2.7/spring-r2dbc-6.2.7.jar:/home/varnel/.m2/repository/org/postgresql/r2dbc-postgresql/1.0.7.RELEASE/r2dbc-postgresql-1.0.7.RELEASE.jar:/home/varnel/.m2/repository/com/ongres/scram/client/2.1/client-2.1.jar:/home/varnel/.m2/repository/com/ongres/scram/common/2.1/common-2.1.jar:/home/varnel/.m2/repository/com/ongres/stringprep/saslprep/1.1/saslprep-1.1.jar:/home/varnel/.m2/repository/com/ongres/stringprep/stringprep/1.1/stringprep-1.1.jar:/home/varnel/.m2/repository/io/projectreactor/reactor-core/3.7.6/reactor-core-3.7.6.jar:/home/varnel/.m2/repository/io/projectreactor/netty/reactor-netty-core/1.2.6/reactor-netty-core-1.2.6.jar:/home/varnel/.m2/repository/io/netty/netty-handler/4.1.121.Final/netty-handler-4.1.121.Final.jar:/home/varnel/.m2/repository/io/netty/netty-common/4.1.121.Final/netty-common-4.1.121.Final.jar:/home/varnel/.m2/repository/io/netty/netty-resolver/4.1.121.Final/netty-resolver-4.1.121.Final.jar:/home/varnel/.m2/repository/io/netty/netty-buffer/4.1.121.Final/netty-buffer-4.1.121.Final.jar:/home/varnel/.m2/repository/io/netty/netty-transport/4.1.121.Final/netty-transport-4.1.121.Final.jar:/home/varnel/.m2/repository/io/netty/netty-transport-native-unix-common/4.1.121.Final/netty-transport-native-unix-common-4.1.121.Final.jar:/home/varnel/.m2/repository/io/netty/netty-codec/4.1.121.Final/netty-codec-4.1.121.Final.jar:/home/varnel/.m2/repository/io/netty/netty-handler-proxy/4.1.121.Final/netty-handler-proxy-4.1.121.Final.jar:/home/varnel/.m2/repository/io/netty/netty-codec-socks/4.1.121.Final/netty-codec-socks-4.1.121.Final.jar:/home/varnel/.m2/repository/io/netty/netty-resolver-dns/4.1.121.Final/netty-resolver-dns-4.1.121.Final.jar:/home/varnel/.m2/repository/io/netty/netty-codec-dns/4.1.121.Final/netty-codec-dns-4.1.121.Final.jar:/home/varnel/.m2/repository/io/netty/netty-resolver-dns-native-macos/4.1.121.Final/netty-resolver-dns-native-macos-4.1.121.Final-osx-x86_64.jar:/home/varnel/.m2/repository/io/netty/netty-resolver-dns-classes-macos/4.1.121.Final/netty-resolver-dns-classes-macos-4.1.121.Final.jar:/home/varnel/.m2/repository/io/netty/netty-transport-native-epoll/4.1.121.Final/netty-transport-native-epoll-4.1.121.Final-linux-x86_64.jar:/home/varnel/.m2/repository/io/netty/netty-transport-classes-epoll/4.1.121.Final/netty-transport-classes-epoll-4.1.121.Final.jar:/home/varnel/.m2/repository/net/postgis/postgis-jdbc/2.5.0/postgis-jdbc-2.5.0.jar:/home/varnel/.m2/repository/net/postgis/postgis-geometry/2.5.0/postgis-geometry-2.5.0.jar:/home/varnel/.m2/repository/org/slf4j/slf4j-api/2.0.17/slf4j-api-2.0.17.jar:/home/varnel/.m2/repository/org/postgresql/postgresql/42.7.5/postgresql-42.7.5.jar:/home/varnel/.m2/repository/org/checkerframework/checker-qual/3.48.3/checker-qual-3.48.3.jar:/home/varnel/.m2/repository/io/r2dbc/r2dbc-pool/1.0.2.RELEASE/r2dbc-pool-1.0.2.RELEASE.jar:/home/varnel/.m2/repository/io/projectreactor/addons/reactor-pool/1.1.2/reactor-pool-1.1.2.jar:/home/varnel/.m2/repository/io/r2dbc/r2dbc-spi/1.0.0.RELEASE/r2dbc-spi-1.0.0.RELEASE.jar:/home/varnel/.m2/repository/org/reactivestreams/reactive-streams/1.0.4/reactive-streams-1.0.4.jar:/home/varnel/.m2/repository/com/fasterxml/jackson/core/jackson-databind/2.19.0/jackson-databind-2.19.0.jar:/home/varnel/.m2/repository/com/fasterxml/jackson/core/jackson-annotations/2.19.0/jackson-annotations-2.19.0.jar:/home/varnel/.m2/repository/com/fasterxml/jackson/core/jackson-core/2.19.0/jackson-core-2.19.0.jar:/home/varnel/.m2/repository/com/fasterxml/jackson/datatype/jackson-datatype-jsr310/2.19.0/jackson-datatype-jsr310-2.19.0.jar:/home/varnel/.m2/repository/org/springframework/boot/spring-boot-starter-validation/3.5.0/spring-boot-starter-validation-3.5.0.jar:/home/varnel/.m2/repository/org/apache/tomcat/embed/tomcat-embed-el/10.1.41/tomcat-embed-el-10.1.41.jar:/home/varnel/.m2/repository/org/hibernate/validator/hibernate-validator/8.0.2.Final/hibernate-validator-8.0.2.Final.jar:/home/varnel/.m2/repository/jakarta/validation/jakarta.validation-api/3.0.2/jakarta.validation-api-3.0.2.jar:/home/varnel/.m2/repository/org/jboss/logging/jboss-logging/3.6.1.Final/jboss-logging-3.6.1.Final.jar:/home/varnel/.m2/repository/com/fasterxml/classmate/1.7.0/classmate-1.7.0.jar:/home/varnel/.m2/repository/org/springframework/boot/spring-boot-devtools/3.5.0/spring-boot-devtools-3.5.0.jar:/home/varnel/.m2/repository/org/springframework/boot/spring-boot/3.5.0/spring-boot-3.5.0.jar:/home/varnel/.m2/repository/org/springframework/boot/spring-boot-autoconfigure/3.5.0/spring-boot-autoconfigure-3.5.0.jar:/home/varnel/.m2/repository/org/locationtech/jts/jts-core/1.19.0/jts-core-1.19.0.jar:/home/varnel/.m2/repository/org/springframework/boot/spring-boot-starter-websocket/3.5.0/spring-boot-starter-websocket-3.5.0.jar:/home/varnel/.m2/repository/org/springframework/boot/spring-boot-starter-web/3.5.0/spring-boot-starter-web-3.5.0.jar:/home/varnel/.m2/repository/org/springframework/boot/spring-boot-starter-tomcat/3.5.0/spring-boot-starter-tomcat-3.5.0.jar:/home/varnel/.m2/repository/org/apache/tomcat/embed/tomcat-embed-core/10.1.41/tomcat-embed-core-10.1.41.jar:/home/varnel/.m2/repository/org/apache/tomcat/embed/tomcat-embed-websocket/10.1.41/tomcat-embed-websocket-10.1.41.jar:/home/varnel/.m2/repository/org/springframework/spring-webmvc/6.2.7/spring-webmvc-6.2.7.jar:/home/varnel/.m2/repository/org/springframework/spring-messaging/6.2.7/spring-messaging-6.2.7.jar:/home/varnel/.m2/repository/org/springframework/spring-websocket/6.2.7/spring-websocket-6.2.7.jar:/home/varnel/.m2/repository/org/projectlombok/lombok/1.18.32/lombok-1.18.32.jar:/home/varnel/.m2/repository/org/mapstruct/mapstruct/1.5.5.Final/mapstruct-1.5.5.Final.jar:/home/varnel/.m2/repository/org/mapstruct/mapstruct-processor/1.5.5.Final/mapstruct-processor-1.5.5.Final.jar:/home/varnel/.m2/repository/org/springframework/boot/spring-boot-starter-test/3.5.0/spring-boot-starter-test-3.5.0.jar:/home/varnel/.m2/repository/org/springframework/boot/spring-boot-test/3.5.0/spring-boot-test-3.5.0.jar:/home/varnel/.m2/repository/org/springframework/boot/spring-boot-test-autoconfigure/3.5.0/spring-boot-test-autoconfigure-3.5.0.jar:/home/varnel/.m2/repository/com/jayway/jsonpath/json-path/2.9.0/json-path-2.9.0.jar:/home/varnel/.m2/repository/jakarta/xml/bind/jakarta.xml.bind-api/4.0.2/jakarta.xml.bind-api-4.0.2.jar:/home/varnel/.m2/repository/jakarta/activation/jakarta.activation-api/2.1.3/jakarta.activation-api-2.1.3.jar:/home/varnel/.m2/repository/net/minidev/json-smart/2.5.2/json-smart-2.5.2.jar:/home/varnel/.m2/repository/net/minidev/accessors-smart/2.5.2/accessors-smart-2.5.2.jar:/home/varnel/.m2/repository/org/ow2/asm/asm/9.7.1/asm-9.7.1.jar:/home/varnel/.m2/repository/org/assertj/assertj-core/3.27.3/assertj-core-3.27.3.jar:/home/varnel/.m2/repository/net/bytebuddy/byte-buddy/1.17.5/byte-buddy-1.17.5.jar:/home/varnel/.m2/repository/org/awaitility/awaitility/4.3.0/awaitility-4.3.0.jar:/home/varnel/.m2/repository/org/hamcrest/hamcrest/3.0/hamcrest-3.0.jar:/home/varnel/.m2/repository/org/junit/jupiter/junit-jupiter/5.12.2/junit-jupiter-5.12.2.jar:/home/varnel/.m2/repository/org/junit/jupiter/junit-jupiter-params/5.12.2/junit-jupiter-params-5.12.2.jar:/home/varnel/.m2/repository/org/junit/jupiter/junit-jupiter-engine/5.12.2/junit-jupiter-engine-5.12.2.jar:/home/varnel/.m2/repository/org/mockito/mockito-core/5.17.0/mockito-core-5.17.0.jar:/home/varnel/.m2/repository/net/bytebuddy/byte-buddy-agent/1.17.5/byte-buddy-agent-1.17.5.jar:/home/varnel/.m2/repository/org/objenesis/objenesis/3.3/objenesis-3.3.jar:/home/varnel/.m2/repository/org/mockito/mockito-junit-jupiter/5.17.0/mockito-junit-jupiter-5.17.0.jar:/home/varnel/.m2/repository/org/skyscreamer/jsonassert/1.5.3/jsonassert-1.5.3.jar:/home/varnel/.m2/repository/com/vaadin/external/google/android-json/0.0.20131108.vaadin1/android-json-0.0.20131108.vaadin1.jar:/home/varnel/.m2/repository/org/springframework/spring-core/6.2.7/spring-core-6.2.7.jar:/home/varnel/.m2/repository/org/springframework/spring-jcl/6.2.7/spring-jcl-6.2.7.jar:/home/varnel/.m2/repository/org/springframework/spring-test/6.2.7/spring-test-6.2.7.jar:/home/varnel/.m2/repository/org/xmlunit/xmlunit-core/2.10.1/xmlunit-core-2.10.1.jar:/home/varnel/.m2/repository/io/projectreactor/reactor-test/3.7.6/reactor-test-3.7.6.jar:/home/varnel/.m2/repository/io/r2dbc/r2dbc-h2/1.0.0.RELEASE/r2dbc-h2-1.0.0.RELEASE.jar:/home/varnel/.m2/repository/com/h2database/h2/2.3.232/h2-2.3.232.jar:/home/varnel/.m2/repository/org/springdoc/springdoc-openapi-starter-webflux-ui/2.5.0/springdoc-openapi-starter-webflux-ui-2.5.0.jar:/home/varnel/.m2/repository/org/springdoc/springdoc-openapi-starter-webflux-api/2.5.0/springdoc-openapi-starter-webflux-api-2.5.0.jar:/home/varnel/.m2/repository/org/springdoc/springdoc-openapi-starter-common/2.5.0/springdoc-openapi-starter-common-2.5.0.jar:/home/varnel/.m2/repository/io/swagger/core/v3/swagger-core-jakarta/2.2.21/swagger-core-jakarta-2.2.21.jar:/home/varnel/.m2/repository/org/apache/commons/commons-lang3/3.17.0/commons-lang3-3.17.0.jar:/home/varnel/.m2/repository/io/swagger/core/v3/swagger-annotations-jakarta/2.2.21/swagger-annotations-jakarta-2.2.21.jar:/home/varnel/.m2/repository/io/swagger/core/v3/swagger-models-jakarta/2.2.21/swagger-models-jakarta-2.2.21.jar:/home/varnel/.m2/repository/com/fasterxml/jackson/dataformat/jackson-dataformat-yaml/2.19.0/jackson-dataformat-yaml-2.19.0.jar:/home/varnel/.m2/repository/org/webjars/swagger-ui/5.13.0/swagger-ui-5.13.0.jar:/home/varnel/.m2/repository/org/springframework/kafka/spring-kafka/3.3.6/spring-kafka-3.3.6.jar:/home/varnel/.m2/repository/org/springframework/spring-context/6.2.7/spring-context-6.2.7.jar:/home/varnel/.m2/repository/org/springframework/spring-tx/6.2.7/spring-tx-6.2.7.jar:/home/varnel/.m2/repository/org/springframework/retry/spring-retry/2.0.12/spring-retry-2.0.12.jar:/home/varnel/.m2/repository/org/apache/kafka/kafka-clients/3.9.1/kafka-clients-3.9.1.jar:/home/varnel/.m2/repository/com/github/luben/zstd-jni/1.5.6-4/zstd-jni-1.5.6-4.jar:/home/varnel/.m2/repository/org/lz4/lz4-java/1.8.0/lz4-java-1.8.0.jar:/home/varnel/.m2/repository/org/xerial/snappy/snappy-java/1.1.10.5/snappy-java-1.1.10.5.jar:/home/varnel/.m2/repository/org/springframework/kafka/spring-kafka-test/3.3.6/spring-kafka-test-3.3.6.jar:/home/varnel/.m2/repository/org/apache/zookeeper/zookeeper/3.8.4/zookeeper-3.8.4.jar:/home/varnel/.m2/repository/org/apache/zookeeper/zookeeper-jute/3.8.4/zookeeper-jute-3.8.4.jar:/home/varnel/.m2/repository/org/apache/yetus/audience-annotations/0.12.0/audience-annotations-0.12.0.jar:/home/varnel/.m2/repository/io/netty/netty-transport-native-epoll/4.1.121.Final/netty-transport-native-epoll-4.1.121.Final.jar:/home/varnel/.m2/repository/ch/qos/logback/logback-core/1.5.18/logback-core-1.5.18.jar:/home/varnel/.m2/repository/ch/qos/logback/logback-classic/1.5.18/logback-classic-1.5.18.jar:/home/varnel/.m2/repository/commons-io/commons-io/2.11.0/commons-io-2.11.0.jar:/home/varnel/.m2/repository/org/apache/kafka/kafka-clients/3.9.1/kafka-clients-3.9.1-test.jar:/home/varnel/.m2/repository/org/apache/kafka/kafka-server/3.9.1/kafka-server-3.9.1.jar:/home/varnel/.m2/repository/org/apache/kafka/kafka-storage/3.9.1/kafka-storage-3.9.1.jar:/home/varnel/.m2/repository/com/github/ben-manes/caffeine/caffeine/3.2.0/caffeine-3.2.0.jar:/home/varnel/.m2/repository/org/jspecify/jspecify/1.0.0/jspecify-1.0.0.jar:/home/varnel/.m2/repository/com/google/errorprone/error_prone_annotations/2.36.0/error_prone_annotations-2.36.0.jar:/home/varnel/.m2/repository/org/apache/kafka/kafka-group-coordinator/3.9.1/kafka-group-coordinator-3.9.1.jar:/home/varnel/.m2/repository/org/apache/kafka/kafka-transaction-coordinator/3.9.1/kafka-transaction-coordinator-3.9.1.jar:/home/varnel/.m2/repository/org/apache/kafka/kafka-raft/3.9.1/kafka-raft-3.9.1.jar:/home/varnel/.m2/repository/com/yammer/metrics/metrics-core/2.2.0/metrics-core-2.2.0.jar:/home/varnel/.m2/repository/org/apache/kafka/kafka-metadata/3.9.1/kafka-metadata-3.9.1.jar:/home/varnel/.m2/repository/org/apache/kafka/kafka-server-common/3.9.1/kafka-server-common-3.9.1.jar:/home/varnel/.m2/repository/net/sf/jopt-simple/jopt-simple/5.0.4/jopt-simple-5.0.4.jar:/home/varnel/.m2/repository/org/pcollections/pcollections/4.0.1/pcollections-4.0.1.jar:/home/varnel/.m2/repository/org/apache/kafka/kafka-server-common/3.9.1/kafka-server-common-3.9.1-test.jar:/home/varnel/.m2/repository/org/apache/kafka/kafka-streams-test-utils/3.9.1/kafka-streams-test-utils-3.9.1.jar:/home/varnel/.m2/repository/org/apache/kafka/kafka-streams/3.9.1/kafka-streams-3.9.1.jar:/home/varnel/.m2/repository/org/rocksdb/rocksdbjni/7.9.2/rocksdbjni-7.9.2.jar:/home/varnel/.m2/repository/org/apache/kafka/kafka_2.13/3.9.1/kafka_2.13-3.9.1.jar:/home/varnel/.m2/repository/org/scala-lang/scala-library/2.13.15/scala-library-2.13.15.jar:/home/varnel/.m2/repository/org/apache/kafka/kafka-group-coordinator-api/3.9.1/kafka-group-coordinator-api-3.9.1.jar:/home/varnel/.m2/repository/org/apache/kafka/kafka-storage-api/3.9.1/kafka-storage-api-3.9.1.jar:/home/varnel/.m2/repository/org/apache/kafka/kafka-tools-api/3.9.1/kafka-tools-api-3.9.1.jar:/home/varnel/.m2/repository/net/sourceforge/argparse4j/argparse4j/0.7.0/argparse4j-0.7.0.jar:/home/varnel/.m2/repository/commons-validator/commons-validator/1.7/commons-validator-1.7.jar:/home/varnel/.m2/repository/commons-beanutils/commons-beanutils/1.9.4/commons-beanutils-1.9.4.jar:/home/varnel/.m2/repository/commons-digester/commons-digester/2.1/commons-digester-2.1.jar:/home/varnel/.m2/repository/commons-collections/commons-collections/3.2.2/commons-collections-3.2.2.jar:/home/varnel/.m2/repository/com/fasterxml/jackson/module/jackson-module-scala_2.13/2.19.0/jackson-module-scala_2.13-2.19.0.jar:/home/varnel/.m2/repository/com/thoughtworks/paranamer/paranamer/2.8.3/paranamer-2.8.3.jar:/home/varnel/.m2/repository/com/fasterxml/jackson/dataformat/jackson-dataformat-csv/2.19.0/jackson-dataformat-csv-2.19.0.jar:/home/varnel/.m2/repository/org/bitbucket/b_c/jose4j/0.9.4/jose4j-0.9.4.jar:/home/varnel/.m2/repository/org/scala-lang/modules/scala-collection-compat_2.13/2.10.0/scala-collection-compat_2.13-2.10.0.jar:/home/varnel/.m2/repository/org/scala-lang/modules/scala-java8-compat_2.13/1.0.2/scala-java8-compat_2.13-1.0.2.jar:/home/varnel/.m2/repository/org/scala-lang/scala-reflect/2.13.15/scala-reflect-2.13.15.jar:/home/varnel/.m2/repository/com/typesafe/scala-logging/scala-logging_2.13/3.9.5/scala-logging_2.13-3.9.5.jar:/home/varnel/.m2/repository/io/dropwizard/metrics/metrics-core/4.1.12.1/metrics-core-4.1.12.1.jar:/home/varnel/.m2/repository/commons-cli/commons-cli/1.4/commons-cli-1.4.jar:/home/varnel/.m2/repository/org/apache/kafka/kafka_2.13/3.9.1/kafka_2.13-3.9.1-test.jar:/home/varnel/.m2/repository/org/junit/jupiter/junit-jupiter-api/5.12.2/junit-jupiter-api-5.12.2.jar:/home/varnel/.m2/repository/org/opentest4j/opentest4j/1.3.0/opentest4j-1.3.0.jar:/home/varnel/.m2/repository/org/junit/platform/junit-platform-commons/1.12.2/junit-platform-commons-1.12.2.jar:/home/varnel/.m2/repository/org/apiguardian/apiguardian-api/1.1.2/apiguardian-api-1.1.2.jar:/home/varnel/.m2/repository/org/junit/platform/junit-platform-launcher/1.12.2/junit-platform-launcher-1.12.2.jar:/home/varnel/.m2/repository/org/junit/platform/junit-platform-engine/1.12.2/junit-platform-engine-1.12.2.jar:/home/varnel/.m2/repository/org/springframework/boot/spring-boot-starter-data-elasticsearch/3.5.0/spring-boot-starter-data-elasticsearch-3.5.0.jar:/home/varnel/.m2/repository/org/springframework/data/spring-data-elasticsearch/5.5.0/spring-data-elasticsearch-5.5.0.jar:/home/varnel/.m2/repository/co/elastic/clients/elasticsearch-java/8.18.1/elasticsearch-java-8.18.1.jar:/home/varnel/.m2/repository/com/google/code/findbugs/jsr305/3.0.2/jsr305-3.0.2.jar:/home/varnel/.m2/repository/jakarta/json/jakarta.json-api/2.1.3/jakarta.json-api-2.1.3.jar:/home/varnel/.m2/repository/org/eclipse/parsson/parsson/1.0.5/parsson-1.0.5.jar:/home/varnel/.m2/repository/io/opentelemetry/opentelemetry-api/1.49.0/opentelemetry-api-1.49.0.jar:/home/varnel/.m2/repository/io/opentelemetry/opentelemetry-context/1.49.0/opentelemetry-context-1.49.0.jar:/home/varnel/.m2/repository/org/elasticsearch/client/elasticsearch-rest-client/8.18.1/elasticsearch-rest-client-8.18.1.jar:/home/varnel/.m2/repository/org/apache/httpcomponents/httpclient/4.5.14/httpclient-4.5.14.jar:/home/varnel/.m2/repository/org/apache/httpcomponents/httpcore/4.4.16/httpcore-4.4.16.jar:/home/varnel/.m2/repository/org/apache/httpcomponents/httpasyncclient/4.1.5/httpasyncclient-4.1.5.jar:/home/varnel/.m2/repository/org/apache/httpcomponents/httpcore-nio/4.4.16/httpcore-nio-4.4.16.jar:/home/varnel/.m2/repository/commons-codec/commons-codec/1.18.0/commons-codec-1.18.0.jar:
2025-12-02T02:53:55.594+01:00  INFO 95966 --- [yow_point] [           main] org.apache.zookeeper.ZooKeeper           : Client environment:java.library.path=/usr/java/packages/lib:/usr/lib/x86_64-linux-gnu/jni:/lib/x86_64-linux-gnu:/usr/lib/x86_64-linux-gnu:/usr/lib/jni:/lib:/usr/lib
2025-12-02T02:53:55.595+01:00  INFO 95966 --- [yow_point] [           main] org.apache.zookeeper.ZooKeeper           : Client environment:java.io.tmpdir=/tmp
2025-12-02T02:53:55.595+01:00  INFO 95966 --- [yow_point] [           main] org.apache.zookeeper.ZooKeeper           : Client environment:java.compiler=<NA>
2025-12-02T02:53:55.595+01:00  INFO 95966 --- [yow_point] [           main] org.apache.zookeeper.ZooKeeper           : Client environment:os.name=Linux
2025-12-02T02:53:55.595+01:00  INFO 95966 --- [yow_point] [           main] org.apache.zookeeper.ZooKeeper           : Client environment:os.arch=amd64
2025-12-02T02:53:55.595+01:00  INFO 95966 --- [yow_point] [           main] org.apache.zookeeper.ZooKeeper           : Client environment:os.version=6.14.0-36-generic
2025-12-02T02:53:55.595+01:00  INFO 95966 --- [yow_point] [           main] org.apache.zookeeper.ZooKeeper           : Client environment:user.name=varnel
2025-12-02T02:53:55.595+01:00  INFO 95966 --- [yow_point] [           main] org.apache.zookeeper.ZooKeeper           : Client environment:user.home=/home/varnel
2025-12-02T02:53:55.596+01:00  INFO 95966 --- [yow_point] [           main] org.apache.zookeeper.ZooKeeper           : Client environment:user.dir=/home/varnel/Desktop/New Folder/api_poi
2025-12-02T02:53:55.596+01:00  INFO 95966 --- [yow_point] [           main] org.apache.zookeeper.ZooKeeper           : Client environment:os.memory.free=2MB
2025-12-02T02:53:55.596+01:00  INFO 95966 --- [yow_point] [           main] org.apache.zookeeper.ZooKeeper           : Client environment:os.memory.max=3946MB
2025-12-02T02:53:55.596+01:00  INFO 95966 --- [yow_point] [           main] org.apache.zookeeper.ZooKeeper           : Client environment:os.memory.total=80MB
2025-12-02T02:53:55.600+01:00  INFO 95966 --- [yow_point] [           main] org.apache.zookeeper.ZooKeeper           : Initiating client connection, connectString=127.0.0.1:36319 sessionTimeout=18000 watcher=kafka.zookeeper.ZooKeeperClient$ZooKeeperClientWatcher$@617389a
2025-12-02T02:53:55.603+01:00  INFO 95966 --- [yow_point] [           main] org.apache.zookeeper.ClientCnxnSocket    : jute.maxbuffer value is 4194304 Bytes
2025-12-02T02:53:55.611+01:00  INFO 95966 --- [yow_point] [           main] org.apache.zookeeper.ClientCnxn          : zookeeper.request.timeout value is 0. feature enabled=false
2025-12-02T02:53:55.625+01:00  INFO 95966 --- [yow_point] [27.0.0.1:36319)] org.apache.zookeeper.ClientCnxn          : Opening socket connection to server /127.0.0.1:36319.
2025-12-02T02:53:55.627+01:00  INFO 95966 --- [yow_point] [           main] kafka.zookeeper.ZooKeeperClient          : [ZooKeeperClient Kafka server] Waiting until connected.
2025-12-02T02:53:55.628+01:00  INFO 95966 --- [yow_point] [27.0.0.1:36319)] org.apache.zookeeper.ClientCnxn          : Socket connection established, initiating session, client: /127.0.0.1:42464, server: /127.0.0.1:36319
2025-12-02T02:53:55.640+01:00  INFO 95966 --- [yow_point] [   SyncThread:0] o.a.z.server.persistence.FileTxnLog      : Creating new log file: log.1
2025-12-02T02:53:55.645+01:00  INFO 95966 --- [yow_point] [   SyncThread:0] o.a.zookeeper.audit.ZKAuditProvider      : ZooKeeper audit is disabled.
2025-12-02T02:53:55.661+01:00  INFO 95966 --- [yow_point] [27.0.0.1:36319)] org.apache.zookeeper.ClientCnxn          : Session establishment complete on server /127.0.0.1:36319, session id = 0x10000df9d4e0000, negotiated timeout = 16000
2025-12-02T02:53:55.666+01:00  INFO 95966 --- [yow_point] [           main] kafka.zookeeper.ZooKeeperClient          : [ZooKeeperClient Kafka server] Connected.
2025-12-02T02:53:55.886+01:00  INFO 95966 --- [yow_point] [           main] kafka.server.KafkaServer                 : Cluster ID = bJbmLscnR9OIGhfKiutVrQ
2025-12-02T02:53:55.956+01:00  INFO 95966 --- [yow_point] [           main] kafka.server.KafkaConfig                 : KafkaConfig values: 
	advertised.listeners = null
	alter.config.policy.class.name = null
	alter.log.dirs.replication.quota.window.num = 11
	alter.log.dirs.replication.quota.window.size.seconds = 1
	authorizer.class.name = 
	auto.create.topics.enable = true
	auto.include.jmx.reporter = true
	auto.leader.rebalance.enable = true
	background.threads = 2
	broker.heartbeat.interval.ms = 2000
	broker.id = 0
	broker.id.generation.enable = true
	broker.rack = null
	broker.session.timeout.ms = 9000
	client.quota.callback.class = null
	compression.gzip.level = -1
	compression.lz4.level = 9
	compression.type = producer
	compression.zstd.level = 3
	connection.failed.authentication.delay.ms = 100
	connections.max.idle.ms = 600000
	connections.max.reauth.ms = 0
	control.plane.listener.name = null
	controlled.shutdown.enable = false
	controlled.shutdown.max.retries = 3
	controlled.shutdown.retry.backoff.ms = 100
	controller.listener.names = null
	controller.quorum.append.linger.ms = 25
	controller.quorum.bootstrap.servers = []
	controller.quorum.election.backoff.max.ms = 1000
	controller.quorum.election.timeout.ms = 1000
	controller.quorum.fetch.timeout.ms = 2000
	controller.quorum.request.timeout.ms = 2000
	controller.quorum.retry.backoff.ms = 20
	controller.quorum.voters = []
	controller.quota.window.num = 11
	controller.quota.window.size.seconds = 1
	controller.socket.timeout.ms = 1000
	create.topic.policy.class.name = null
	default.replication.factor = 1
	delegation.token.expiry.check.interval.ms = 3600000
	delegation.token.expiry.time.ms = 86400000
	delegation.token.master.key = null
	delegation.token.max.lifetime.ms = 604800000
	delegation.token.secret.key = null
	delete.records.purgatory.purge.interval.requests = 1
	delete.topic.enable = true
	early.start.listeners = null
	eligible.leader.replicas.enable = false
	fetch.max.bytes = 57671680
	fetch.purgatory.purge.interval.requests = 1000
	group.consumer.assignors = [org.apache.kafka.coordinator.group.assignor.UniformAssignor, org.apache.kafka.coordinator.group.assignor.RangeAssignor]
	group.consumer.heartbeat.interval.ms = 5000
	group.consumer.max.heartbeat.interval.ms = 15000
	group.consumer.max.session.timeout.ms = 60000
	group.consumer.max.size = 2147483647
	group.consumer.migration.policy = disabled
	group.consumer.min.heartbeat.interval.ms = 5000
	group.consumer.min.session.timeout.ms = 45000
	group.consumer.session.timeout.ms = 45000
	group.coordinator.append.linger.ms = 10
	group.coordinator.new.enable = false
	group.coordinator.rebalance.protocols = [classic]
	group.coordinator.threads = 1
	group.initial.rebalance.delay.ms = 0
	group.max.session.timeout.ms = 1800000
[...]
	ssl.trustmanager.algorithm = PKIX
	ssl.truststore.certificates = null
	ssl.truststore.location = null
	ssl.truststore.password = null
	ssl.truststore.type = JKS
	transaction.timeout.ms = 60000
	transactional.id = null
	value.serializer = class org.springframework.kafka.support.serializer.JsonSerializer

2025-12-02T02:54:08.166+01:00  INFO 95966 --- [yow_point] [           main] o.a.k.c.t.i.KafkaMetricsCollector        : initializing Kafka metrics collector
2025-12-02T02:54:08.182+01:00  INFO 95966 --- [yow_point] [           main] o.a.k.clients.producer.KafkaProducer     : [Producer clientId=yow_point-producer-1] Instantiated an idempotent producer.
2025-12-02T02:54:08.208+01:00  INFO 95966 --- [yow_point] [           main] o.a.kafka.common.utils.AppInfoParser     : Kafka version: 3.9.1
2025-12-02T02:54:08.208+01:00  INFO 95966 --- [yow_point] [           main] o.a.kafka.common.utils.AppInfoParser     : Kafka commitId: f745dfdcee2b9851
2025-12-02T02:54:08.208+01:00  INFO 95966 --- [yow_point] [           main] o.a.kafka.common.utils.AppInfoParser     : Kafka startTimeMs: 1764640448208
2025-12-02T02:54:08.220+01:00  INFO 95966 --- [yow_point] [oint-producer-1] org.apache.kafka.clients.Metadata        : [Producer clientId=yow_point-producer-1] Cluster ID: bJbmLscnR9OIGhfKiutVrQ
2025-12-02T02:54:08.246+01:00  INFO 95966 --- [yow_point] [er-event-thread] kafka.controller.KafkaController         : [Controller id=0] Acquired new producerId block ProducerIdsBlock(assignedBrokerId=0, firstProducerId=0, size=1000) by writing to Zk with path version 1
2025-12-02T02:54:08.259+01:00  INFO 95966 --- [yow_point] [ntainer#3-0-C-1] o.a.k.c.c.internals.ConsumerCoordinator  : [Consumer clientId=consumer-test-group-2, groupId=test-group] Discovered group coordinator localhost:35837 (id: 2147483647 rack: null)
2025-12-02T02:54:08.261+01:00  INFO 95966 --- [yow_point] [ntainer#0-0-C-1] o.a.k.c.c.internals.ConsumerCoordinator  : [Consumer clientId=consumer-yow_point_group-3, groupId=yow_point_group] Discovered group coordinator localhost:35837 (id: 2147483647 rack: null)
2025-12-02T02:54:08.262+01:00  INFO 95966 --- [yow_point] [ntainer#2-0-C-1] o.a.k.c.c.internals.ConsumerCoordinator  : [Consumer clientId=consumer-yow_point_group-1, groupId=yow_point_group] Discovered group coordinator localhost:35837 (id: 2147483647 rack: null)
2025-12-02T02:54:08.263+01:00  INFO 95966 --- [yow_point] [ntainer#3-0-C-1] o.a.k.c.c.internals.ConsumerCoordinator  : [Consumer clientId=consumer-test-group-2, groupId=test-group] (Re-)joining group
2025-12-02T02:54:08.263+01:00  INFO 95966 --- [yow_point] [ntainer#0-0-C-1] o.a.k.c.c.internals.ConsumerCoordinator  : [Consumer clientId=consumer-yow_point_group-3, groupId=yow_point_group] (Re-)joining group
2025-12-02T02:54:08.264+01:00  INFO 95966 --- [yow_point] [ntainer#2-0-C-1] o.a.k.c.c.internals.ConsumerCoordinator  : [Consumer clientId=consumer-yow_point_group-1, groupId=yow_point_group] (Re-)joining group
2025-12-02T02:54:08.302+01:00  INFO 95966 --- [yow_point] [ntainer#1-0-C-1] o.a.k.c.c.internals.ConsumerCoordinator  : [Consumer clientId=consumer-yow_point_group-4, groupId=yow_point_group] Discovered group coordinator localhost:35837 (id: 2147483647 rack: null)
2025-12-02T02:54:08.304+01:00  INFO 95966 --- [yow_point] [ntainer#1-0-C-1] o.a.k.c.c.internals.ConsumerCoordinator  : [Consumer clientId=consumer-yow_point_group-4, groupId=yow_point_group] (Re-)joining group
2025-12-02T02:54:08.315+01:00  INFO 95966 --- [yow_point] [quest-handler-1] k.coordinator.group.GroupCoordinator     : [GroupCoordinator 0]: Dynamic member with unknown member id joins group yow_point_group in Empty state. Created a new member id consumer-yow_point_group-3-bc6077b7-7c7e-4813-bb2f-048fa2e6bdb9 and request the member to rejoin with this id.
2025-12-02T02:54:08.316+01:00  INFO 95966 --- [yow_point] [quest-handler-5] k.coordinator.group.GroupCoordinator     : [GroupCoordinator 0]: Dynamic member with unknown member id joins group test-group in Empty state. Created a new member id consumer-test-group-2-98440ab6-beae-490a-a935-f57af74970ee and request the member to rejoin with this id.
2025-12-02T02:54:08.321+01:00  INFO 95966 --- [yow_point] [quest-handler-2] k.coordinator.group.GroupCoordinator     : [GroupCoordinator 0]: Dynamic member with unknown member id joins group yow_point_group in Empty state. Created a new member id consumer-yow_point_group-1-d469082b-d436-4214-ab81-07ae5d9aaafb and request the member to rejoin with this id.
2025-12-02T02:54:08.322+01:00  INFO 95966 --- [yow_point] [quest-handler-7] k.coordinator.group.GroupCoordinator     : [GroupCoordinator 0]: Dynamic member with unknown member id joins group yow_point_group in Empty state. Created a new member id consumer-yow_point_group-4-761840a9-e46e-4763-9aec-f89fc9676cbf and request the member to rejoin with this id.
2025-12-02T02:54:08.323+01:00  INFO 95966 --- [yow_point] [ntainer#3-0-C-1] o.a.k.c.c.internals.ConsumerCoordinator  : [Consumer clientId=consumer-test-group-2, groupId=test-group] Request joining group due to: need to re-join with the given member-id: consumer-test-group-2-98440ab6-beae-490a-a935-f57af74970ee
2025-12-02T02:54:08.323+01:00  INFO 95966 --- [yow_point] [ntainer#2-0-C-1] o.a.k.c.c.internals.ConsumerCoordinator  : [Consumer clientId=consumer-yow_point_group-1, groupId=yow_point_group] Request joining group due to: need to re-join with the given member-id: consumer-yow_point_group-1-d469082b-d436-4214-ab81-07ae5d9aaafb
2025-12-02T02:54:08.324+01:00  INFO 95966 --- [yow_point] [ntainer#3-0-C-1] o.a.k.c.c.internals.ConsumerCoordinator  : [Consumer clientId=consumer-test-group-2, groupId=test-group] (Re-)joining group
2025-12-02T02:54:08.324+01:00  INFO 95966 --- [yow_point] [ntainer#2-0-C-1] o.a.k.c.c.internals.ConsumerCoordinator  : [Consumer clientId=consumer-yow_point_group-1, groupId=yow_point_group] (Re-)joining group
2025-12-02T02:54:08.323+01:00  INFO 95966 --- [yow_point] [ntainer#0-0-C-1] o.a.k.c.c.internals.ConsumerCoordinator  : [Consumer clientId=consumer-yow_point_group-3, groupId=yow_point_group] Request joining group due to: need to re-join with the given member-id: consumer-yow_point_group-3-bc6077b7-7c7e-4813-bb2f-048fa2e6bdb9
2025-12-02T02:54:08.325+01:00  INFO 95966 --- [yow_point] [ntainer#0-0-C-1] o.a.k.c.c.internals.ConsumerCoordinator  : [Consumer clientId=consumer-yow_point_group-3, groupId=yow_point_group] (Re-)joining group
2025-12-02T02:54:08.324+01:00  INFO 95966 --- [yow_point] [ntainer#1-0-C-1] o.a.k.c.c.internals.ConsumerCoordinator  : [Consumer clientId=consumer-yow_point_group-4, groupId=yow_point_group] Request joining group due to: need to re-join with the given member-id: consumer-yow_point_group-4-761840a9-e46e-4763-9aec-f89fc9676cbf
2025-12-02T02:54:08.326+01:00  INFO 95966 --- [yow_point] [ntainer#1-0-C-1] o.a.k.c.c.internals.ConsumerCoordinator  : [Consumer clientId=consumer-yow_point_group-4, groupId=yow_point_group] (Re-)joining group
2025-12-02T02:54:08.334+01:00  INFO 95966 --- [yow_point] [quest-handler-4] k.coordinator.group.GroupCoordinator     : [GroupCoordinator 0]: Preparing to rebalance group test-group in state PreparingRebalance with old generation 0 (__consumer_offsets-2) (reason: Adding new member consumer-test-group-2-98440ab6-beae-490a-a935-f57af74970ee with group instance id None; client reason: need to re-join with the given member-id: consumer-test-group-2-98440ab6-beae-490a-a935-f57af74970ee)
2025-12-02T02:54:08.334+01:00  INFO 95966 --- [yow_point] [quest-handler-0] k.coordinator.group.GroupCoordinator     : [GroupCoordinator 0]: Preparing to rebalance group yow_point_group in state PreparingRebalance with old generation 0 (__consumer_offsets-4) (reason: Adding new member consumer-yow_point_group-1-d469082b-d436-4214-ab81-07ae5d9aaafb with group instance id None; client reason: need to re-join with the given member-id: consumer-yow_point_group-1-d469082b-d436-4214-ab81-07ae5d9aaafb)
2025-12-02T02:54:08.339+01:00  INFO 95966 --- [yow_point] [oint-producer-1] o.a.k.c.p.internals.TransactionManager   : [Producer clientId=yow_point-producer-1] ProducerId set to 0 with epoch 0
2025-12-02T02:54:08.346+01:00  INFO 95966 --- [yow_point] [cutor-Rebalance] k.coordinator.group.GroupCoordinator     : [GroupCoordinator 0]: Stabilized group test-group generation 1 (__consumer_offsets-2) with 1 members
2025-12-02T02:54:08.350+01:00  INFO 95966 --- [yow_point] [ntainer#3-0-C-1] o.a.k.c.c.internals.ConsumerCoordinator  : [Consumer clientId=consumer-test-group-2, groupId=test-group] Successfully joined group with generation Generation{generationId=1, memberId='consumer-test-group-2-98440ab6-beae-490a-a935-f57af74970ee', protocol='range'}
2025-12-02T02:54:08.351+01:00  INFO 95966 --- [yow_point] [cutor-Rebalance] k.coordinator.group.GroupCoordinator     : [GroupCoordinator 0]: Stabilized group yow_point_group generation 1 (__consumer_offsets-4) with 3 members
2025-12-02T02:54:08.353+01:00  INFO 95966 --- [yow_point] [ntainer#1-0-C-1] o.a.k.c.c.internals.ConsumerCoordinator  : [Consumer clientId=consumer-yow_point_group-4, groupId=yow_point_group] Successfully joined group with generation Generation{generationId=1, memberId='consumer-yow_point_group-4-761840a9-e46e-4763-9aec-f89fc9676cbf', protocol='range'}
2025-12-02T02:54:08.354+01:00  INFO 95966 --- [yow_point] [ntainer#2-0-C-1] o.a.k.c.c.internals.ConsumerCoordinator  : [Consumer clientId=consumer-yow_point_group-1, groupId=yow_point_group] Successfully joined group with generation Generation{generationId=1, memberId='consumer-yow_point_group-1-d469082b-d436-4214-ab81-07ae5d9aaafb', protocol='range'}
2025-12-02T02:54:08.355+01:00  INFO 95966 --- [yow_point] [ntainer#0-0-C-1] o.a.k.c.c.internals.ConsumerCoordinator  : [Consumer clientId=consumer-yow_point_group-3, groupId=yow_point_group] Successfully joined group with generation Generation{generationId=1, memberId='consumer-yow_point_group-3-bc6077b7-7c7e-4813-bb2f-048fa2e6bdb9', protocol='range'}
2025-12-02T02:54:08.365+01:00  INFO 95966 --- [yow_point] [ntainer#3-0-C-1] o.a.k.c.c.internals.ConsumerCoordinator  : [Consumer clientId=consumer-test-group-2, groupId=test-group] Finished assignment for group at generation 1: {consumer-test-group-2-98440ab6-beae-490a-a935-f57af74970ee=Assignment(partitions=[poi-created-0])}
2025-12-02T02:54:08.365+01:00  INFO 95966 --- [yow_point] [ntainer#2-0-C-1] o.a.k.c.c.internals.ConsumerCoordinator  : [Consumer clientId=consumer-yow_point_group-1, groupId=yow_point_group] Finished assignment for group at generation 1: {consumer-yow_point_group-1-d469082b-d436-4214-ab81-07ae5d9aaafb=Assignment(partitions=[poi-deleted-0]), consumer-yow_point_group-3-bc6077b7-7c7e-4813-bb2f-048fa2e6bdb9=Assignment(partitions=[poi-created-0]), consumer-yow_point_group-4-761840a9-e46e-4763-9aec-f89fc9676cbf=Assignment(partitions=[poi-updated-0])}
2025-12-02T02:54:08.372+01:00  INFO 95966 --- [yow_point] [quest-handler-6] k.coordinator.group.GroupCoordinator     : [GroupCoordinator 0]: Assignment received from leader consumer-yow_point_group-1-d469082b-d436-4214-ab81-07ae5d9aaafb for group yow_point_group for generation 1. The group has 3 members, 0 of which are static.
2025-12-02T02:54:08.372+01:00  INFO 95966 --- [yow_point] [quest-handler-4] k.coordinator.group.GroupCoordinator     : [GroupCoordinator 0]: Assignment received from leader consumer-test-group-2-98440ab6-beae-490a-a935-f57af74970ee for group test-group for generation 1. The group has 1 members, 0 of which are static.
2025-12-02T02:54:08.429+01:00  INFO 95966 --- [yow_point] [ntainer#0-0-C-1] o.a.k.c.c.internals.ConsumerCoordinator  : [Consumer clientId=consumer-yow_point_group-3, groupId=yow_point_group] Successfully synced group in generation Generation{generationId=1, memberId='consumer-yow_point_group-3-bc6077b7-7c7e-4813-bb2f-048fa2e6bdb9', protocol='range'}
2025-12-02T02:54:08.430+01:00  INFO 95966 --- [yow_point] [ntainer#3-0-C-1] o.a.k.c.c.internals.ConsumerCoordinator  : [Consumer clientId=consumer-test-group-2, groupId=test-group] Successfully synced group in generation Generation{generationId=1, memberId='consumer-test-group-2-98440ab6-beae-490a-a935-f57af74970ee', protocol='range'}
2025-12-02T02:54:08.430+01:00  INFO 95966 --- [yow_point] [ntainer#3-0-C-1] o.a.k.c.c.internals.ConsumerCoordinator  : [Consumer clientId=consumer-test-group-2, groupId=test-group] Notifying assignor about the new Assignment(partitions=[poi-created-0])
2025-12-02T02:54:08.431+01:00  INFO 95966 --- [yow_point] [ntainer#0-0-C-1] o.a.k.c.c.internals.ConsumerCoordinator  : [Consumer clientId=consumer-yow_point_group-3, groupId=yow_point_group] Notifying assignor about the new Assignment(partitions=[poi-created-0])
2025-12-02T02:54:08.431+01:00  INFO 95966 --- [yow_point] [ntainer#1-0-C-1] o.a.k.c.c.internals.ConsumerCoordinator  : [Consumer clientId=consumer-yow_point_group-4, groupId=yow_point_group] Successfully synced group in generation Generation{generationId=1, memberId='consumer-yow_point_group-4-761840a9-e46e-4763-9aec-f89fc9676cbf', protocol='range'}
2025-12-02T02:54:08.432+01:00  INFO 95966 --- [yow_point] [ntainer#2-0-C-1] o.a.k.c.c.internals.ConsumerCoordinator  : [Consumer clientId=consumer-yow_point_group-1, groupId=yow_point_group] Successfully synced group in generation Generation{generationId=1, memberId='consumer-yow_point_group-1-d469082b-d436-4214-ab81-07ae5d9aaafb', protocol='range'}
2025-12-02T02:54:08.432+01:00  INFO 95966 --- [yow_point] [ntainer#1-0-C-1] o.a.k.c.c.internals.ConsumerCoordinator  : [Consumer clientId=consumer-yow_point_group-4, groupId=yow_point_group] Notifying assignor about the new Assignment(partitions=[poi-updated-0])
2025-12-02T02:54:08.432+01:00  INFO 95966 --- [yow_point] [ntainer#2-0-C-1] o.a.k.c.c.internals.ConsumerCoordinator  : [Consumer clientId=consumer-yow_point_group-1, groupId=yow_point_group] Notifying assignor about the new Assignment(partitions=[poi-deleted-0])
2025-12-02T02:54:08.435+01:00  INFO 95966 --- [yow_point] [ntainer#3-0-C-1] k.c.c.i.ConsumerRebalanceListenerInvoker : [Consumer clientId=consumer-test-group-2, groupId=test-group] Adding newly assigned partitions: poi-created-0
2025-12-02T02:54:08.435+01:00  INFO 95966 --- [yow_point] [ntainer#2-0-C-1] k.c.c.i.ConsumerRebalanceListenerInvoker : [Consumer clientId=consumer-yow_point_group-1, groupId=yow_point_group] Adding newly assigned partitions: poi-deleted-0
2025-12-02T02:54:08.435+01:00  INFO 95966 --- [yow_point] [ntainer#0-0-C-1] k.c.c.i.ConsumerRebalanceListenerInvoker : [Consumer clientId=consumer-yow_point_group-3, groupId=yow_point_group] Adding newly assigned partitions: poi-created-0
2025-12-02T02:54:08.436+01:00  INFO 95966 --- [yow_point] [ntainer#1-0-C-1] k.c.c.i.ConsumerRebalanceListenerInvoker : [Consumer clientId=consumer-yow_point_group-4, groupId=yow_point_group] Adding newly assigned partitions: poi-updated-0
2025-12-02T02:54:08.456+01:00  INFO 95966 --- [yow_point] [ntainer#2-0-C-1] o.a.k.c.c.internals.ConsumerCoordinator  : [Consumer clientId=consumer-yow_point_group-1, groupId=yow_point_group] Found no committed offset for partition poi-deleted-0
2025-12-02T02:54:08.456+01:00  INFO 95966 --- [yow_point] [ntainer#0-0-C-1] o.a.k.c.c.internals.ConsumerCoordinator  : [Consumer clientId=consumer-yow_point_group-3, groupId=yow_point_group] Found no committed offset for partition poi-created-0
2025-12-02T02:54:08.456+01:00  INFO 95966 --- [yow_point] [ntainer#3-0-C-1] o.a.k.c.c.internals.ConsumerCoordinator  : [Consumer clientId=consumer-test-group-2, groupId=test-group] Found no committed offset for partition poi-created-0
2025-12-02T02:54:08.456+01:00  INFO 95966 --- [yow_point] [ntainer#1-0-C-1] o.a.k.c.c.internals.ConsumerCoordinator  : [Consumer clientId=consumer-yow_point_group-4, groupId=yow_point_group] Found no committed offset for partition poi-updated-0
2025-12-02T02:54:08.463+01:00  INFO 95966 --- [yow_point] [ntainer#3-0-C-1] o.a.k.c.c.internals.ConsumerCoordinator  : [Consumer clientId=consumer-test-group-2, groupId=test-group] Found no committed offset for partition poi-created-0
2025-12-02T02:54:08.463+01:00  INFO 95966 --- [yow_point] [ntainer#1-0-C-1] o.a.k.c.c.internals.ConsumerCoordinator  : [Consumer clientId=consumer-yow_point_group-4, groupId=yow_point_group] Found no committed offset for partition poi-updated-0
2025-12-02T02:54:08.463+01:00  INFO 95966 --- [yow_point] [ntainer#0-0-C-1] o.a.k.c.c.internals.ConsumerCoordinator  : [Consumer clientId=consumer-yow_point_group-3, groupId=yow_point_group] Found no committed offset for partition poi-created-0
2025-12-02T02:54:08.463+01:00  INFO 95966 --- [yow_point] [ntainer#2-0-C-1] o.a.k.c.c.internals.ConsumerCoordinator  : [Consumer clientId=consumer-yow_point_group-1, groupId=yow_point_group] Found no committed offset for partition poi-deleted-0
2025-12-02T02:54:08.490+01:00  INFO 95966 --- [yow_point] [ntainer#2-0-C-1] o.a.k.c.c.internals.SubscriptionState    : [Consumer clientId=consumer-yow_point_group-1, groupId=yow_point_group] Resetting offset for partition poi-deleted-0 to position FetchPosition{offset=0, offsetEpoch=Optional.empty, currentLeader=LeaderAndEpoch{leader=Optional[localhost:35837 (id: 0 rack: null)], epoch=0}}.
2025-12-02T02:54:08.490+01:00  INFO 95966 --- [yow_point] [ntainer#1-0-C-1] o.a.k.c.c.internals.SubscriptionState    : [Consumer clientId=consumer-yow_point_group-4, groupId=yow_point_group] Resetting offset for partition poi-updated-0 to position FetchPosition{offset=0, offsetEpoch=Optional.empty, currentLeader=LeaderAndEpoch{leader=Optional[localhost:35837 (id: 0 rack: null)], epoch=0}}.
2025-12-02T02:54:08.490+01:00  INFO 95966 --- [yow_point] [ntainer#3-0-C-1] o.a.k.c.c.internals.SubscriptionState    : [Consumer clientId=consumer-test-group-2, groupId=test-group] Resetting offset for partition poi-created-0 to position FetchPosition{offset=1, offsetEpoch=Optional.empty, currentLeader=LeaderAndEpoch{leader=Optional[localhost:35837 (id: 0 rack: null)], epoch=0}}.
2025-12-02T02:54:08.490+01:00  INFO 95966 --- [yow_point] [ntainer#0-0-C-1] o.a.k.c.c.internals.SubscriptionState    : [Consumer clientId=consumer-yow_point_group-3, groupId=yow_point_group] Resetting offset for partition poi-created-0 to position FetchPosition{offset=1, offsetEpoch=Optional.empty, currentLeader=LeaderAndEpoch{leader=Optional[localhost:35837 (id: 0 rack: null)], epoch=0}}.
2025-12-02T02:54:08.527+01:00  INFO 95966 --- [yow_point] [ntainer#3-0-C-1] o.s.k.l.KafkaMessageListenerContainer    : test-group: partitions assigned: [poi-created-0]
2025-12-02T02:54:08.527+01:00  INFO 95966 --- [yow_point] [ntainer#0-0-C-1] o.s.k.l.KafkaMessageListenerContainer    : yow_point_group: partitions assigned: [poi-created-0]
2025-12-02T02:54:08.527+01:00  INFO 95966 --- [yow_point] [ntainer#1-0-C-1] o.s.k.l.KafkaMessageListenerContainer    : yow_point_group: partitions assigned: [poi-updated-0]
2025-12-02T02:54:08.528+01:00  INFO 95966 --- [yow_point] [ntainer#2-0-C-1] o.s.k.l.KafkaMessageListenerContainer    : yow_point_group: partitions assigned: [poi-deleted-0]
]]></system-out>
    <system-err><![CDATA[Mockito is currently self-attaching to enable the inline-mock-maker. This will no longer work in future releases of the JDK. Please add Mockito as an agent to your build as described in Mockito's documentation: https://javadoc.io/doc/org.mockito/mockito-core/latest/org.mockito/org/mockito/Mockito.html#0.3
WARNING: A Java agent has been loaded dynamically (/home/varnel/.m2/repository/net/bytebuddy/byte-buddy-agent/1.17.5/byte-buddy-agent-1.17.5.jar)
WARNING: If a serviceability tool is in use, please run with -XX:+EnableDynamicAgentLoading to hide this warning
WARNING: If a serviceability tool is not in use, please run with -Djdk.instrument.traceUsage for more information
WARNING: Dynamic loading of agents will be disallowed by default in a future release
]]></system-err>
  </testcase>
</testsuite>