<?xml version="1.0" encoding="UTF-8"?>
<testsuite xmlns:xsi="http://www.w3.org/2001/XMLSchema-instance" xsi:noNamespaceSchemaLocation="https://maven.apache.org/surefire/maven-surefire-plugin/xsd/surefire-test-report.xsd" version="3.0.2" name="com.poi.yow_point.KafkaIntegrationTest" time="10.183" tests="1" errors="0" skipped="0" failures="0">
  <properties>
[...]
</properties>
  <testcase name="whenCreatePoi_thenMessageSentToKafka" classname="com.poi.yow_point.KafkaIntegrationTest" time="0.539">
    <system-out><![CDATA[11:43:44.243 [main] INFO org.springframework.boot.test.context.SpringBootTestContextBootstrapper -- Found @SpringBootConfiguration com.poi.yow_point.YowPointApplication for test class com.poi.yow_point.KafkaIntegrationTest
11:43:44.384 [main] INFO org.springframework.boot.devtools.restart.RestartApplicationListener -- Restart disabled due to context in which it is running

  .   ____          _            __ _ _
 /\\ / ___'_ __ _ _(_)_ __  __ _ \ \ \ \
( ( )\___ | '_ | '_| | '_ \/ _` | \ \ \ \
 \\/  ___)| |_)| | | | | || (_| |  ) ) ) )
  '  |____| .__|_| |_|_| |_\__, | / / / /
 =========|_|==============|___/=/_/_/_/

 :: Spring Boot ::                (v3.5.0)

2026-01-31T11:43:44.910+01:00  INFO 13083 --- [yow_point] [           main] k.utils.Log4jControllerRegistration$     : Registered kafka:type=kafka.Log4jController MBean
2026-01-31T11:43:44.951+01:00  INFO 13083 --- [yow_point] [           main] o.a.zookeeper.server.ZooKeeperServer     : 
2026-01-31T11:43:44.952+01:00  INFO 13083 --- [yow_point] [           main] o.a.zookeeper.server.ZooKeeperServer     :   ______                  _                                          
2026-01-31T11:43:44.952+01:00  INFO 13083 --- [yow_point] [           main] o.a.zookeeper.server.ZooKeeperServer     :  |___  /                 | |                                         
2026-01-31T11:43:44.952+01:00  INFO 13083 --- [yow_point] [           main] o.a.zookeeper.server.ZooKeeperServer     :     / /    ___     ___   | | __   ___    ___   _ __     ___   _ __   
2026-01-31T11:43:44.952+01:00  INFO 13083 --- [yow_point] [           main] o.a.zookeeper.server.ZooKeeperServer     :    / /    / _ \   / _ \  | |/ /  / _ \  / _ \ | '_ \   / _ \ | '__|
2026-01-31T11:43:44.953+01:00  INFO 13083 --- [yow_point] [           main] o.a.zookeeper.server.ZooKeeperServer     :   / /__  | (_) | | (_) | |   <  |  __/ |  __/ | |_) | |  __/ | |    
2026-01-31T11:43:44.953+01:00  INFO 13083 --- [yow_point] [           main] o.a.zookeeper.server.ZooKeeperServer     :  /_____|  \___/   \___/  |_|\_\  \___|  \___| | .__/   \___| |_|
2026-01-31T11:43:44.953+01:00  INFO 13083 --- [yow_point] [           main] o.a.zookeeper.server.ZooKeeperServer     :                                               | |                     
2026-01-31T11:43:44.953+01:00  INFO 13083 --- [yow_point] [           main] o.a.zookeeper.server.ZooKeeperServer     :                                               |_|                     
2026-01-31T11:43:44.953+01:00  INFO 13083 --- [yow_point] [           main] o.a.zookeeper.server.ZooKeeperServer     : 
2026-01-31T11:43:44.959+01:00  INFO 13083 --- [yow_point] [           main] o.a.zookeeper.server.ZooKeeperServer     : Server environment:zookeeper.version=3.8.4-9316c2a7a97e1666d8f4593f34dd6fc36ecc436c, built on 2024-02-12 22:16 UTC
2026-01-31T11:43:44.959+01:00  INFO 13083 --- [yow_point] [           main] o.a.zookeeper.server.ZooKeeperServer     : Server environment:host.name=varnel-ThinkBook-15-G2-ITL
2026-01-31T11:43:44.960+01:00  INFO 13083 --- [yow_point] [           main] o.a.zookeeper.server.ZooKeeperServer     : Server environment:java.version=21.0.9
2026-01-31T11:43:44.960+01:00  INFO 13083 --- [yow_point] [           main] o.a.zookeeper.server.ZooKeeperServer     : Server environment:java.vendor=Ubuntu
2026-01-31T11:43:44.960+01:00  INFO 13083 --- [yow_point] [           main] o.a.zookeeper.server.ZooKeeperServer     : Server environment:java.home=/usr/lib/jvm/java-21-openjdk-amd64
2026-01-31T11:43:44.960+01:00  INFO 13083 --- [yow_point] [           main] o.a.zookeeper.server.ZooKeeperServer     : Server environment:java.class.path=/home/varnel/poi_navigoo/poi-navigoo-backend/target/test-classes:/home/varnel/poi_navigoo/poi-navigoo-backend/target/classes:/home/varnel/.m2/repository/org/testcontainers/junit-jupiter/1.19.3/junit-jupiter-1.19.3.jar:/home/varnel/.m2/repository/org/testcontainers/testcontainers/1.19.3/testcontainers-1.19.3.jar:/home/varnel/.m2/repository/junit/junit/4.13.2/junit-4.13.2.jar:/home/varnel/.m2/repository/org/hamcrest/hamcrest-core/3.0/hamcrest-core-3.0.jar:/home/varnel/.m2/repository/org/apache/commons/commons-compress/1.24.0/commons-compress-1.24.0.jar:/home/varnel/.m2/repository/org/rnorth/duct-tape/duct-tape/1.0.8/duct-tape-1.0.8.jar:/home/varnel/.m2/repository/org/jetbrains/annotations/17.0.0/annotations-17.0.0.jar:/home/varnel/.m2/repository/com/github/docker-java/docker-java-api/3.3.4/docker-java-api-3.3.4.jar:/home/varnel/.m2/repository/com/github/docker-java/docker-java-transport-zerodep/3.3.4/docker-java-transport-zerodep-3.3.4.jar:/home/varnel/.m2/repository/com/github/docker-java/docker-java-transport/3.3.4/docker-java-transport-3.3.4.jar:/home/varnel/.m2/repository/net/java/dev/jna/jna/5.13.0/jna-5.13.0.jar:/home/varnel/.m2/repository/org/testcontainers/postgresql/1.19.3/postgresql-1.19.3.jar:/home/varnel/.m2/repository/org/testcontainers/jdbc/1.19.3/jdbc-1.19.3.jar:/home/varnel/.m2/repository/org/testcontainers/database-commons/1.19.3/database-commons-1.19.3.jar:/home/varnel/.m2/repository/org/springframework/boot/spring-boot-starter-actuator/3.5.0/spring-boot-starter-actuator-3.5.0.jar:/home/varnel/.m2/repository/org/springframework/boot/spring-boot-starter/3.5.0/spring-boot-starter-3.5.0.jar:/home/varnel/.m2/repository/org/springframework/boot/spring-boot-starter-logging/3.5.0/spring-boot-starter-logging-3.5.0.jar:/home/varnel/.m2/repository/org/apache/logging/log4j/log4j-to-slf4j/2.24.3/log4j-to-slf4j-2.24.3.jar:/home/varnel/.m2/repository/org/apache/logging/log4j/log4j-api/2.24.3/log4j-api-2.24.3.jar:/home/varnel/.m2/repository/org/slf4j/jul-to-slf4j/2.0.17/jul-to-slf4j-2.0.17.jar:/home/varnel/.m2/repository/jakarta/annotation/jakarta.annotation-api/2.1.1/jakarta.annotation-api-2.1.1.jar:/home/varnel/.m2/repository/org/springframework/boot/spring-boot-actuator-autoconfigure/3.5.0/spring-boot-actuator-autoconfigure-3.5.0.jar:/home/varnel/.m2/repository/org/springframework/boot/spring-boot-actuator/3.5.0/spring-boot-actuator-3.5.0.jar:/home/varnel/.m2/repository/io/micrometer/micrometer-observation/1.15.0/micrometer-observation-1.15.0.jar:/home/varnel/.m2/repository/io/micrometer/micrometer-commons/1.15.0/micrometer-commons-1.15.0.jar:/home/varnel/.m2/repository/io/micrometer/micrometer-jakarta9/1.15.0/micrometer-jakarta9-1.15.0.jar:/home/varnel/.m2/repository/io/micrometer/micrometer-registry-prometheus/1.15.0/micrometer-registry-prometheus-1.15.0.jar:/home/varnel/.m2/repository/io/micrometer/micrometer-core/1.15.0/micrometer-core-1.15.0.jar:/home/varnel/.m2/repository/org/hdrhistogram/HdrHistogram/2.2.2/HdrHistogram-2.2.2.jar:/home/varnel/.m2/repository/org/latencyutils/LatencyUtils/2.0.3/LatencyUtils-2.0.3.jar:/home/varnel/.m2/repository/io/prometheus/prometheus-metrics-core/1.3.6/prometheus-metrics-core-1.3.6.jar:/home/varnel/.m2/repository/io/prometheus/prometheus-metrics-model/1.3.6/prometheus-metrics-model-1.3.6.jar:/home/varnel/.m2/repository/io/prometheus/prometheus-metrics-config/1.3.6/prometheus-metrics-config-1.3.6.jar:/home/varnel/.m2/repository/io/prometheus/prometheus-metrics-tracer-common/1.3.6/prometheus-metrics-tracer-common-1.3.6.jar:/home/varnel/.m2/repository/io/prometheus/prometheus-metrics-exposition-formats/1.3.6/prometheus-metrics-exposition-formats-1.3.6.jar:/home/varnel/.m2/repository/io/prometheus/prometheus-metrics-exposition-textformats/1.3.6/prometheus-metrics-exposition-textformats-1.3.6.jar:/home/varnel/.m2/repository/org/springframework/boot/spring-boot-starter-security/3.5.0/spring-boot-starter-security-3.5.0.jar:/home/varnel/.m2/repository/org/springframework/spring-aop/6.2.7/spring-aop-6.2.7.jar:/home/varnel/.m2/repository/org/springframework/spring-beans/6.2.7/spring-beans-6.2.7.jar:/home/varnel/.m2/repository/org/springframework/security/spring-security-config/6.5.0/spring-security-config-6.5.0.jar:/home/varnel/.m2/repository/org/springframework/security/spring-security-core/6.5.0/spring-security-core-6.5.0.jar:/home/varnel/.m2/repository/org/springframework/security/spring-security-crypto/6.5.0/spring-security-crypto-6.5.0.jar:/home/varnel/.m2/repository/org/springframework/security/spring-security-web/6.5.0/spring-security-web-6.5.0.jar:/home/varnel/.m2/repository/org/springframework/spring-expression/6.2.7/spring-expression-6.2.7.jar:/home/varnel/.m2/repository/org/springframework/boot/spring-boot-starter-webflux/3.5.0/spring-boot-starter-webflux-3.5.0.jar:/home/varnel/.m2/repository/org/springframework/boot/spring-boot-starter-json/3.5.0/spring-boot-starter-json-3.5.0.jar:/home/varnel/.m2/repository/com/fasterxml/jackson/datatype/jackson-datatype-jdk8/2.19.0/jackson-datatype-jdk8-2.19.0.jar:/home/varnel/.m2/repository/com/fasterxml/jackson/module/jackson-module-parameter-names/2.19.0/jackson-module-parameter-names-2.19.0.jar:/home/varnel/.m2/repository/org/springframework/boot/spring-boot-starter-reactor-netty/3.5.0/spring-boot-starter-reactor-netty-3.5.0.jar:/home/varnel/.m2/repository/io/projectreactor/netty/reactor-netty-http/1.2.6/reactor-netty-http-1.2.6.jar:/home/varnel/.m2/repository/io/netty/netty-codec-http/4.1.121.Final/netty-codec-http-4.1.121.Final.jar:/home/varnel/.m2/repository/io/netty/netty-codec-http2/4.1.121.Final/netty-codec-http2-4.1.121.Final.jar:/home/varnel/.m2/repository/org/springframework/spring-web/6.2.7/spring-web-6.2.7.jar:/home/varnel/.m2/repository/org/springframework/spring-webflux/6.2.7/spring-webflux-6.2.7.jar:/home/varnel/.m2/repository/org/springframework/boot/spring-boot-starter-data-r2dbc/3.5.0/spring-boot-starter-data-r2dbc-3.5.0.jar:/home/varnel/.m2/repository/org/springframework/data/spring-data-r2dbc/3.5.0/spring-data-r2dbc-3.5.0.jar:/home/varnel/.m2/repository/org/springframework/data/spring-data-relational/3.5.0/spring-data-relational-3.5.0.jar:/home/varnel/.m2/repository/org/springframework/data/spring-data-commons/3.5.0/spring-data-commons-3.5.0.jar:/home/varnel/.m2/repository/org/springframework/spring-r2dbc/6.2.7/spring-r2dbc-6.2.7.jar:/home/varnel/.m2/repository/org/postgresql/r2dbc-postgresql/1.0.7.RELEASE/r2dbc-postgresql-1.0.7.RELEASE.jar:/home/varnel/.m2/repository/com/ongres/scram/client/2.1/client-2.1.jar:/home/varnel/.m2/repository/com/ongres/scram/common/2.1/common-2.1.jar:/home/varnel/.m2/repository/com/ongres/stringprep/saslprep/1.1/saslprep-1.1.jar:/home/varnel/.m2/repository/com/ongres/stringprep/stringprep/1.1/stringprep-1.1.jar:/home/varnel/.m2/repository/io/projectreactor/reactor-core/3.7.6/reactor-core-3.7.6.jar:/home/varnel/.m2/repository/io/projectreactor/netty/reactor-netty-core/1.2.6/reactor-netty-core-1.2.6.jar:/home/varnel/.m2/repository/io/netty/netty-handler/4.1.121.Final/netty-handler-4.1.121.Final.jar:/home/varnel/.m2/repository/io/netty/netty-resolver/4.1.121.Final/netty-resolver-4.1.121.Final.jar:/home/varnel/.m2/repository/io/netty/netty-buffer/4.1.121.Final/netty-buffer-4.1.121.Final.jar:/home/varnel/.m2/repository/io/netty/netty-transport-native-unix-common/4.1.121.Final/netty-transport-native-unix-common-4.1.121.Final.jar:/home/varnel/.m2/repository/io/netty/netty-codec/4.1.121.Final/netty-codec-4.1.121.Final.jar:/home/varnel/.m2/repository/io/netty/netty-handler-proxy/4.1.121.Final/netty-handler-proxy-4.1.121.Final.jar:/home/varnel/.m2/repository/io/netty/netty-codec-socks/4.1.121.Final/netty-codec-socks-4.1.121.Final.jar:/home/varnel/.m2/repository/io/netty/netty-resolver-dns/4.1.121.Final/netty-resolver-dns-4.1.121.Final.jar:/home/varnel/.m2/repository/io/netty/netty-codec-dns/4.1.121.Final/netty-codec-dns-4.1.121.Final.jar:/home/varnel/.m2/repository/io/netty/netty-resolver-dns-native-macos/4.1.121.Final/netty-resolver-dns-native-macos-4.1.121.Final-osx-x86_64.jar:/home/varnel/.m2/repository/io/netty/netty-resolver-dns-classes-macos/4.1.121.Final/netty-resolver-dns-classes-macos-4.1.121.Final.jar:/home/varnel/.m2/repository/io/netty/netty-transport-native-epoll/4.1.121.Final/netty-transport-native-epoll-4.1.121.Final-linux-x86_64.jar:/home/varnel/.m2/repository/io/netty/netty-transport-classes-epoll/4.1.121.Final/netty-transport-classes-epoll-4.1.121.Final.jar:/home/varnel/.m2/repository/net/postgis/postgis-jdbc/2.5.0/postgis-jdbc-2.5.0.jar:/home/varnel/.m2/repository/net/postgis/postgis-geometry/2.5.0/postgis-geometry-2.5.0.jar:/home/varnel/.m2/repository/org/slf4j/slf4j-api/2.0.17/slf4j-api-2.0.17.jar:/home/varnel/.m2/repository/org/postgresql/postgresql/42.7.5/postgresql-42.7.5.jar:/home/varnel/.m2/repository/org/checkerframework/checker-qual/3.48.3/checker-qual-3.48.3.jar:/home/varnel/.m2/repository/io/r2dbc/r2dbc-pool/1.0.2.RELEASE/r2dbc-pool-1.0.2.RELEASE.jar:/home/varnel/.m2/repository/io/projectreactor/addons/reactor-pool/1.1.2/reactor-pool-1.1.2.jar:/home/varnel/.m2/repository/io/r2dbc/r2dbc-spi/1.0.0.RELEASE/r2dbc-spi-1.0.0.RELEASE.jar:/home/varnel/.m2/repository/org/reactivestreams/reactive-streams/1.0.4/reactive-streams-1.0.4.jar:/home/varnel/.m2/repository/com/fasterxml/jackson/core/jackson-databind/2.19.0/jackson-databind-2.19.0.jar:/home/varnel/.m2/repository/com/fasterxml/jackson/core/jackson-annotations/2.19.0/jackson-annotations-2.19.0.jar:/home/varnel/.m2/repository/com/fasterxml/jackson/core/jackson-core/2.19.0/jackson-core-2.19.0.jar:/home/varnel/.m2/repository/com/fasterxml/jackson/datatype/jackson-datatype-jsr310/2.19.0/jackson-datatype-jsr310-2.19.0.jar:/home/varnel/.m2/repository/org/springframework/boot/spring-boot-starter-validation/3.5.0/spring-boot-starter-validation-3.5.0.jar:/home/varnel/.m2/repository/org/apache/tomcat/embed/tomcat-embed-el/10.1.41/tomcat-embed-el-10.1.41.jar:/home/varnel/.m2/repository/org/hibernate/validator/hibernate-validator/8.0.2.Final/hibernate-validator-8.0.2.Final.jar:/home/varnel/.m2/repository/jakarta/validation/jakarta.validation-api/3.0.2/jakarta.validation-api-3.0.2.jar:/home/varnel/.m2/repository/org/jboss/logging/jboss-logging/3.6.1.Final/jboss-logging-3.6.1.Final.jar:/home/varnel/.m2/repository/com/fasterxml/classmate/1.7.0/classmate-1.7.0.jar:/home/varnel/.m2/repository/org/springframework/boot/spring-boot-devtools/3.5.0/spring-boot-devtools-3.5.0.jar:/home/varnel/.m2/repository/org/springframework/boot/spring-boot/3.5.0/spring-boot-3.5.0.jar:/home/varnel/.m2/repository/org/springframework/boot/spring-boot-autoconfigure/3.5.0/spring-boot-autoconfigure-3.5.0.jar:/home/varnel/.m2/repository/org/locationtech/jts/jts-core/1.19.0/jts-core-1.19.0.jar:/home/varnel/.m2/repository/org/springframework/boot/spring-boot-starter-websocket/3.5.0/spring-boot-starter-websocket-3.5.0.jar:/home/varnel/.m2/repository/org/springframework/boot/spring-boot-starter-web/3.5.0/spring-boot-starter-web-3.5.0.jar:/home/varnel/.m2/repository/org/springframework/boot/spring-boot-starter-tomcat/3.5.0/spring-boot-starter-tomcat-3.5.0.jar:/home/varnel/.m2/repository/org/apache/tomcat/embed/tomcat-embed-core/10.1.41/tomcat-embed-core-10.1.41.jar:/home/varnel/.m2/repository/org/apache/tomcat/embed/tomcat-embed-websocket/10.1.41/tomcat-embed-websocket-10.1.41.jar:/home/varnel/.m2/repository/org/springframework/spring-webmvc/6.2.7/spring-webmvc-6.2.7.jar:/home/varnel/.m2/repository/org/springframework/spring-messaging/6.2.7/spring-messaging-6.2.7.jar:/home/varnel/.m2/repository/org/springframework/spring-websocket/6.2.7/spring-websocket-6.2.7.jar:/home/varnel/.m2/repository/org/projectlombok/lombok/1.18.32/lombok-1.18.32.jar:/home/varnel/.m2/repository/org/mapstruct/mapstruct/1.5.5.Final/mapstruct-1.5.5.Final.jar:/home/varnel/.m2/repository/org/mapstruct/mapstruct-processor/1.5.5.Final/mapstruct-processor-1.5.5.Final.jar:/home/varnel/.m2/repository/org/springframework/boot/spring-boot-starter-test/3.5.0/spring-boot-starter-test-3.5.0.jar:/home/varnel/.m2/repository/org/springframework/boot/spring-boot-test/3.5.0/spring-boot-test-3.5.0.jar:/home/varnel/.m2/repository/org/springframework/boot/spring-boot-test-autoconfigure/3.5.0/spring-boot-test-autoconfigure-3.5.0.jar:/home/varnel/.m2/repository/com/jayway/jsonpath/json-path/2.9.0/json-path-2.9.0.jar:/home/varnel/.m2/repository/jakarta/xml/bind/jakarta.xml.bind-api/4.0.2/jakarta.xml.bind-api-4.0.2.jar:/home/varnel/.m2/repository/jakarta/activation/jakarta.activation-api/2.1.3/jakarta.activation-api-2.1.3.jar:/home/varnel/.m2/repository/net/minidev/json-smart/2.5.2/json-smart-2.5.2.jar:/home/varnel/.m2/repository/net/minidev/accessors-smart/2.5.2/accessors-smart-2.5.2.jar:/home/varnel/.m2/repository/org/ow2/asm/asm/9.7.1/asm-9.7.1.jar:/home/varnel/.m2/repository/org/assertj/assertj-core/3.27.3/assertj-core-3.27.3.jar:/home/varnel/.m2/repository/net/bytebuddy/byte-buddy/1.17.5/byte-buddy-1.17.5.jar:/home/varnel/.m2/repository/org/awaitility/awaitility/4.3.0/awaitility-4.3.0.jar:/home/varnel/.m2/repository/org/hamcrest/hamcrest/3.0/hamcrest-3.0.jar:/home/varnel/.m2/repository/org/junit/jupiter/junit-jupiter/5.12.2/junit-jupiter-5.12.2.jar:/home/varnel/.m2/repository/org/junit/jupiter/junit-jupiter-params/5.12.2/junit-jupiter-params-5.12.2.jar:/home/varnel/.m2/repository/org/junit/jupiter/junit-jupiter-engine/5.12.2/junit-jupiter-engine-5.12.2.jar:/home/varnel/.m2/repository/org/mockito/mockito-core/5.17.0/mockito-core-5.17.0.jar:/home/varnel/.m2/repository/net/bytebuddy/byte-buddy-agent/1.17.5/byte-buddy-agent-1.17.5.jar:/home/varnel/.m2/repository/org/objenesis/objenesis/3.3/objenesis-3.3.jar:/home/varnel/.m2/repository/org/mockito/mockito-junit-jupiter/5.17.0/mockito-junit-jupiter-5.17.0.jar:/home/varnel/.m2/repository/org/skyscreamer/jsonassert/1.5.3/jsonassert-1.5.3.jar:/home/varnel/.m2/repository/com/vaadin/external/google/android-json/0.0.20131108.vaadin1/android-json-0.0.20131108.vaadin1.jar:/home/varnel/.m2/repository/org/springframework/spring-core/6.2.7/spring-core-6.2.7.jar:/home/varnel/.m2/repository/org/springframework/spring-jcl/6.2.7/spring-jcl-6.2.7.jar:/home/varnel/.m2/repository/org/springframework/spring-test/6.2.7/spring-test-6.2.7.jar:/home/varnel/.m2/repository/org/xmlunit/xmlunit-core/2.10.1/xmlunit-core-2.10.1.jar:/home/varnel/.m2/repository/io/projectreactor/reactor-test/3.7.6/reactor-test-3.7.6.jar:/home/varnel/.m2/repository/io/r2dbc/r2dbc-h2/1.0.0.RELEASE/r2dbc-h2-1.0.0.RELEASE.jar:/home/varnel/.m2/repository/com/h2database/h2/2.3.232/h2-2.3.232.jar:/home/varnel/.m2/repository/org/springdoc/springdoc-openapi-starter-webflux-ui/2.5.0/springdoc-openapi-starter-webflux-ui-2.5.0.jar:/home/varnel/.m2/repository/org/springdoc/springdoc-openapi-starter-webflux-api/2.5.0/springdoc-openapi-starter-webflux-api-2.5.0.jar:/home/varnel/.m2/repository/org/springdoc/springdoc-openapi-starter-common/2.5.0/springdoc-openapi-starter-common-2.5.0.jar:/home/varnel/.m2/repository/io/swagger/core/v3/swagger-core-jakarta/2.2.21/swagger-core-jakarta-2.2.21.jar:/home/varnel/.m2/repository/io/swagger/core/v3/swagger-annotations-jakarta/2.2.21/swagger-annotations-jakarta-2.2.21.jar:/home/varnel/.m2/repository/io/swagger/core/v3/swagger-models-jakarta/2.2.21/swagger-models-jakarta-2.2.21.jar:/home/varnel/.m2/repository/com/fasterxml/jackson/dataformat/jackson-dataformat-yaml/2.19.0/jackson-dataformat-yaml-2.19.0.jar:/home/varnel/.m2/repository/org/webjars/swagger-ui/5.13.0/swagger-ui-5.13.0.jar:/home/varnel/.m2/repository/org/springframework/kafka/spring-kafka/3.3.6/spring-kafka-3.3.6.jar:/home/varnel/.m2/repository/org/springframework/spring-context/6.2.7/spring-context-6.2.7.jar:/home/varnel/.m2/repository/org/springframework/spring-tx/6.2.7/spring-tx-6.2.7.jar:/home/varnel/.m2/repository/org/springframework/retry/spring-retry/2.0.12/spring-retry-2.0.12.jar:/home/varnel/.m2/repository/org/apache/kafka/kafka-clients/3.9.1/kafka-clients-3.9.1.jar:/home/varnel/.m2/repository/com/github/luben/zstd-jni/1.5.6-4/zstd-jni-1.5.6-4.jar:/home/varnel/.m2/repository/org/lz4/lz4-java/1.8.0/lz4-java-1.8.0.jar:/home/varnel/.m2/repository/org/xerial/snappy/snappy-java/1.1.10.5/snappy-java-1.1.10.5.jar:/home/varnel/.m2/repository/org/springframework/kafka/spring-kafka-test/3.3.6/spring-kafka-test-3.3.6.jar:/home/varnel/.m2/repository/org/apache/zookeeper/zookeeper/3.8.4/zookeeper-3.8.4.jar:/home/varnel/.m2/repository/org/apache/zookeeper/zookeeper-jute/3.8.4/zookeeper-jute-3.8.4.jar:/home/varnel/.m2/repository/org/apache/yetus/audience-annotations/0.12.0/audience-annotations-0.12.0.jar:/home/varnel/.m2/repository/io/netty/netty-transport-native-epoll/4.1.121.Final/netty-transport-native-epoll-4.1.121.Final.jar:/home/varnel/.m2/repository/ch/qos/logback/logback-core/1.5.18/logback-core-1.5.18.jar:/home/varnel/.m2/repository/ch/qos/logback/logback-classic/1.5.18/logback-classic-1.5.18.jar:/home/varnel/.m2/repository/org/apache/kafka/kafka-clients/3.9.1/kafka-clients-3.9.1-test.jar:/home/varnel/.m2/repository/org/apache/kafka/kafka-server/3.9.1/kafka-server-3.9.1.jar:/home/varnel/.m2/repository/org/apache/kafka/kafka-storage/3.9.1/kafka-storage-3.9.1.jar:/home/varnel/.m2/repository/com/github/ben-manes/caffeine/caffeine/3.2.0/caffeine-3.2.0.jar:/home/varnel/.m2/repository/org/jspecify/jspecify/1.0.0/jspecify-1.0.0.jar:/home/varnel/.m2/repository/com/google/errorprone/error_prone_annotations/2.36.0/error_prone_annotations-2.36.0.jar:/home/varnel/.m2/repository/org/apache/kafka/kafka-group-coordinator/3.9.1/kafka-group-coordinator-3.9.1.jar:/home/varnel/.m2/repository/org/apache/kafka/kafka-transaction-coordinator/3.9.1/kafka-transaction-coordinator-3.9.1.jar:/home/varnel/.m2/repository/org/apache/kafka/kafka-raft/3.9.1/kafka-raft-3.9.1.jar:/home/varnel/.m2/repository/com/yammer/metrics/metrics-core/2.2.0/metrics-core-2.2.0.jar:/home/varnel/.m2/repository/org/apache/kafka/kafka-metadata/3.9.1/kafka-metadata-3.9.1.jar:/home/varnel/.m2/repository/org/apache/kafka/kafka-server-common/3.9.1/kafka-server-common-3.9.1.jar:/home/varnel/.m2/repository/net/sf/jopt-simple/jopt-simple/5.0.4/jopt-simple-5.0.4.jar:/home/varnel/.m2/repository/org/pcollections/pcollections/4.0.1/pcollections-4.0.1.jar:/home/varnel/.m2/repository/org/apache/kafka/kafka-server-common/3.9.1/kafka-server-common-3.9.1-test.jar:/home/varnel/.m2/repository/org/apache/kafka/kafka-streams-test-utils/3.9.1/kafka-streams-test-utils-3.9.1.jar:/home/varnel/.m2/repository/org/apache/kafka/kafka-streams/3.9.1/kafka-streams-3.9.1.jar:/home/varnel/.m2/repository/org/rocksdb/rocksdbjni/7.9.2/rocksdbjni-7.9.2.jar:/home/varnel/.m2/repository/org/apache/kafka/kafka_2.13/3.9.1/kafka_2.13-3.9.1.jar:/home/varnel/.m2/repository/org/scala-lang/scala-library/2.13.15/scala-library-2.13.15.jar:/home/varnel/.m2/repository/org/apache/kafka/kafka-group-coordinator-api/3.9.1/kafka-group-coordinator-api-3.9.1.jar:/home/varnel/.m2/repository/org/apache/kafka/kafka-storage-api/3.9.1/kafka-storage-api-3.9.1.jar:/home/varnel/.m2/repository/org/apache/kafka/kafka-tools-api/3.9.1/kafka-tools-api-3.9.1.jar:/home/varnel/.m2/repository/net/sourceforge/argparse4j/argparse4j/0.7.0/argparse4j-0.7.0.jar:/home/varnel/.m2/repository/commons-validator/commons-validator/1.7/commons-validator-1.7.jar:/home/varnel/.m2/repository/commons-beanutils/commons-beanutils/1.9.4/commons-beanutils-1.9.4.jar:/home/varnel/.m2/repository/commons-digester/commons-digester/2.1/commons-digester-2.1.jar:/home/varnel/.m2/repository/commons-collections/commons-collections/3.2.2/commons-collections-3.2.2.jar:/home/varnel/.m2/repository/com/fasterxml/jackson/module/jackson-module-scala_2.13/2.19.0/jackson-module-scala_2.13-2.19.0.jar:/home/varnel/.m2/repository/com/thoughtworks/paranamer/paranamer/2.8.3/paranamer-2.8.3.jar:/home/varnel/.m2/repository/com/fasterxml/jackson/dataformat/jackson-dataformat-csv/2.19.0/jackson-dataformat-csv-2.19.0.jar:/home/varnel/.m2/repository/org/bitbucket/b_c/jose4j/0.9.4/jose4j-0.9.4.jar:/home/varnel/.m2/repository/org/scala-lang/modules/scala-collection-compat_2.13/2.10.0/scala-collection-compat_2.13-2.10.0.jar:/home/varnel/.m2/repository/org/scala-lang/modules/scala-java8-compat_2.13/1.0.2/scala-java8-compat_2.13-1.0.2.jar:/home/varnel/.m2/repository/org/scala-lang/scala-reflect/2.13.15/scala-reflect-2.13.15.jar:/home/varnel/.m2/repository/com/typesafe/scala-logging/scala-logging_2.13/3.9.5/scala-logging_2.13-3.9.5.jar:/home/varnel/.m2/repository/io/dropwizard/metrics/metrics-core/4.1.12.1/metrics-core-4.1.12.1.jar:/home/varnel/.m2/repository/commons-cli/commons-cli/1.4/commons-cli-1.4.jar:/home/varnel/.m2/repository/org/apache/kafka/kafka_2.13/3.9.1/kafka_2.13-3.9.1-test.jar:/home/varnel/.m2/repository/org/junit/jupiter/junit-jupiter-api/5.12.2/junit-jupiter-api-5.12.2.jar:/home/varnel/.m2/repository/org/opentest4j/opentest4j/1.3.0/opentest4j-1.3.0.jar:/home/varnel/.m2/repository/org/junit/platform/junit-platform-commons/1.12.2/junit-platform-commons-1.12.2.jar:/home/varnel/.m2/repository/org/apiguardian/apiguardian-api/1.1.2/apiguardian-api-1.1.2.jar:/home/varnel/.m2/repository/org/junit/platform/junit-platform-launcher/1.12.2/junit-platform-launcher-1.12.2.jar:/home/varnel/.m2/repository/org/junit/platform/junit-platform-engine/1.12.2/junit-platform-engine-1.12.2.jar:/home/varnel/.m2/repository/org/springframework/boot/spring-boot-starter-data-redis/3.5.0/spring-boot-starter-data-redis-3.5.0.jar:/home/varnel/.m2/repository/io/lettuce/lettuce-core/6.5.5.RELEASE/lettuce-core-6.5.5.RELEASE.jar:/home/varnel/.m2/repository/io/netty/netty-common/4.1.121.Final/netty-common-4.1.121.Final.jar:/home/varnel/.m2/repository/io/netty/netty-transport/4.1.121.Final/netty-transport-4.1.121.Final.jar:/home/varnel/.m2/repository/org/springframework/data/spring-data-redis/3.5.0/spring-data-redis-3.5.0.jar:/home/varnel/.m2/repository/org/springframework/data/spring-data-keyvalue/3.5.0/spring-data-keyvalue-3.5.0.jar:/home/varnel/.m2/repository/org/springframework/spring-oxm/6.2.7/spring-oxm-6.2.7.jar:/home/varnel/.m2/repository/org/springframework/spring-context-support/6.2.7/spring-context-support-6.2.7.jar:/home/varnel/.m2/repository/org/springframework/boot/spring-boot-starter-jdbc/3.5.0/spring-boot-starter-jdbc-3.5.0.jar:/home/varnel/.m2/repository/com/zaxxer/HikariCP/6.3.0/HikariCP-6.3.0.jar:/home/varnel/.m2/repository/org/springframework/spring-jdbc/6.2.7/spring-jdbc-6.2.7.jar:/home/varnel/.m2/repository/org/liquibase/liquibase-core/4.31.1/liquibase-core-4.31.1.jar:/home/varnel/.m2/repository/com/opencsv/opencsv/5.9/opencsv-5.9.jar:/home/varnel/.m2/repository/org/yaml/snakeyaml/2.4/snakeyaml-2.4.jar:/home/varnel/.m2/repository/javax/xml/bind/jaxb-api/2.3.1/jaxb-api-2.3.1.jar:/home/varnel/.m2/repository/org/apache/commons/commons-collections4/4.4/commons-collections4-4.4.jar:/home/varnel/.m2/repository/org/apache/commons/commons-text/1.13.0/commons-text-1.13.0.jar:/home/varnel/.m2/repository/org/apache/commons/commons-lang3/3.17.0/commons-lang3-3.17.0.jar:/home/varnel/.m2/repository/commons-io/commons-io/2.18.0/commons-io-2.18.0.jar:
2026-01-31T11:43:44.963+01:00  INFO 13083 --- [yow_point] [           main] o.a.zookeeper.server.ZooKeeperServer     : Server environment:java.library.path=/usr/java/packages/lib:/usr/lib/x86_64-linux-gnu/jni:/lib/x86_64-linux-gnu:/usr/lib/x86_64-linux-gnu:/usr/lib/jni:/lib:/usr/lib
2026-01-31T11:43:44.964+01:00  INFO 13083 --- [yow_point] [           main] o.a.zookeeper.server.ZooKeeperServer     : Server environment:java.io.tmpdir=/tmp
2026-01-31T11:43:44.964+01:00  INFO 13083 --- [yow_point] [           main] o.a.zookeeper.server.ZooKeeperServer     : Server environment:java.compiler=<NA>
2026-01-31T11:43:44.964+01:00  INFO 13083 --- [yow_point] [           main] o.a.zookeeper.server.ZooKeeperServer     : Server environment:os.name=Linux
2026-01-31T11:43:44.964+01:00  INFO 13083 --- [yow_point] [           main] o.a.zookeeper.server.ZooKeeperServer     : Server environment:os.arch=amd64
2026-01-31T11:43:44.964+01:00  INFO 13083 --- [yow_point] [           main] o.a.zookeeper.server.ZooKeeperServer     : Server environment:os.version=6.14.0-37-generic
2026-01-31T11:43:44.964+01:00  INFO 13083 --- [yow_point] [           main] o.a.zookeeper.server.ZooKeeperServer     : Server environment:user.name=varnel
2026-01-31T11:43:44.964+01:00  INFO 13083 --- [yow_point] [           main] o.a.zookeeper.server.ZooKeeperServer     : Server environment:user.home=/home/varnel
2026-01-31T11:43:44.964+01:00  INFO 13083 --- [yow_point] [           main] o.a.zookeeper.server.ZooKeeperServer     : Server environment:user.dir=/home/varnel/poi_navigoo/poi-navigoo-backend
2026-01-31T11:43:44.964+01:00  INFO 13083 --- [yow_point] [           main] o.a.zookeeper.server.ZooKeeperServer     : Server environment:os.memory.free=38MB
2026-01-31T11:43:44.964+01:00  INFO 13083 --- [yow_point] [           main] o.a.zookeeper.server.ZooKeeperServer     : Server environment:os.memory.max=3946MB
2026-01-31T11:43:44.964+01:00  INFO 13083 --- [yow_point] [           main] o.a.zookeeper.server.ZooKeeperServer     : Server environment:os.memory.total=74MB
2026-01-31T11:43:44.965+01:00  INFO 13083 --- [yow_point] [           main] o.a.zookeeper.server.ZooKeeperServer     : zookeeper.enableEagerACLCheck = false
2026-01-31T11:43:44.966+01:00  INFO 13083 --- [yow_point] [           main] o.a.zookeeper.server.ZooKeeperServer     : zookeeper.digest.enabled = true
2026-01-31T11:43:44.966+01:00  INFO 13083 --- [yow_point] [           main] o.a.zookeeper.server.ZooKeeperServer     : zookeeper.closeSessionTxn.enabled = true
2026-01-31T11:43:44.966+01:00  INFO 13083 --- [yow_point] [           main] o.a.zookeeper.server.ZooKeeperServer     : zookeeper.flushDelay = 0 ms
2026-01-31T11:43:44.966+01:00  INFO 13083 --- [yow_point] [           main] o.a.zookeeper.server.ZooKeeperServer     : zookeeper.maxWriteQueuePollTime = 0 ms
2026-01-31T11:43:44.966+01:00  INFO 13083 --- [yow_point] [           main] o.a.zookeeper.server.ZooKeeperServer     : zookeeper.maxBatchSize=1000
2026-01-31T11:43:44.966+01:00  INFO 13083 --- [yow_point] [           main] o.a.zookeeper.server.ZooKeeperServer     : zookeeper.intBufferStartingSizeBytes = 1024
2026-01-31T11:43:44.968+01:00  INFO 13083 --- [yow_point] [           main] o.a.z.server.persistence.FileTxnSnapLog  : zookeeper.snapshot.trust.empty : false
2026-01-31T11:43:44.979+01:00  INFO 13083 --- [yow_point] [           main] o.a.z.server.watch.WatchManagerFactory   : Using org.apache.zookeeper.server.watch.WatchManager as watch manager
2026-01-31T11:43:44.980+01:00  INFO 13083 --- [yow_point] [           main] o.a.z.server.watch.WatchManagerFactory   : Using org.apache.zookeeper.server.watch.WatchManager as watch manager
2026-01-31T11:43:44.980+01:00  INFO 13083 --- [yow_point] [           main] org.apache.zookeeper.server.ZKDatabase   : zookeeper.snapshotSizeFactor = 0.33
2026-01-31T11:43:44.980+01:00  INFO 13083 --- [yow_point] [           main] org.apache.zookeeper.server.ZKDatabase   : zookeeper.commitLogCount=500
2026-01-31T11:43:44.983+01:00  INFO 13083 --- [yow_point] [           main] o.apache.zookeeper.server.BlueThrottle   : Weighed connection throttling is disabled
2026-01-31T11:43:44.985+01:00  INFO 13083 --- [yow_point] [           main] o.a.zookeeper.server.ZooKeeperServer     : minSessionTimeout set to 1600 ms
2026-01-31T11:43:44.985+01:00  INFO 13083 --- [yow_point] [           main] o.a.zookeeper.server.ZooKeeperServer     : maxSessionTimeout set to 16000 ms
2026-01-31T11:43:44.986+01:00  INFO 13083 --- [yow_point] [           main] o.apache.zookeeper.server.ResponseCache  : getData response cache size is initialized with value 400.
2026-01-31T11:43:44.986+01:00  INFO 13083 --- [yow_point] [           main] o.apache.zookeeper.server.ResponseCache  : getChildren response cache size is initialized with value 400.
2026-01-31T11:43:44.987+01:00  INFO 13083 --- [yow_point] [           main] o.a.z.s.u.RequestPathMetricsCollector    : zookeeper.pathStats.slotCapacity = 60
2026-01-31T11:43:44.987+01:00  INFO 13083 --- [yow_point] [           main] o.a.z.s.u.RequestPathMetricsCollector    : zookeeper.pathStats.slotDuration = 15
2026-01-31T11:43:44.987+01:00  INFO 13083 --- [yow_point] [           main] o.a.z.s.u.RequestPathMetricsCollector    : zookeeper.pathStats.maxDepth = 6
2026-01-31T11:43:44.987+01:00  INFO 13083 --- [yow_point] [           main] o.a.z.s.u.RequestPathMetricsCollector    : zookeeper.pathStats.initialDelay = 5
2026-01-31T11:43:44.987+01:00  INFO 13083 --- [yow_point] [           main] o.a.z.s.u.RequestPathMetricsCollector    : zookeeper.pathStats.delay = 5
2026-01-31T11:43:44.987+01:00  INFO 13083 --- [yow_point] [           main] o.a.z.s.u.RequestPathMetricsCollector    : zookeeper.pathStats.enabled = false
2026-01-31T11:43:44.989+01:00  INFO 13083 --- [yow_point] [           main] o.a.zookeeper.server.ZooKeeperServer     : The max bytes for all large requests are set to 104857600
2026-01-31T11:43:44.989+01:00  INFO 13083 --- [yow_point] [           main] o.a.zookeeper.server.ZooKeeperServer     : The large request threshold is set to -1
2026-01-31T11:43:44.989+01:00  INFO 13083 --- [yow_point] [           main] o.a.z.server.AuthenticationHelper        : zookeeper.enforce.auth.enabled = false
2026-01-31T11:43:44.990+01:00  INFO 13083 --- [yow_point] [           main] o.a.z.server.AuthenticationHelper        : zookeeper.enforce.auth.schemes = []
2026-01-31T11:43:44.990+01:00  INFO 13083 --- [yow_point] [           main] o.a.zookeeper.server.ZooKeeperServer     : Created server with tickTime 800 ms minSessionTimeout 1600 ms maxSessionTimeout 16000 ms clientPortListenBacklog -1 datadir /tmp/kafka-18015413373157206044/version-2 snapdir /tmp/kafka-11236253845420899438/version-2
2026-01-31T11:43:44.995+01:00  WARN 13083 --- [yow_point] [           main] o.a.zookeeper.server.ServerCnxnFactory   : maxCnxns is not configured, using default value 0.
2026-01-31T11:43:44.996+01:00  INFO 13083 --- [yow_point] [           main] o.a.z.server.NIOServerCnxnFactory        : Configuring NIO connection handler with 10s sessionless connection timeout, 2 selector thread(s), 16 worker threads, and 64 kB direct buffers.
2026-01-31T11:43:45.003+01:00  INFO 13083 --- [yow_point] [           main] o.a.z.server.NIOServerCnxnFactory        : binding to port /127.0.0.1:0
2026-01-31T11:43:45.026+01:00  INFO 13083 --- [yow_point] [           main] o.a.z.server.persistence.SnapStream      : zookeeper.snapshot.compression.method = CHECKED
2026-01-31T11:43:45.026+01:00  INFO 13083 --- [yow_point] [           main] o.a.z.server.persistence.FileTxnSnapLog  : Snapshotting: 0x0 to /tmp/kafka-11236253845420899438/version-2/snapshot.0
2026-01-31T11:43:45.029+01:00  INFO 13083 --- [yow_point] [           main] org.apache.zookeeper.server.ZKDatabase   : Snapshot loaded in 21 ms, highest zxid is 0x0, digest is 1371985504
2026-01-31T11:43:45.030+01:00  INFO 13083 --- [yow_point] [           main] o.a.z.server.persistence.FileTxnSnapLog  : Snapshotting: 0x0 to /tmp/kafka-11236253845420899438/version-2/snapshot.0
2026-01-31T11:43:45.030+01:00  INFO 13083 --- [yow_point] [           main] o.a.zookeeper.server.ZooKeeperServer     : Snapshot taken in 1 ms
2026-01-31T11:43:45.040+01:00  INFO 13083 --- [yow_point] [0 cport:40879):] o.a.z.server.PrepRequestProcessor        : PrepRequestProcessor (sid:0) started, reconfigEnabled=false
2026-01-31T11:43:45.040+01:00  INFO 13083 --- [yow_point] [           main] o.a.zookeeper.server.RequestThrottler    : zookeeper.request_throttler.shutdownTimeout = 10000 ms
2026-01-31T11:43:45.205+01:00  INFO 13083 --- [yow_point] [           main] kafka.server.KafkaConfig                 : KafkaConfig values: 
	advertised.listeners = null
	alter.config.policy.class.name = null
	alter.log.dirs.replication.quota.window.num = 11
	alter.log.dirs.replication.quota.window.size.seconds = 1
	authorizer.class.name = 
	auto.create.topics.enable = true
	auto.include.jmx.reporter = true
	auto.leader.rebalance.enable = true
	background.threads = 2
	broker.heartbeat.interval.ms = 2000
	broker.id = 0
	broker.id.generation.enable = true
	broker.rack = null
	broker.session.timeout.ms = 9000
	client.quota.callback.class = null
	compression.gzip.level = -1
	compression.lz4.level = 9
	compression.type = producer
	compression.zstd.level = 3
	connection.failed.authentication.delay.ms = 100
	connections.max.idle.ms = 600000
	connections.max.reauth.ms = 0
	control.plane.listener.name = null
	controlled.shutdown.enable = false
	controlled.shutdown.max.retries = 3
	controlled.shutdown.retry.backoff.ms = 100
	controller.listener.names = null
	controller.quorum.append.linger.ms = 25
	controller.quorum.bootstrap.servers = []
	controller.quorum.election.backoff.max.ms = 1000
	controller.quorum.election.timeout.ms = 1000
	controller.quorum.fetch.timeout.ms = 2000
	controller.quorum.request.timeout.ms = 2000
	controller.quorum.retry.backoff.ms = 20
	controller.quorum.voters = []
	controller.quota.window.num = 11
	controller.quota.window.size.seconds = 1
	controller.socket.timeout.ms = 1000
	create.topic.policy.class.name = null
	default.replication.factor = 1
	delegation.token.expiry.check.interval.ms = 3600000
	delegation.token.expiry.time.ms = 86400000
	delegation.token.master.key = null
	delegation.token.max.lifetime.ms = 604800000
	delegation.token.secret.key = null
	delete.records.purgatory.purge.interval.requests = 1
	delete.topic.enable = true
	early.start.listeners = null
	eligible.leader.replicas.enable = false
	fetch.max.bytes = 57671680
	fetch.purgatory.purge.interval.requests = 1000
	group.consumer.assignors = [org.apache.kafka.coordinator.group.assignor.UniformAssignor, org.apache.kafka.coordinator.group.assignor.RangeAssignor]
	group.consumer.heartbeat.interval.ms = 5000
	group.consumer.max.heartbeat.interval.ms = 15000
	group.consumer.max.session.timeout.ms = 60000
	group.consumer.max.size = 2147483647
	group.consumer.migration.policy = disabled
	group.consumer.min.heartbeat.interval.ms = 5000
	group.consumer.min.session.timeout.ms = 45000
	group.consumer.session.timeout.ms = 45000
	group.coordinator.append.linger.ms = 10
	group.coordinator.new.enable = false
	group.coordinator.rebalance.protocols = [classic]
	group.coordinator.threads = 1
	group.initial.rebalance.delay.ms = 0
	group.max.session.timeout.ms = 1800000
	group.max.size = 2147483647
	group.min.session.timeout.ms = 6000
	group.share.delivery.count.limit = 5
	group.share.enable = false
	group.share.heartbeat.interval.ms = 5000
	group.share.max.groups = 10
	group.share.max.heartbeat.interval.ms = 15000
	group.share.max.record.lock.duration.ms = 60000
	group.share.max.session.timeout.ms = 60000
	group.share.max.size = 200
	group.share.min.heartbeat.interval.ms = 5000
	group.share.min.record.lock.duration.ms = 15000
	group.share.min.session.timeout.ms = 45000
	group.share.partition.max.record.locks = 200
	group.share.record.lock.duration.ms = 30000
	group.share.session.timeout.ms = 45000
	initial.broker.registration.timeout.ms = 60000
	inter.broker.listener.name = null
	inter.broker.protocol.version = 3.9-IV0
	kafka.metrics.polling.interval.secs = 10
	kafka.metrics.reporters = []
	leader.imbalance.check.interval.seconds = 300
	leader.imbalance.per.broker.percentage = 10
	listener.security.protocol.map = SASL_SSL:SASL_SSL,PLAINTEXT:PLAINTEXT,SSL:SSL,SASL_PLAINTEXT:SASL_PLAINTEXT
	listeners = PLAINTEXT://localhost:0
	log.cleaner.backoff.ms = 15000
	log.cleaner.dedupe.buffer.size = 2097152
	log.cleaner.delete.retention.ms = 86400000
	log.cleaner.enable = true
	log.cleaner.io.buffer.load.factor = 0.9
	log.cleaner.io.buffer.size = 524288
	log.cleaner.io.max.bytes.per.second = 1.7976931348623157E308
	log.cleaner.max.compaction.lag.ms = 9223372036854775807
	log.cleaner.min.cleanable.ratio = 0.5
	log.cleaner.min.compaction.lag.ms = 0
	log.cleaner.threads = 1
	log.cleanup.policy = [delete]
	log.dir = /tmp/spring.kafka.0ca204ab-9734-4107-8a11-f1ac95d0dc1118210168812142648123
	log.dir.failure.timeout.ms = 30000
	log.dirs = null
	log.flush.interval.messages = 9223372036854775807
	log.flush.interval.ms = null
	log.flush.offset.checkpoint.interval.ms = 60000
	log.flush.scheduler.interval.ms = 9223372036854775807
	log.flush.start.offset.checkpoint.interval.ms = 60000
	log.index.interval.bytes = 4096
	log.index.size.max.bytes = 10485760
	log.initial.task.delay.ms = 100
	log.local.retention.bytes = -2
	log.local.retention.ms = -2
	log.message.downconversion.enable = true
	log.message.format.version = 3.0-IV1
	log.message.timestamp.after.max.ms = 9223372036854775807
	log.message.timestamp.before.max.ms = 9223372036854775807
	log.message.timestamp.difference.max.ms = 9223372036854775807
	log.message.timestamp.type = CreateTime
	log.preallocate = false
	log.retention.bytes = -1
	log.retention.check.interval.ms = 300000
	log.retention.hours = 168
	log.retention.minutes = null
	log.retention.ms = null
	log.roll.hours = 168
	log.roll.jitter.hours = 0
	log.roll.jitter.ms = null
	log.roll.ms = null
	log.segment.bytes = 1073741824
	log.segment.delete.delay.ms = 1000
	max.connection.creation.rate = 2147483647
	max.connections = 2147483647
	max.connections.per.ip = 2147483647
	max.connections.per.ip.overrides = 
	max.incremental.fetch.session.cache.slots = 1000
	max.request.partition.size.limit = 2000
	message.max.bytes = 1048588
	metadata.log.dir = null
	metadata.log.max.record.bytes.between.snapshots = 20971520
	metadata.log.max.snapshot.interval.ms = 3600000
	metadata.log.segment.bytes = 1073741824
	metadata.log.segment.min.bytes = 8388608
	metadata.log.segment.ms = 604800000
	metadata.max.idle.interval.ms = 500
	metadata.max.retention.bytes = 104857600
	metadata.max.retention.ms = 604800000
	metric.reporters = []
	metrics.num.samples = 2
	metrics.recording.level = INFO
	metrics.sample.window.ms = 30000
	min.insync.replicas = 1
	node.id = 0
	num.io.threads = 8
	num.network.threads = 2
	num.partitions = 1
	num.recovery.threads.per.data.dir = 1
	num.replica.alter.log.dirs.threads = null
	num.replica.fetchers = 1
	offset.metadata.max.bytes = 4096
	offsets.commit.required.acks = -1
	offsets.commit.timeout.ms = 5000
	offsets.load.buffer.size = 5242880
	offsets.retention.check.interval.ms = 600000
	offsets.retention.minutes = 10080
	offsets.topic.compression.codec = 0
	offsets.topic.num.partitions = 5
	offsets.topic.replication.factor = 1
	offsets.topic.segment.bytes = 104857600
	password.encoder.cipher.algorithm = AES/CBC/PKCS5Padding
	password.encoder.iterations = 4096
	password.encoder.key.length = 128
	password.encoder.keyfactory.algorithm = null
	password.encoder.old.secret = null
	password.encoder.secret = null
	principal.builder.class = class org.apache.kafka.common.security.authenticator.DefaultKafkaPrincipalBuilder
	process.roles = []
	producer.id.expiration.check.interval.ms = 600000
	producer.id.expiration.ms = 86400000
	producer.purgatory.purge.interval.requests = 1000
	queued.max.request.bytes = -1
	queued.max.requests = 500
	quota.window.num = 11
	quota.window.size.seconds = 1
	remote.fetch.max.wait.ms = 500
	remote.log.index.file.cache.total.size.bytes = 1073741824
	remote.log.manager.copier.thread.pool.size = -1
	remote.log.manager.copy.max.bytes.per.second = 9223372036854775807
	remote.log.manager.copy.quota.window.num = 11
	remote.log.manager.copy.quota.window.size.seconds = 1
	remote.log.manager.expiration.thread.pool.size = -1
	remote.log.manager.fetch.max.bytes.per.second = 9223372036854775807
	remote.log.manager.fetch.quota.window.num = 11
	remote.log.manager.fetch.quota.window.size.seconds = 1
	remote.log.manager.task.interval.ms = 30000
	remote.log.manager.task.retry.backoff.max.ms = 30000
	remote.log.manager.task.retry.backoff.ms = 500
	remote.log.manager.task.retry.jitter = 0.2
	remote.log.manager.thread.pool.size = 10
	remote.log.metadata.custom.metadata.max.bytes = 128
	remote.log.metadata.manager.class.name = org.apache.kafka.server.log.remote.metadata.storage.TopicBasedRemoteLogMetadataManager
	remote.log.metadata.manager.class.path = null
	remote.log.metadata.manager.impl.prefix = rlmm.config.
	remote.log.metadata.manager.listener.name = null
	remote.log.reader.max.pending.tasks = 100
	remote.log.reader.threads = 10
	remote.log.storage.manager.class.name = null
	remote.log.storage.manager.class.path = null
	remote.log.storage.manager.impl.prefix = rsm.config.
	remote.log.storage.system.enable = false
	replica.fetch.backoff.ms = 1000
	replica.fetch.max.bytes = 1048576
	replica.fetch.min.bytes = 1
	replica.fetch.response.max.bytes = 10485760
	replica.fetch.wait.max.ms = 500
	replica.high.watermark.checkpoint.interval.ms = 9223372036854775807
	replica.lag.time.max.ms = 30000
	replica.selector.class = null
	replica.socket.receive.buffer.bytes = 65536
	replica.socket.timeout.ms = 1000
	replication.quota.window.num = 11
	replication.quota.window.size.seconds = 1
	request.timeout.ms = 30000
	reserved.broker.max.id = 1000
	sasl.client.callback.handler.class = null
	sasl.enabled.mechanisms = [GSSAPI]
	sasl.jaas.config = null
	sasl.kerberos.kinit.cmd = /usr/bin/kinit
	sasl.kerberos.min.time.before.relogin = 60000
	sasl.kerberos.principal.to.local.rules = [DEFAULT]
	sasl.kerberos.service.name = null
	sasl.kerberos.ticket.renew.jitter = 0.05
	sasl.kerberos.ticket.renew.window.factor = 0.8
	sasl.login.callback.handler.class = null
	sasl.login.class = null
	sasl.login.connect.timeout.ms = null
	sasl.login.read.timeout.ms = null
	sasl.login.refresh.buffer.seconds = 300
	sasl.login.refresh.min.period.seconds = 60
	sasl.login.refresh.window.factor = 0.8
	sasl.login.refresh.window.jitter = 0.05
	sasl.login.retry.backoff.max.ms = 10000
	sasl.login.retry.backoff.ms = 100
	sasl.mechanism.controller.protocol = GSSAPI
	sasl.mechanism.inter.broker.protocol = GSSAPI
	sasl.oauthbearer.clock.skew.seconds = 30
	sasl.oauthbearer.expected.audience = null
	sasl.oauthbearer.expected.issuer = null
	sasl.oauthbearer.jwks.endpoint.refresh.ms = 3600000
	sasl.oauthbearer.jwks.endpoint.retry.backoff.max.ms = 10000
	sasl.oauthbearer.jwks.endpoint.retry.backoff.ms = 100
	sasl.oauthbearer.jwks.endpoint.url = null
	sasl.oauthbearer.scope.claim.name = scope
	sasl.oauthbearer.sub.claim.name = sub
	sasl.oauthbearer.token.endpoint.url = null
	sasl.server.callback.handler.class = null
	sasl.server.max.receive.size = 524288
	security.inter.broker.protocol = PLAINTEXT
	security.providers = null
	server.max.startup.time.ms = 9223372036854775807
	socket.connection.setup.timeout.max.ms = 30000
	socket.connection.setup.timeout.ms = 10000
	socket.listen.backlog.size = 50
	socket.receive.buffer.bytes = 102400
	socket.request.max.bytes = 104857600
	socket.send.buffer.bytes = 102400
	ssl.allow.dn.changes = false
	ssl.allow.san.changes = false
	ssl.cipher.suites = []
	ssl.client.auth = none
	ssl.enabled.protocols = [TLSv1.2, TLSv1.3]
	ssl.endpoint.identification.algorithm = https
	ssl.engine.factory.class = null
	ssl.key.password = null
	ssl.keymanager.algorithm = SunX509
	ssl.keystore.certificate.chain = null
	ssl.keystore.key = null
	ssl.keystore.location = null
	ssl.keystore.password = null
	ssl.keystore.type = JKS
	ssl.principal.mapping.rules = DEFAULT
	ssl.protocol = TLSv1.3
	ssl.provider = null
	ssl.secure.random.implementation = null
	ssl.trustmanager.algorithm = PKIX
	ssl.truststore.certificates = null
	ssl.truststore.location = null
	ssl.truststore.password = null
	ssl.truststore.type = JKS
	telemetry.max.bytes = 1048576
	transaction.abort.timed.out.transaction.cleanup.interval.ms = 10000
	transaction.max.timeout.ms = 900000
	transaction.partition.verification.enable = true
	transaction.remove.expired.transaction.cleanup.interval.ms = 3600000
	transaction.state.log.load.buffer.size = 5242880
	transaction.state.log.min.isr = 2
	transaction.state.log.num.partitions = 50
	transaction.state.log.replication.factor = 1
	transaction.state.log.segment.bytes = 104857600
	transactional.id.expiration.ms = 604800000
	unclean.leader.election.enable = false
	unclean.leader.election.interval.ms = 300000
	unstable.api.versions.enable = true
	unstable.feature.versions.enable = true
	zookeeper.clientCnxnSocket = null
	zookeeper.connect = 127.0.0.1:40879
	zookeeper.connection.timeout.ms = 10000
	zookeeper.max.in.flight.requests = 10
	zookeeper.metadata.migration.enable = false
	zookeeper.metadata.migration.min.batch.size = 200
	zookeeper.session.timeout.ms = 18000
	zookeeper.set.acl = false
	zookeeper.ssl.cipher.suites = null
	zookeeper.ssl.client.enable = false
	zookeeper.ssl.crl.enable = false
	zookeeper.ssl.enabled.protocols = null
	zookeeper.ssl.endpoint.identification.algorithm = HTTPS
	zookeeper.ssl.keystore.location = null
	zookeeper.ssl.keystore.password = null
	zookeeper.ssl.keystore.type = null
	zookeeper.ssl.ocsp.enable = false
	zookeeper.ssl.protocol = TLSv1.2
	zookeeper.ssl.truststore.location = null
	zookeeper.ssl.truststore.password = null
	zookeeper.ssl.truststore.type = null

2026-01-31T11:43:45.237+01:00  INFO 13083 --- [yow_point] [           main] org.apache.zookeeper.common.X509Util     : Setting -D jdk.tls.rejectClientInitiatedRenegotiation=true to disable client-initiated TLS renegotiation
2026-01-31T11:43:45.307+01:00  INFO 13083 --- [yow_point] [           main] kafka.server.KafkaServer                 : starting
2026-01-31T11:43:45.307+01:00  INFO 13083 --- [yow_point] [           main] kafka.server.KafkaServer                 : Connecting to zookeeper on 127.0.0.1:40879
2026-01-31T11:43:45.341+01:00  INFO 13083 --- [yow_point] [           main] kafka.zookeeper.ZooKeeperClient          : [ZooKeeperClient Kafka server] Initializing a new session to 127.0.0.1:40879.
2026-01-31T11:43:45.344+01:00  INFO 13083 --- [yow_point] [           main] org.apache.zookeeper.ZooKeeper           : Client environment:zookeeper.version=3.8.4-9316c2a7a97e1666d8f4593f34dd6fc36ecc436c, built on 2024-02-12 22:16 UTC
2026-01-31T11:43:45.345+01:00  INFO 13083 --- [yow_point] [           main] org.apache.zookeeper.ZooKeeper           : Client environment:host.name=varnel-ThinkBook-15-G2-ITL
2026-01-31T11:43:45.345+01:00  INFO 13083 --- [yow_point] [           main] org.apache.zookeeper.ZooKeeper           : Client environment:java.version=21.0.9
2026-01-31T11:43:45.345+01:00  INFO 13083 --- [yow_point] [           main] org.apache.zookeeper.ZooKeeper           : Client environment:java.vendor=Ubuntu
2026-01-31T11:43:45.345+01:00  INFO 13083 --- [yow_point] [           main] org.apache.zookeeper.ZooKeeper           : Client environment:java.home=/usr/lib/jvm/java-21-openjdk-amd64
2026-01-31T11:43:45.345+01:00  INFO 13083 --- [yow_point] [           main] org.apache.zookeeper.ZooKeeper           : Client environment:java.class.path=/home/varnel/poi_navigoo/poi-navigoo-backend/target/test-classes:/home/varnel/poi_navigoo/poi-navigoo-backend/target/classes:/home/varnel/.m2/repository/org/testcontainers/junit-jupiter/1.19.3/junit-jupiter-1.19.3.jar:/home/varnel/.m2/repository/org/testcontainers/testcontainers/1.19.3/testcontainers-1.19.3.jar:/home/varnel/.m2/repository/junit/junit/4.13.2/junit-4.13.2.jar:/home/varnel/.m2/repository/org/hamcrest/hamcrest-core/3.0/hamcrest-core-3.0.jar:/home/varnel/.m2/repository/org/apache/commons/commons-compress/1.24.0/commons-compress-1.24.0.jar:/home/varnel/.m2/repository/org/rnorth/duct-tape/duct-tape/1.0.8/duct-tape-1.0.8.jar:/home/varnel/.m2/repository/org/jetbrains/annotations/17.0.0/annotations-17.0.0.jar:/home/varnel/.m2/repository/com/github/docker-java/docker-java-api/3.3.4/docker-java-api-3.3.4.jar:/home/varnel/.m2/repository/com/github/docker-java/docker-java-transport-zerodep/3.3.4/docker-java-transport-zerodep-3.3.4.jar:/home/varnel/.m2/repository/com/github/docker-java/docker-java-transport/3.3.4/docker-java-transport-3.3.4.jar:/home/varnel/.m2/repository/net/java/dev/jna/jna/5.13.0/jna-5.13.0.jar:/home/varnel/.m2/repository/org/testcontainers/postgresql/1.19.3/postgresql-1.19.3.jar:/home/varnel/.m2/repository/org/testcontainers/jdbc/1.19.3/jdbc-1.19.3.jar:/home/varnel/.m2/repository/org/testcontainers/database-commons/1.19.3/database-commons-1.19.3.jar:/home/varnel/.m2/repository/org/springframework/boot/spring-boot-starter-actuator/3.5.0/spring-boot-starter-actuator-3.5.0.jar:/home/varnel/.m2/repository/org/springframework/boot/spring-boot-starter/3.5.0/spring-boot-starter-3.5.0.jar:/home/varnel/.m2/repository/org/springframework/boot/spring-boot-starter-logging/3.5.0/spring-boot-starter-logging-3.5.0.jar:/home/varnel/.m2/repository/org/apache/logging/log4j/log4j-to-slf4j/2.24.3/log4j-to-slf4j-2.24.3.jar:/home/varnel/.m2/repository/org/apache/logging/log4j/log4j-api/2.24.3/log4j-api-2.24.3.jar:/home/varnel/.m2/repository/org/slf4j/jul-to-slf4j/2.0.17/jul-to-slf4j-2.0.17.jar:/home/varnel/.m2/repository/jakarta/annotation/jakarta.annotation-api/2.1.1/jakarta.annotation-api-2.1.1.jar:/home/varnel/.m2/repository/org/springframework/boot/spring-boot-actuator-autoconfigure/3.5.0/spring-boot-actuator-autoconfigure-3.5.0.jar:/home/varnel/.m2/repository/org/springframework/boot/spring-boot-actuator/3.5.0/spring-boot-actuator-3.5.0.jar:/home/varnel/.m2/repository/io/micrometer/micrometer-observation/1.15.0/micrometer-observation-1.15.0.jar:/home/varnel/.m2/repository/io/micrometer/micrometer-commons/1.15.0/micrometer-commons-1.15.0.jar:/home/varnel/.m2/repository/io/micrometer/micrometer-jakarta9/1.15.0/micrometer-jakarta9-1.15.0.jar:/home/varnel/.m2/repository/io/micrometer/micrometer-registry-prometheus/1.15.0/micrometer-registry-prometheus-1.15.0.jar:/home/varnel/.m2/repository/io/micrometer/micrometer-core/1.15.0/micrometer-core-1.15.0.jar:/home/varnel/.m2/repository/org/hdrhistogram/HdrHistogram/2.2.2/HdrHistogram-2.2.2.jar:/home/varnel/.m2/repository/org/latencyutils/LatencyUtils/2.0.3/LatencyUtils-2.0.3.jar:/home/varnel/.m2/repository/io/prometheus/prometheus-metrics-core/1.3.6/prometheus-metrics-core-1.3.6.jar:/home/varnel/.m2/repository/io/prometheus/prometheus-metrics-model/1.3.6/prometheus-metrics-model-1.3.6.jar:/home/varnel/.m2/repository/io/prometheus/prometheus-metrics-config/1.3.6/prometheus-metrics-config-1.3.6.jar:/home/varnel/.m2/repository/io/prometheus/prometheus-metrics-tracer-common/1.3.6/prometheus-metrics-tracer-common-1.3.6.jar:/home/varnel/.m2/repository/io/prometheus/prometheus-metrics-exposition-formats/1.3.6/prometheus-metrics-exposition-formats-1.3.6.jar:/home/varnel/.m2/repository/io/prometheus/prometheus-metrics-exposition-textformats/1.3.6/prometheus-metrics-exposition-textformats-1.3.6.jar:/home/varnel/.m2/repository/org/springframework/boot/spring-boot-starter-security/3.5.0/spring-boot-starter-security-3.5.0.jar:/home/varnel/.m2/repository/org/springframework/spring-aop/6.2.7/spring-aop-6.2.7.jar:/home/varnel/.m2/repository/org/springframework/spring-beans/6.2.7/spring-beans-6.2.7.jar:/home/varnel/.m2/repository/org/springframework/security/spring-security-config/6.5.0/spring-security-config-6.5.0.jar:/home/varnel/.m2/repository/org/springframework/security/spring-security-core/6.5.0/spring-security-core-6.5.0.jar:/home/varnel/.m2/repository/org/springframework/security/spring-security-crypto/6.5.0/spring-security-crypto-6.5.0.jar:/home/varnel/.m2/repository/org/springframework/security/spring-security-web/6.5.0/spring-security-web-6.5.0.jar:/home/varnel/.m2/repository/org/springframework/spring-expression/6.2.7/spring-expression-6.2.7.jar:/home/varnel/.m2/repository/org/springframework/boot/spring-boot-starter-webflux/3.5.0/spring-boot-starter-webflux-3.5.0.jar:/home/varnel/.m2/repository/org/springframework/boot/spring-boot-starter-json/3.5.0/spring-boot-starter-json-3.5.0.jar:/home/varnel/.m2/repository/com/fasterxml/jackson/datatype/jackson-datatype-jdk8/2.19.0/jackson-datatype-jdk8-2.19.0.jar:/home/varnel/.m2/repository/com/fasterxml/jackson/module/jackson-module-parameter-names/2.19.0/jackson-module-parameter-names-2.19.0.jar:/home/varnel/.m2/repository/org/springframework/boot/spring-boot-starter-reactor-netty/3.5.0/spring-boot-starter-reactor-netty-3.5.0.jar:/home/varnel/.m2/repository/io/projectreactor/netty/reactor-netty-http/1.2.6/reactor-netty-http-1.2.6.jar:/home/varnel/.m2/repository/io/netty/netty-codec-http/4.1.121.Final/netty-codec-http-4.1.121.Final.jar:/home/varnel/.m2/repository/io/netty/netty-codec-http2/4.1.121.Final/netty-codec-http2-4.1.121.Final.jar:/home/varnel/.m2/repository/org/springframework/spring-web/6.2.7/spring-web-6.2.7.jar:/home/varnel/.m2/repository/org/springframework/spring-webflux/6.2.7/spring-webflux-6.2.7.jar:/home/varnel/.m2/repository/org/springframework/boot/spring-boot-starter-data-r2dbc/3.5.0/spring-boot-starter-data-r2dbc-3.5.0.jar:/home/varnel/.m2/repository/org/springframework/data/spring-data-r2dbc/3.5.0/spring-data-r2dbc-3.5.0.jar:/home/varnel/.m2/repository/org/springframework/data/spring-data-relational/3.5.0/spring-data-relational-3.5.0.jar:/home/varnel/.m2/repository/org/springframework/data/spring-data-commons/3.5.0/spring-data-commons-3.5.0.jar:/home/varnel/.m2/repository/org/springframework/spring-r2dbc/6.2.7/spring-r2dbc-6.2.7.jar:/home/varnel/.m2/repository/org/postgresql/r2dbc-postgresql/1.0.7.RELEASE/r2dbc-postgresql-1.0.7.RELEASE.jar:/home/varnel/.m2/repository/com/ongres/scram/client/2.1/client-2.1.jar:/home/varnel/.m2/repository/com/ongres/scram/common/2.1/common-2.1.jar:/home/varnel/.m2/repository/com/ongres/stringprep/saslprep/1.1/saslprep-1.1.jar:/home/varnel/.m2/repository/com/ongres/stringprep/stringprep/1.1/stringprep-1.1.jar:/home/varnel/.m2/repository/io/projectreactor/reactor-core/3.7.6/reactor-core-3.7.6.jar:/home/varnel/.m2/repository/io/projectreactor/netty/reactor-netty-core/1.2.6/reactor-netty-core-1.2.6.jar:/home/varnel/.m2/repository/io/netty/netty-handler/4.1.121.Final/netty-handler-4.1.121.Final.jar:/home/varnel/.m2/repository/io/netty/netty-resolver/4.1.121.Final/netty-resolver-4.1.121.Final.jar:/home/varnel/.m2/repository/io/netty/netty-buffer/4.1.121.Final/netty-buffer-4.1.121.Final.jar:/home/varnel/.m2/repository/io/netty/netty-transport-native-unix-common/4.1.121.Final/netty-transport-native-unix-common-4.1.121.Final.jar:/home/varnel/.m2/repository/io/netty/netty-codec/4.1.121.Final/netty-codec-4.1.121.Final.jar:/home/varnel/.m2/repository/io/netty/netty-handler-proxy/4.1.121.Final/netty-handler-proxy-4.1.121.Final.jar:/home/varnel/.m2/repository/io/netty/netty-codec-socks/4.1.121.Final/netty-codec-socks-4.1.121.Final.jar:/home/varnel/.m2/repository/io/netty/netty-resolver-dns/4.1.121.Final/netty-resolver-dns-4.1.121.Final.jar:/home/varnel/.m2/repository/io/netty/netty-codec-dns/4.1.121.Final/netty-codec-dns-4.1.121.Final.jar:/home/varnel/.m2/repository/io/netty/netty-resolver-dns-native-macos/4.1.121.Final/netty-resolver-dns-native-macos-4.1.121.Final-osx-x86_64.jar:/home/varnel/.m2/repository/io/netty/netty-resolver-dns-classes-macos/4.1.121.Final/netty-resolver-dns-classes-macos-4.1.121.Final.jar:/home/varnel/.m2/repository/io/netty/netty-transport-native-epoll/4.1.121.Final/netty-transport-native-epoll-4.1.121.Final-linux-x86_64.jar:/home/varnel/.m2/repository/io/netty/netty-transport-classes-epoll/4.1.121.Final/netty-transport-classes-epoll-4.1.121.Final.jar:/home/varnel/.m2/repository/net/postgis/postgis-jdbc/2.5.0/postgis-jdbc-2.5.0.jar:/home/varnel/.m2/repository/net/postgis/postgis-geometry/2.5.0/postgis-geometry-2.5.0.jar:/home/varnel/.m2/repository/org/slf4j/slf4j-api/2.0.17/slf4j-api-2.0.17.jar:/home/varnel/.m2/repository/org/postgresql/postgresql/42.7.5/postgresql-42.7.5.jar:/home/varnel/.m2/repository/org/checkerframework/checker-qual/3.48.3/checker-qual-3.48.3.jar:/home/varnel/.m2/repository/io/r2dbc/r2dbc-pool/1.0.2.RELEASE/r2dbc-pool-1.0.2.RELEASE.jar:/home/varnel/.m2/repository/io/projectreactor/addons/reactor-pool/1.1.2/reactor-pool-1.1.2.jar:/home/varnel/.m2/repository/io/r2dbc/r2dbc-spi/1.0.0.RELEASE/r2dbc-spi-1.0.0.RELEASE.jar:/home/varnel/.m2/repository/org/reactivestreams/reactive-streams/1.0.4/reactive-streams-1.0.4.jar:/home/varnel/.m2/repository/com/fasterxml/jackson/core/jackson-databind/2.19.0/jackson-databind-2.19.0.jar:/home/varnel/.m2/repository/com/fasterxml/jackson/core/jackson-annotations/2.19.0/jackson-annotations-2.19.0.jar:/home/varnel/.m2/repository/com/fasterxml/jackson/core/jackson-core/2.19.0/jackson-core-2.19.0.jar:/home/varnel/.m2/repository/com/fasterxml/jackson/datatype/jackson-datatype-jsr310/2.19.0/jackson-datatype-jsr310-2.19.0.jar:/home/varnel/.m2/repository/org/springframework/boot/spring-boot-starter-validation/3.5.0/spring-boot-starter-validation-3.5.0.jar:/home/varnel/.m2/repository/org/apache/tomcat/embed/tomcat-embed-el/10.1.41/tomcat-embed-el-10.1.41.jar:/home/varnel/.m2/repository/org/hibernate/validator/hibernate-validator/8.0.2.Final/hibernate-validator-8.0.2.Final.jar:/home/varnel/.m2/repository/jakarta/validation/jakarta.validation-api/3.0.2/jakarta.validation-api-3.0.2.jar:/home/varnel/.m2/repository/org/jboss/logging/jboss-logging/3.6.1.Final/jboss-logging-3.6.1.Final.jar:/home/varnel/.m2/repository/com/fasterxml/classmate/1.7.0/classmate-1.7.0.jar:/home/varnel/.m2/repository/org/springframework/boot/spring-boot-devtools/3.5.0/spring-boot-devtools-3.5.0.jar:/home/varnel/.m2/repository/org/springframework/boot/spring-boot/3.5.0/spring-boot-3.5.0.jar:/home/varnel/.m2/repository/org/springframework/boot/spring-boot-autoconfigure/3.5.0/spring-boot-autoconfigure-3.5.0.jar:/home/varnel/.m2/repository/org/locationtech/jts/jts-core/1.19.0/jts-core-1.19.0.jar:/home/varnel/.m2/repository/org/springframework/boot/spring-boot-starter-websocket/3.5.0/spring-boot-starter-websocket-3.5.0.jar:/home/varnel/.m2/repository/org/springframework/boot/spring-boot-starter-web/3.5.0/spring-boot-starter-web-3.5.0.jar:/home/varnel/.m2/repository/org/springframework/boot/spring-boot-starter-tomcat/3.5.0/spring-boot-starter-tomcat-3.5.0.jar:/home/varnel/.m2/repository/org/apache/tomcat/embed/tomcat-embed-core/10.1.41/tomcat-embed-core-10.1.41.jar:/home/varnel/.m2/repository/org/apache/tomcat/embed/tomcat-embed-websocket/10.1.41/tomcat-embed-websocket-10.1.41.jar:/home/varnel/.m2/repository/org/springframework/spring-webmvc/6.2.7/spring-webmvc-6.2.7.jar:/home/varnel/.m2/repository/org/springframework/spring-messaging/6.2.7/spring-messaging-6.2.7.jar:/home/varnel/.m2/repository/org/springframework/spring-websocket/6.2.7/spring-websocket-6.2.7.jar:/home/varnel/.m2/repository/org/projectlombok/lombok/1.18.32/lombok-1.18.32.jar:/home/varnel/.m2/repository/org/mapstruct/mapstruct/1.5.5.Final/mapstruct-1.5.5.Final.jar:/home/varnel/.m2/repository/org/mapstruct/mapstruct-processor/1.5.5.Final/mapstruct-processor-1.5.5.Final.jar:/home/varnel/.m2/repository/org/springframework/boot/spring-boot-starter-test/3.5.0/spring-boot-starter-test-3.5.0.jar:/home/varnel/.m2/repository/org/springframework/boot/spring-boot-test/3.5.0/spring-boot-test-3.5.0.jar:/home/varnel/.m2/repository/org/springframework/boot/spring-boot-test-autoconfigure/3.5.0/spring-boot-test-autoconfigure-3.5.0.jar:/home/varnel/.m2/repository/com/jayway/jsonpath/json-path/2.9.0/json-path-2.9.0.jar:/home/varnel/.m2/repository/jakarta/xml/bind/jakarta.xml.bind-api/4.0.2/jakarta.xml.bind-api-4.0.2.jar:/home/varnel/.m2/repository/jakarta/activation/jakarta.activation-api/2.1.3/jakarta.activation-api-2.1.3.jar:/home/varnel/.m2/repository/net/minidev/json-smart/2.5.2/json-smart-2.5.2.jar:/home/varnel/.m2/repository/net/minidev/accessors-smart/2.5.2/accessors-smart-2.5.2.jar:/home/varnel/.m2/repository/org/ow2/asm/asm/9.7.1/asm-9.7.1.jar:/home/varnel/.m2/repository/org/assertj/assertj-core/3.27.3/assertj-core-3.27.3.jar:/home/varnel/.m2/repository/net/bytebuddy/byte-buddy/1.17.5/byte-buddy-1.17.5.jar:/home/varnel/.m2/repository/org/awaitility/awaitility/4.3.0/awaitility-4.3.0.jar:/home/varnel/.m2/repository/org/hamcrest/hamcrest/3.0/hamcrest-3.0.jar:/home/varnel/.m2/repository/org/junit/jupiter/junit-jupiter/5.12.2/junit-jupiter-5.12.2.jar:/home/varnel/.m2/repository/org/junit/jupiter/junit-jupiter-params/5.12.2/junit-jupiter-params-5.12.2.jar:/home/varnel/.m2/repository/org/junit/jupiter/junit-jupiter-engine/5.12.2/junit-jupiter-engine-5.12.2.jar:/home/varnel/.m2/repository/org/mockito/mockito-core/5.17.0/mockito-core-5.17.0.jar:/home/varnel/.m2/repository/net/bytebuddy/byte-buddy-agent/1.17.5/byte-buddy-agent-1.17.5.jar:/home/varnel/.m2/repository/org/objenesis/objenesis/3.3/objenesis-3.3.jar:/home/varnel/.m2/repository/org/mockito/mockito-junit-jupiter/5.17.0/mockito-junit-jupiter-5.17.0.jar:/home/varnel/.m2/repository/org/skyscreamer/jsonassert/1.5.3/jsonassert-1.5.3.jar:/home/varnel/.m2/repository/com/vaadin/external/google/android-json/0.0.20131108.vaadin1/android-json-0.0.20131108.vaadin1.jar:/home/varnel/.m2/repository/org/springframework/spring-core/6.2.7/spring-core-6.2.7.jar:/home/varnel/.m2/repository/org/springframework/spring-jcl/6.2.7/spring-jcl-6.2.7.jar:/home/varnel/.m2/repository/org/springframework/spring-test/6.2.7/spring-test-6.2.7.jar:/home/varnel/.m2/repository/org/xmlunit/xmlunit-core/2.10.1/xmlunit-core-2.10.1.jar:/home/varnel/.m2/repository/io/projectreactor/reactor-test/3.7.6/reactor-test-3.7.6.jar:/home/varnel/.m2/repository/io/r2dbc/r2dbc-h2/1.0.0.RELEASE/r2dbc-h2-1.0.0.RELEASE.jar:/home/varnel/.m2/repository/com/h2database/h2/2.3.232/h2-2.3.232.jar:/home/varnel/.m2/repository/org/springdoc/springdoc-openapi-starter-webflux-ui/2.5.0/springdoc-openapi-starter-webflux-ui-2.5.0.jar:/home/varnel/.m2/repository/org/springdoc/springdoc-openapi-starter-webflux-api/2.5.0/springdoc-openapi-starter-webflux-api-2.5.0.jar:/home/varnel/.m2/repository/org/springdoc/springdoc-openapi-starter-common/2.5.0/springdoc-openapi-starter-common-2.5.0.jar:/home/varnel/.m2/repository/io/swagger/core/v3/swagger-core-jakarta/2.2.21/swagger-core-jakarta-2.2.21.jar:/home/varnel/.m2/repository/io/swagger/core/v3/swagger-annotations-jakarta/2.2.21/swagger-annotations-jakarta-2.2.21.jar:/home/varnel/.m2/repository/io/swagger/core/v3/swagger-models-jakarta/2.2.21/swagger-models-jakarta-2.2.21.jar:/home/varnel/.m2/repository/com/fasterxml/jackson/dataformat/jackson-dataformat-yaml/2.19.0/jackson-dataformat-yaml-2.19.0.jar:/home/varnel/.m2/repository/org/webjars/swagger-ui/5.13.0/swagger-ui-5.13.0.jar:/home/varnel/.m2/repository/org/springframework/kafka/spring-kafka/3.3.6/spring-kafka-3.3.6.jar:/home/varnel/.m2/repository/org/springframework/spring-context/6.2.7/spring-context-6.2.7.jar:/home/varnel/.m2/repository/org/springframework/spring-tx/6.2.7/spring-tx-6.2.7.jar:/home/varnel/.m2/repository/org/springframework/retry/spring-retry/2.0.12/spring-retry-2.0.12.jar:/home/varnel/.m2/repository/org/apache/kafka/kafka-clients/3.9.1/kafka-clients-3.9.1.jar:/home/varnel/.m2/repository/com/github/luben/zstd-jni/1.5.6-4/zstd-jni-1.5.6-4.jar:/home/varnel/.m2/repository/org/lz4/lz4-java/1.8.0/lz4-java-1.8.0.jar:/home/varnel/.m2/repository/org/xerial/snappy/snappy-java/1.1.10.5/snappy-java-1.1.10.5.jar:/home/varnel/.m2/repository/org/springframework/kafka/spring-kafka-test/3.3.6/spring-kafka-test-3.3.6.jar:/home/varnel/.m2/repository/org/apache/zookeeper/zookeeper/3.8.4/zookeeper-3.8.4.jar:/home/varnel/.m2/repository/org/apache/zookeeper/zookeeper-jute/3.8.4/zookeeper-jute-3.8.4.jar:/home/varnel/.m2/repository/org/apache/yetus/audience-annotations/0.12.0/audience-annotations-0.12.0.jar:/home/varnel/.m2/repository/io/netty/netty-transport-native-epoll/4.1.121.Final/netty-transport-native-epoll-4.1.121.Final.jar:/home/varnel/.m2/repository/ch/qos/logback/logback-core/1.5.18/logback-core-1.5.18.jar:/home/varnel/.m2/repository/ch/qos/logback/logback-classic/1.5.18/logback-classic-1.5.18.jar:/home/varnel/.m2/repository/org/apache/kafka/kafka-clients/3.9.1/kafka-clients-3.9.1-test.jar:/home/varnel/.m2/repository/org/apache/kafka/kafka-server/3.9.1/kafka-server-3.9.1.jar:/home/varnel/.m2/repository/org/apache/kafka/kafka-storage/3.9.1/kafka-storage-3.9.1.jar:/home/varnel/.m2/repository/com/github/ben-manes/caffeine/caffeine/3.2.0/caffeine-3.2.0.jar:/home/varnel/.m2/repository/org/jspecify/jspecify/1.0.0/jspecify-1.0.0.jar:/home/varnel/.m2/repository/com/google/errorprone/error_prone_annotations/2.36.0/error_prone_annotations-2.36.0.jar:/home/varnel/.m2/repository/org/apache/kafka/kafka-group-coordinator/3.9.1/kafka-group-coordinator-3.9.1.jar:/home/varnel/.m2/repository/org/apache/kafka/kafka-transaction-coordinator/3.9.1/kafka-transaction-coordinator-3.9.1.jar:/home/varnel/.m2/repository/org/apache/kafka/kafka-raft/3.9.1/kafka-raft-3.9.1.jar:/home/varnel/.m2/repository/com/yammer/metrics/metrics-core/2.2.0/metrics-core-2.2.0.jar:/home/varnel/.m2/repository/org/apache/kafka/kafka-metadata/3.9.1/kafka-metadata-3.9.1.jar:/home/varnel/.m2/repository/org/apache/kafka/kafka-server-common/3.9.1/kafka-server-common-3.9.1.jar:/home/varnel/.m2/repository/net/sf/jopt-simple/jopt-simple/5.0.4/jopt-simple-5.0.4.jar:/home/varnel/.m2/repository/org/pcollections/pcollections/4.0.1/pcollections-4.0.1.jar:/home/varnel/.m2/repository/org/apache/kafka/kafka-server-common/3.9.1/kafka-server-common-3.9.1-test.jar:/home/varnel/.m2/repository/org/apache/kafka/kafka-streams-test-utils/3.9.1/kafka-streams-test-utils-3.9.1.jar:/home/varnel/.m2/repository/org/apache/kafka/kafka-streams/3.9.1/kafka-streams-3.9.1.jar:/home/varnel/.m2/repository/org/rocksdb/rocksdbjni/7.9.2/rocksdbjni-7.9.2.jar:/home/varnel/.m2/repository/org/apache/kafka/kafka_2.13/3.9.1/kafka_2.13-3.9.1.jar:/home/varnel/.m2/repository/org/scala-lang/scala-library/2.13.15/scala-library-2.13.15.jar:/home/varnel/.m2/repository/org/apache/kafka/kafka-group-coordinator-api/3.9.1/kafka-group-coordinator-api-3.9.1.jar:/home/varnel/.m2/repository/org/apache/kafka/kafka-storage-api/3.9.1/kafka-storage-api-3.9.1.jar:/home/varnel/.m2/repository/org/apache/kafka/kafka-tools-api/3.9.1/kafka-tools-api-3.9.1.jar:/home/varnel/.m2/repository/net/sourceforge/argparse4j/argparse4j/0.7.0/argparse4j-0.7.0.jar:/home/varnel/.m2/repository/commons-validator/commons-validator/1.7/commons-validator-1.7.jar:/home/varnel/.m2/repository/commons-beanutils/commons-beanutils/1.9.4/commons-beanutils-1.9.4.jar:/home/varnel/.m2/repository/commons-digester/commons-digester/2.1/commons-digester-2.1.jar:/home/varnel/.m2/repository/commons-collections/commons-collections/3.2.2/commons-collections-3.2.2.jar:/home/varnel/.m2/repository/com/fasterxml/jackson/module/jackson-module-scala_2.13/2.19.0/jackson-module-scala_2.13-2.19.0.jar:/home/varnel/.m2/repository/com/thoughtworks/paranamer/paranamer/2.8.3/paranamer-2.8.3.jar:/home/varnel/.m2/repository/com/fasterxml/jackson/dataformat/jackson-dataformat-csv/2.19.0/jackson-dataformat-csv-2.19.0.jar:/home/varnel/.m2/repository/org/bitbucket/b_c/jose4j/0.9.4/jose4j-0.9.4.jar:/home/varnel/.m2/repository/org/scala-lang/modules/scala-collection-compat_2.13/2.10.0/scala-collection-compat_2.13-2.10.0.jar:/home/varnel/.m2/repository/org/scala-lang/modules/scala-java8-compat_2.13/1.0.2/scala-java8-compat_2.13-1.0.2.jar:/home/varnel/.m2/repository/org/scala-lang/scala-reflect/2.13.15/scala-reflect-2.13.15.jar:/home/varnel/.m2/repository/com/typesafe/scala-logging/scala-logging_2.13/3.9.5/scala-logging_2.13-3.9.5.jar:/home/varnel/.m2/repository/io/dropwizard/metrics/metrics-core/4.1.12.1/metrics-core-4.1.12.1.jar:/home/varnel/.m2/repository/commons-cli/commons-cli/1.4/commons-cli-1.4.jar:/home/varnel/.m2/repository/org/apache/kafka/kafka_2.13/3.9.1/kafka_2.13-3.9.1-test.jar:/home/varnel/.m2/repository/org/junit/jupiter/junit-jupiter-api/5.12.2/junit-jupiter-api-5.12.2.jar:/home/varnel/.m2/repository/org/opentest4j/opentest4j/1.3.0/opentest4j-1.3.0.jar:/home/varnel/.m2/repository/org/junit/platform/junit-platform-commons/1.12.2/junit-platform-commons-1.12.2.jar:/home/varnel/.m2/repository/org/apiguardian/apiguardian-api/1.1.2/apiguardian-api-1.1.2.jar:/home/varnel/.m2/repository/org/junit/platform/junit-platform-launcher/1.12.2/junit-platform-launcher-1.12.2.jar:/home/varnel/.m2/repository/org/junit/platform/junit-platform-engine/1.12.2/junit-platform-engine-1.12.2.jar:/home/varnel/.m2/repository/org/springframework/boot/spring-boot-starter-data-redis/3.5.0/spring-boot-starter-data-redis-3.5.0.jar:/home/varnel/.m2/repository/io/lettuce/lettuce-core/6.5.5.RELEASE/lettuce-core-6.5.5.RELEASE.jar:/home/varnel/.m2/repository/io/netty/netty-common/4.1.121.Final/netty-common-4.1.121.Final.jar:/home/varnel/.m2/repository/io/netty/netty-transport/4.1.121.Final/netty-transport-4.1.121.Final.jar:/home/varnel/.m2/repository/org/springframework/data/spring-data-redis/3.5.0/spring-data-redis-3.5.0.jar:/home/varnel/.m2/repository/org/springframework/data/spring-data-keyvalue/3.5.0/spring-data-keyvalue-3.5.0.jar:/home/varnel/.m2/repository/org/springframework/spring-oxm/6.2.7/spring-oxm-6.2.7.jar:/home/varnel/.m2/repository/org/springframework/spring-context-support/6.2.7/spring-context-support-6.2.7.jar:/home/varnel/.m2/repository/org/springframework/boot/spring-boot-starter-jdbc/3.5.0/spring-boot-starter-jdbc-3.5.0.jar:/home/varnel/.m2/repository/com/zaxxer/HikariCP/6.3.0/HikariCP-6.3.0.jar:/home/varnel/.m2/repository/org/springframework/spring-jdbc/6.2.7/spring-jdbc-6.2.7.jar:/home/varnel/.m2/repository/org/liquibase/liquibase-core/4.31.1/liquibase-core-4.31.1.jar:/home/varnel/.m2/repository/com/opencsv/opencsv/5.9/opencsv-5.9.jar:/home/varnel/.m2/repository/org/yaml/snakeyaml/2.4/snakeyaml-2.4.jar:/home/varnel/.m2/repository/javax/xml/bind/jaxb-api/2.3.1/jaxb-api-2.3.1.jar:/home/varnel/.m2/repository/org/apache/commons/commons-collections4/4.4/commons-collections4-4.4.jar:/home/varnel/.m2/repository/org/apache/commons/commons-text/1.13.0/commons-text-1.13.0.jar:/home/varnel/.m2/repository/org/apache/commons/commons-lang3/3.17.0/commons-lang3-3.17.0.jar:/home/varnel/.m2/repository/commons-io/commons-io/2.18.0/commons-io-2.18.0.jar:
2026-01-31T11:43:45.349+01:00  INFO 13083 --- [yow_point] [           main] org.apache.zookeeper.ZooKeeper           : Client environment:java.library.path=/usr/java/packages/lib:/usr/lib/x86_64-linux-gnu/jni:/lib/x86_64-linux-gnu:/usr/lib/x86_64-linux-gnu:/usr/lib/jni:/lib:/usr/lib
2026-01-31T11:43:45.349+01:00  INFO 13083 --- [yow_point] [           main] org.apache.zookeeper.ZooKeeper           : Client environment:java.io.tmpdir=/tmp
2026-01-31T11:43:45.349+01:00  INFO 13083 --- [yow_point] [           main] org.apache.zookeeper.ZooKeeper           : Client environment:java.compiler=<NA>
2026-01-31T11:43:45.349+01:00  INFO 13083 --- [yow_point] [           main] org.apache.zookeeper.ZooKeeper           : Client environment:os.name=Linux
2026-01-31T11:43:45.349+01:00  INFO 13083 --- [yow_point] [           main] org.apache.zookeeper.ZooKeeper           : Client environment:os.arch=amd64
2026-01-31T11:43:45.349+01:00  INFO 13083 --- [yow_point] [           main] org.apache.zookeeper.ZooKeeper           : Client environment:os.version=6.14.0-37-generic
2026-01-31T11:43:45.349+01:00  INFO 13083 --- [yow_point] [           main] org.apache.zookeeper.ZooKeeper           : Client environment:user.name=varnel
2026-01-31T11:43:45.349+01:00  INFO 13083 --- [yow_point] [           main] org.apache.zookeeper.ZooKeeper           : Client environment:user.home=/home/varnel
2026-01-31T11:43:45.350+01:00  INFO 13083 --- [yow_point] [           main] org.apache.zookeeper.ZooKeeper           : Client environment:user.dir=/home/varnel/poi_navigoo/poi-navigoo-backend
2026-01-31T11:43:45.350+01:00  INFO 13083 --- [yow_point] [           main] org.apache.zookeeper.ZooKeeper           : Client environment:os.memory.free=60MB
2026-01-31T11:43:45.350+01:00  INFO 13083 --- [yow_point] [           main] org.apache.zookeeper.ZooKeeper           : Client environment:os.memory.max=3946MB
2026-01-31T11:43:45.350+01:00  INFO 13083 --- [yow_point] [           main] org.apache.zookeeper.ZooKeeper           : Client environment:os.memory.total=86MB
2026-01-31T11:43:45.353+01:00  INFO 13083 --- [yow_point] [           main] org.apache.zookeeper.ZooKeeper           : Initiating client connection, connectString=127.0.0.1:40879 sessionTimeout=18000 watcher=kafka.zookeeper.ZooKeeperClient$ZooKeeperClientWatcher$@512575e9
2026-01-31T11:43:45.355+01:00  INFO 13083 --- [yow_point] [           main] org.apache.zookeeper.ClientCnxnSocket    : jute.maxbuffer value is 4194304 Bytes
2026-01-31T11:43:45.364+01:00  INFO 13083 --- [yow_point] [           main] org.apache.zookeeper.ClientCnxn          : zookeeper.request.timeout value is 0. feature enabled=false
2026-01-31T11:43:45.365+01:00  INFO 13083 --- [yow_point] [27.0.0.1:40879)] org.apache.zookeeper.ClientCnxn          : Opening socket connection to server /127.0.0.1:40879.
2026-01-31T11:43:45.366+01:00  INFO 13083 --- [yow_point] [           main] kafka.zookeeper.ZooKeeperClient          : [ZooKeeperClient Kafka server] Waiting until connected.
2026-01-31T11:43:45.367+01:00  INFO 13083 --- [yow_point] [27.0.0.1:40879)] org.apache.zookeeper.ClientCnxn          : Socket connection established, initiating session, client: /127.0.0.1:33688, server: /127.0.0.1:40879
2026-01-31T11:43:45.378+01:00  INFO 13083 --- [yow_point] [   SyncThread:0] o.a.z.server.persistence.FileTxnLog      : Creating new log file: log.1
2026-01-31T11:43:45.383+01:00  INFO 13083 --- [yow_point] [   SyncThread:0] o.a.zookeeper.audit.ZKAuditProvider      : ZooKeeper audit is disabled.
2026-01-31T11:43:45.389+01:00  INFO 13083 --- [yow_point] [27.0.0.1:40879)] org.apache.zookeeper.ClientCnxn          : Session establishment complete on server /127.0.0.1:40879, session id = 0x100006b02c50000, negotiated timeout = 16000
2026-01-31T11:43:45.395+01:00  INFO 13083 --- [yow_point] [           main] kafka.zookeeper.ZooKeeperClient          : [ZooKeeperClient Kafka server] Connected.
2026-01-31T11:43:45.613+01:00  INFO 13083 --- [yow_point] [           main] kafka.server.KafkaServer                 : Cluster ID = nfEzt3Z4QTy3kU92HIyIgg
2026-01-31T11:43:45.667+01:00  INFO 13083 --- [yow_point] [           main] kafka.server.KafkaConfig                 : KafkaConfig values: 
	advertised.listeners = null
	alter.config.policy.class.name = null
	alter.log.dirs.replication.quota.window.num = 11
	alter.log.dirs.replication.quota.window.size.seconds = 1
	authorizer.class.name = 
	auto.create.topics.enable = true
	auto.include.jmx.reporter = true
	auto.leader.rebalance.enable = true
	background.threads = 2
	broker.heartbeat.interval.ms = 2000
	broker.id = 0
	broker.id.generation.enable = true
	broker.rack = null
	broker.session.timeout.ms = 9000
	client.quota.callback.class = null
	compression.gzip.level = -1
	compression.lz4.level = 9
	compression.type = producer
	compression.zstd.level = 3
	connection.failed.authentication.delay.ms = 100
	connections.max.idle.ms = 600000
	connections.max.reauth.ms = 0
	control.plane.listener.name = null
	controlled.shutdown.enable = false
	controlled.shutdown.max.retries = 3
	controlled.shutdown.retry.backoff.ms = 100
	controller.listener.names = null
	controller.quorum.append.linger.ms = 25
	controller.quorum.bootstrap.servers = []
	controller.quorum.election.backoff.max.ms = 1000
	controller.quorum.election.timeout.ms = 1000
	controller.quorum.fetch.timeout.ms = 2000
	controller.quorum.request.timeout.ms = 2000
	controller.quorum.retry.backoff.ms = 20
	controller.quorum.voters = []
	controller.quota.window.num = 11
	controller.quota.window.size.seconds = 1
	controller.socket.timeout.ms = 1000
	create.topic.policy.class.name = null
	default.replication.factor = 1
	delegation.token.expiry.check.interval.ms = 3600000
	delegation.token.expiry.time.ms = 86400000
	delegation.token.master.key = null
	delegation.token.max.lifetime.ms = 604800000
	delegation.token.secret.key = null
	delete.records.purgatory.purge.interval.requests = 1
	delete.topic.enable = true
[...]
2026-01-31T11:43:52.782+01:00  INFO 13083 --- [yow_point] [er-event-thread] state.change.logger                      : [Controller id=0 epoch=1] Changed partition __consumer_offsets-1 from NewPartition to OnlinePartition with state LeaderAndIsr(leader=0, leaderEpoch=0, isrWithBrokerEpoch=List(BrokerState(brokerId=0, brokerEpoch=-1)), leaderRecoveryState=RECOVERED, partitionEpoch=0)
2026-01-31T11:43:52.782+01:00  INFO 13083 --- [yow_point] [er-event-thread] state.change.logger                      : [Controller id=0 epoch=1] Sending LeaderAndIsr request to broker 0 with 5 become-leader and 0 become-follower partitions
2026-01-31T11:43:52.782+01:00  INFO 13083 --- [yow_point] [er-event-thread] state.change.logger                      : [Controller id=0 epoch=1] Sending UpdateMetadata request to brokers HashSet(0) for 5 partitions
2026-01-31T11:43:52.783+01:00  INFO 13083 --- [yow_point] [er-event-thread] state.change.logger                      : [Controller id=0 epoch=1] Sending UpdateMetadata request to brokers HashSet() for 0 partitions
2026-01-31T11:43:52.784+01:00  INFO 13083 --- [yow_point] [quest-handler-5] state.change.logger                      : [Broker id=0] Handling LeaderAndIsr request correlationId 7 from controller 0 for 5 partitions
2026-01-31T11:43:52.793+01:00  INFO 13083 --- [yow_point] [quest-handler-5] kafka.server.ReplicaFetcherManager       : [ReplicaFetcherManager on broker 0] Removed fetcher for partitions HashSet(__consumer_offsets-4, __consumer_offsets-3, __consumer_offsets-2, __consumer_offsets-0, __consumer_offsets-1)
2026-01-31T11:43:52.793+01:00  INFO 13083 --- [yow_point] [quest-handler-5] state.change.logger                      : [Broker id=0] Stopped fetchers as part of LeaderAndIsr request correlationId 7 from controller 0 epoch 1 as part of the become-leader transition for 5 partitions
2026-01-31T11:43:52.800+01:00  INFO 13083 --- [yow_point] [quest-handler-5] kafka.log.UnifiedLog$                    : [LogLoader partition=__consumer_offsets-3, dir=/tmp/spring.kafka.0ca204ab-9734-4107-8a11-f1ac95d0dc1118210168812142648123] Loading producer state till offset 0 with message format version 2
2026-01-31T11:43:52.802+01:00  INFO 13083 --- [yow_point] [quest-handler-5] kafka.log.LogManager                     : Created log for partition __consumer_offsets-3 in /tmp/spring.kafka.0ca204ab-9734-4107-8a11-f1ac95d0dc1118210168812142648123/__consumer_offsets-3 with properties {cleanup.policy=compact, compression.type="producer", segment.bytes=104857600}
2026-01-31T11:43:52.803+01:00  INFO 13083 --- [yow_point] [quest-handler-5] kafka.cluster.Partition                  : [Partition __consumer_offsets-3 broker=0] No checkpointed highwatermark is found for partition __consumer_offsets-3
2026-01-31T11:43:52.803+01:00  INFO 13083 --- [yow_point] [quest-handler-5] kafka.cluster.Partition                  : [Partition __consumer_offsets-3 broker=0] Log loaded for partition __consumer_offsets-3 with initial high watermark 0
2026-01-31T11:43:52.803+01:00  INFO 13083 --- [yow_point] [quest-handler-5] state.change.logger                      : [Broker id=0] Leader __consumer_offsets-3 with topic id Some(20cVRvoJST6A9oRERE4snA) starts at leader epoch 0 from offset 0 with partition epoch 0, high watermark 0, ISR [0], adding replicas [] and removing replicas [] . Previous leader None and previous leader epoch was -1.
2026-01-31T11:43:52.872+01:00  INFO 13083 --- [yow_point] [quest-handler-5] kafka.log.UnifiedLog$                    : [LogLoader partition=__consumer_offsets-2, dir=/tmp/spring.kafka.0ca204ab-9734-4107-8a11-f1ac95d0dc1118210168812142648123] Loading producer state till offset 0 with message format version 2
2026-01-31T11:43:52.873+01:00  INFO 13083 --- [yow_point] [quest-handler-5] kafka.log.LogManager                     : Created log for partition __consumer_offsets-2 in /tmp/spring.kafka.0ca204ab-9734-4107-8a11-f1ac95d0dc1118210168812142648123/__consumer_offsets-2 with properties {cleanup.policy=compact, compression.type="producer", segment.bytes=104857600}
2026-01-31T11:43:52.874+01:00  INFO 13083 --- [yow_point] [quest-handler-5] kafka.cluster.Partition                  : [Partition __consumer_offsets-2 broker=0] No checkpointed highwatermark is found for partition __consumer_offsets-2
2026-01-31T11:43:52.874+01:00  INFO 13083 --- [yow_point] [quest-handler-5] kafka.cluster.Partition                  : [Partition __consumer_offsets-2 broker=0] Log loaded for partition __consumer_offsets-2 with initial high watermark 0
2026-01-31T11:43:52.874+01:00  INFO 13083 --- [yow_point] [quest-handler-5] state.change.logger                      : [Broker id=0] Leader __consumer_offsets-2 with topic id Some(20cVRvoJST6A9oRERE4snA) starts at leader epoch 0 from offset 0 with partition epoch 0, high watermark 0, ISR [0], adding replicas [] and removing replicas [] . Previous leader None and previous leader epoch was -1.
2026-01-31T11:43:52.894+01:00  INFO 13083 --- [yow_point] [quest-handler-5] kafka.log.UnifiedLog$                    : [LogLoader partition=__consumer_offsets-4, dir=/tmp/spring.kafka.0ca204ab-9734-4107-8a11-f1ac95d0dc1118210168812142648123] Loading producer state till offset 0 with message format version 2
2026-01-31T11:43:52.895+01:00  INFO 13083 --- [yow_point] [quest-handler-5] kafka.log.LogManager                     : Created log for partition __consumer_offsets-4 in /tmp/spring.kafka.0ca204ab-9734-4107-8a11-f1ac95d0dc1118210168812142648123/__consumer_offsets-4 with properties {cleanup.policy=compact, compression.type="producer", segment.bytes=104857600}
2026-01-31T11:43:52.896+01:00  INFO 13083 --- [yow_point] [quest-handler-5] kafka.cluster.Partition                  : [Partition __consumer_offsets-4 broker=0] No checkpointed highwatermark is found for partition __consumer_offsets-4
2026-01-31T11:43:52.896+01:00  INFO 13083 --- [yow_point] [quest-handler-5] kafka.cluster.Partition                  : [Partition __consumer_offsets-4 broker=0] Log loaded for partition __consumer_offsets-4 with initial high watermark 0
2026-01-31T11:43:52.896+01:00  INFO 13083 --- [yow_point] [quest-handler-5] state.change.logger                      : [Broker id=0] Leader __consumer_offsets-4 with topic id Some(20cVRvoJST6A9oRERE4snA) starts at leader epoch 0 from offset 0 with partition epoch 0, high watermark 0, ISR [0], adding replicas [] and removing replicas [] . Previous leader None and previous leader epoch was -1.
2026-01-31T11:43:52.916+01:00  INFO 13083 --- [yow_point] [quest-handler-5] kafka.log.UnifiedLog$                    : [LogLoader partition=__consumer_offsets-1, dir=/tmp/spring.kafka.0ca204ab-9734-4107-8a11-f1ac95d0dc1118210168812142648123] Loading producer state till offset 0 with message format version 2
2026-01-31T11:43:52.918+01:00  INFO 13083 --- [yow_point] [quest-handler-5] kafka.log.LogManager                     : Created log for partition __consumer_offsets-1 in /tmp/spring.kafka.0ca204ab-9734-4107-8a11-f1ac95d0dc1118210168812142648123/__consumer_offsets-1 with properties {cleanup.policy=compact, compression.type="producer", segment.bytes=104857600}
2026-01-31T11:43:52.918+01:00  INFO 13083 --- [yow_point] [quest-handler-5] kafka.cluster.Partition                  : [Partition __consumer_offsets-1 broker=0] No checkpointed highwatermark is found for partition __consumer_offsets-1
2026-01-31T11:43:52.918+01:00  INFO 13083 --- [yow_point] [quest-handler-5] kafka.cluster.Partition                  : [Partition __consumer_offsets-1 broker=0] Log loaded for partition __consumer_offsets-1 with initial high watermark 0
2026-01-31T11:43:52.918+01:00  INFO 13083 --- [yow_point] [quest-handler-5] state.change.logger                      : [Broker id=0] Leader __consumer_offsets-1 with topic id Some(20cVRvoJST6A9oRERE4snA) starts at leader epoch 0 from offset 0 with partition epoch 0, high watermark 0, ISR [0], adding replicas [] and removing replicas [] . Previous leader None and previous leader epoch was -1.
2026-01-31T11:43:52.939+01:00  INFO 13083 --- [yow_point] [quest-handler-5] kafka.log.UnifiedLog$                    : [LogLoader partition=__consumer_offsets-0, dir=/tmp/spring.kafka.0ca204ab-9734-4107-8a11-f1ac95d0dc1118210168812142648123] Loading producer state till offset 0 with message format version 2
2026-01-31T11:43:52.941+01:00  INFO 13083 --- [yow_point] [quest-handler-5] kafka.log.LogManager                     : Created log for partition __consumer_offsets-0 in /tmp/spring.kafka.0ca204ab-9734-4107-8a11-f1ac95d0dc1118210168812142648123/__consumer_offsets-0 with properties {cleanup.policy=compact, compression.type="producer", segment.bytes=104857600}
2026-01-31T11:43:52.941+01:00  INFO 13083 --- [yow_point] [quest-handler-5] kafka.cluster.Partition                  : [Partition __consumer_offsets-0 broker=0] No checkpointed highwatermark is found for partition __consumer_offsets-0
2026-01-31T11:43:52.941+01:00  INFO 13083 --- [yow_point] [quest-handler-5] kafka.cluster.Partition                  : [Partition __consumer_offsets-0 broker=0] Log loaded for partition __consumer_offsets-0 with initial high watermark 0
2026-01-31T11:43:52.942+01:00  INFO 13083 --- [yow_point] [quest-handler-5] state.change.logger                      : [Broker id=0] Leader __consumer_offsets-0 with topic id Some(20cVRvoJST6A9oRERE4snA) starts at leader epoch 0 from offset 0 with partition epoch 0, high watermark 0, ISR [0], adding replicas [] and removing replicas [] . Previous leader None and previous leader epoch was -1.
2026-01-31T11:43:52.959+01:00  INFO 13083 --- [yow_point] [quest-handler-5] k.coordinator.group.GroupCoordinator     : [GroupCoordinator 0]: Elected as the group coordinator for partition 3 in epoch 0
2026-01-31T11:43:52.960+01:00  INFO 13083 --- [yow_point] [quest-handler-5] k.c.group.GroupMetadataManager           : [GroupMetadataManager brokerId=0] Scheduling loading of offsets and group metadata from __consumer_offsets-3 for epoch 0
2026-01-31T11:43:52.961+01:00  INFO 13083 --- [yow_point] [quest-handler-5] k.coordinator.group.GroupCoordinator     : [GroupCoordinator 0]: Elected as the group coordinator for partition 2 in epoch 0
2026-01-31T11:43:52.962+01:00  INFO 13083 --- [yow_point] [quest-handler-5] k.c.group.GroupMetadataManager           : [GroupMetadataManager brokerId=0] Scheduling loading of offsets and group metadata from __consumer_offsets-2 for epoch 0
2026-01-31T11:43:52.962+01:00  INFO 13083 --- [yow_point] [quest-handler-5] k.coordinator.group.GroupCoordinator     : [GroupCoordinator 0]: Elected as the group coordinator for partition 4 in epoch 0
2026-01-31T11:43:52.962+01:00  INFO 13083 --- [yow_point] [quest-handler-5] k.c.group.GroupMetadataManager           : [GroupMetadataManager brokerId=0] Scheduling loading of offsets and group metadata from __consumer_offsets-4 for epoch 0
2026-01-31T11:43:52.962+01:00  INFO 13083 --- [yow_point] [quest-handler-5] k.coordinator.group.GroupCoordinator     : [GroupCoordinator 0]: Elected as the group coordinator for partition 1 in epoch 0
2026-01-31T11:43:52.962+01:00  INFO 13083 --- [yow_point] [quest-handler-5] k.c.group.GroupMetadataManager           : [GroupMetadataManager brokerId=0] Scheduling loading of offsets and group metadata from __consumer_offsets-1 for epoch 0
2026-01-31T11:43:52.962+01:00  INFO 13083 --- [yow_point] [quest-handler-5] k.coordinator.group.GroupCoordinator     : [GroupCoordinator 0]: Elected as the group coordinator for partition 0 in epoch 0
2026-01-31T11:43:52.963+01:00  INFO 13083 --- [yow_point] [quest-handler-5] k.c.group.GroupMetadataManager           : [GroupMetadataManager brokerId=0] Scheduling loading of offsets and group metadata from __consumer_offsets-0 for epoch 0
2026-01-31T11:43:52.963+01:00  INFO 13083 --- [yow_point] [quest-handler-5] state.change.logger                      : [Broker id=0] Finished LeaderAndIsr request in 179ms correlationId 7 from controller 0 for 5 partitions
2026-01-31T11:43:52.966+01:00  INFO 13083 --- [yow_point] [quest-handler-2] state.change.logger                      : [Broker id=0] Add 5 partitions and deleted 0 partitions from metadata cache in response to UpdateMetadata request sent by controller 0 epoch 1 with correlation id 8
2026-01-31T11:43:52.969+01:00  INFO 13083 --- [yow_point] [adata-manager-0] k.c.group.GroupMetadataManager           : [GroupMetadataManager brokerId=0] Finished loading offsets and group metadata from __consumer_offsets-3 in 8 milliseconds for epoch 0, of which 2 milliseconds was spent in the scheduler.
2026-01-31T11:43:52.970+01:00  INFO 13083 --- [yow_point] [adata-manager-0] k.c.group.GroupMetadataManager           : [GroupMetadataManager brokerId=0] Finished loading offsets and group metadata from __consumer_offsets-2 in 8 milliseconds for epoch 0, of which 7 milliseconds was spent in the scheduler.
2026-01-31T11:43:52.970+01:00  INFO 13083 --- [yow_point] [adata-manager-0] k.c.group.GroupMetadataManager           : [GroupMetadataManager brokerId=0] Finished loading offsets and group metadata from __consumer_offsets-4 in 8 milliseconds for epoch 0, of which 8 milliseconds was spent in the scheduler.
2026-01-31T11:43:52.970+01:00  INFO 13083 --- [yow_point] [adata-manager-0] k.c.group.GroupMetadataManager           : [GroupMetadataManager brokerId=0] Finished loading offsets and group metadata from __consumer_offsets-1 in 8 milliseconds for epoch 0, of which 8 milliseconds was spent in the scheduler.
2026-01-31T11:43:52.971+01:00  INFO 13083 --- [yow_point] [adata-manager-0] k.c.group.GroupMetadataManager           : [GroupMetadataManager brokerId=0] Finished loading offsets and group metadata from __consumer_offsets-0 in 8 milliseconds for epoch 0, of which 8 milliseconds was spent in the scheduler.
2026-01-31T11:43:53.112+01:00  INFO 13083 --- [yow_point] [ntainer#0-0-C-1] o.a.k.c.c.internals.ConsumerCoordinator  : [Consumer clientId=consumer-test-group-1, groupId=test-group] Discovered group coordinator localhost:36147 (id: 2147483647 rack: null)
2026-01-31T11:43:53.114+01:00  INFO 13083 --- [yow_point] [ntainer#0-0-C-1] o.a.k.c.c.internals.ConsumerCoordinator  : [Consumer clientId=consumer-test-group-1, groupId=test-group] (Re-)joining group
2026-01-31T11:43:53.149+01:00  INFO 13083 --- [yow_point] [quest-handler-1] k.coordinator.group.GroupCoordinator     : [GroupCoordinator 0]: Dynamic member with unknown member id joins group test-group in Empty state. Created a new member id consumer-test-group-1-0f7ffc8f-1b59-4cfe-897d-5016ca241787 and request the member to rejoin with this id.
2026-01-31T11:43:53.154+01:00  INFO 13083 --- [yow_point] [ntainer#0-0-C-1] o.a.k.c.c.internals.ConsumerCoordinator  : [Consumer clientId=consumer-test-group-1, groupId=test-group] Request joining group due to: need to re-join with the given member-id: consumer-test-group-1-0f7ffc8f-1b59-4cfe-897d-5016ca241787
2026-01-31T11:43:53.155+01:00  INFO 13083 --- [yow_point] [ntainer#0-0-C-1] o.a.k.c.c.internals.ConsumerCoordinator  : [Consumer clientId=consumer-test-group-1, groupId=test-group] (Re-)joining group
2026-01-31T11:43:53.163+01:00  INFO 13083 --- [yow_point] [quest-handler-5] k.coordinator.group.GroupCoordinator     : [GroupCoordinator 0]: Preparing to rebalance group test-group in state PreparingRebalance with old generation 0 (__consumer_offsets-2) (reason: Adding new member consumer-test-group-1-0f7ffc8f-1b59-4cfe-897d-5016ca241787 with group instance id None; client reason: need to re-join with the given member-id: consumer-test-group-1-0f7ffc8f-1b59-4cfe-897d-5016ca241787)
2026-01-31T11:43:53.173+01:00  INFO 13083 --- [yow_point] [cutor-Rebalance] k.coordinator.group.GroupCoordinator     : [GroupCoordinator 0]: Stabilized group test-group generation 1 (__consumer_offsets-2) with 1 members
2026-01-31T11:43:53.176+01:00  INFO 13083 --- [yow_point] [ntainer#0-0-C-1] o.a.k.c.c.internals.ConsumerCoordinator  : [Consumer clientId=consumer-test-group-1, groupId=test-group] Successfully joined group with generation Generation{generationId=1, memberId='consumer-test-group-1-0f7ffc8f-1b59-4cfe-897d-5016ca241787', protocol='range'}
2026-01-31T11:43:53.186+01:00  INFO 13083 --- [yow_point] [ntainer#0-0-C-1] o.a.k.c.c.internals.ConsumerCoordinator  : [Consumer clientId=consumer-test-group-1, groupId=test-group] Finished assignment for group at generation 1: {consumer-test-group-1-0f7ffc8f-1b59-4cfe-897d-5016ca241787=Assignment(partitions=[poi-created-0])}
2026-01-31T11:43:53.195+01:00  INFO 13083 --- [yow_point] [quest-handler-2] k.coordinator.group.GroupCoordinator     : [GroupCoordinator 0]: Assignment received from leader consumer-test-group-1-0f7ffc8f-1b59-4cfe-897d-5016ca241787 for group test-group for generation 1. The group has 1 members, 0 of which are static.
2026-01-31T11:43:53.241+01:00  INFO 13083 --- [yow_point] [ntainer#0-0-C-1] o.a.k.c.c.internals.ConsumerCoordinator  : [Consumer clientId=consumer-test-group-1, groupId=test-group] Successfully synced group in generation Generation{generationId=1, memberId='consumer-test-group-1-0f7ffc8f-1b59-4cfe-897d-5016ca241787', protocol='range'}
2026-01-31T11:43:53.241+01:00  INFO 13083 --- [yow_point] [ntainer#0-0-C-1] o.a.k.c.c.internals.ConsumerCoordinator  : [Consumer clientId=consumer-test-group-1, groupId=test-group] Notifying assignor about the new Assignment(partitions=[poi-created-0])
2026-01-31T11:43:53.245+01:00  INFO 13083 --- [yow_point] [ntainer#0-0-C-1] k.c.c.i.ConsumerRebalanceListenerInvoker : [Consumer clientId=consumer-test-group-1, groupId=test-group] Adding newly assigned partitions: poi-created-0
2026-01-31T11:43:53.254+01:00  INFO 13083 --- [yow_point] [ntainer#0-0-C-1] o.a.k.c.c.internals.ConsumerCoordinator  : [Consumer clientId=consumer-test-group-1, groupId=test-group] Found no committed offset for partition poi-created-0
2026-01-31T11:43:53.259+01:00  INFO 13083 --- [yow_point] [ntainer#0-0-C-1] o.a.k.c.c.internals.ConsumerCoordinator  : [Consumer clientId=consumer-test-group-1, groupId=test-group] Found no committed offset for partition poi-created-0
2026-01-31T11:43:53.262+01:00  WARN 13083 --- [yow_point] [       single-1] io.r2dbc.h2.H2Connection                 : Option{name='readOnly', sensitive=false} + isn't supported in H2 at the transaction level. You must set it on conenction URL. See http://www.h2database.com/html/features.html#read_only
2026-01-31T11:43:53.274+01:00  INFO 13083 --- [yow_point] [ntainer#0-0-C-1] o.a.k.c.c.internals.SubscriptionState    : [Consumer clientId=consumer-test-group-1, groupId=test-group] Resetting offset for partition poi-created-0 to position FetchPosition{offset=0, offsetEpoch=Optional.empty, currentLeader=LeaderAndEpoch{leader=Optional[localhost:36147 (id: 0 rack: null)], epoch=0}}.
2026-01-31T11:43:53.280+01:00  INFO 13083 --- [yow_point] [       single-1] c.p.y.a.s.p.PointOfInterestServiceImpl   : POI created successfully with ID: 48d5d3db-b9e8-410f-808a-9399e2d5763c. Publishing WebSocket event...
2026-01-31T11:43:53.294+01:00  INFO 13083 --- [yow_point] [ntainer#0-0-C-1] o.s.k.l.KafkaMessageListenerContainer    : test-group: partitions assigned: [poi-created-0]
]]></system-out>
    <system-err><![CDATA[Mockito is currently self-attaching to enable the inline-mock-maker. This will no longer work in future releases of the JDK. Please add Mockito as an agent to your build as described in Mockito's documentation: https://javadoc.io/doc/org.mockito/mockito-core/latest/org.mockito/org/mockito/Mockito.html#0.3
WARNING: A Java agent has been loaded dynamically (/home/varnel/.m2/repository/net/bytebuddy/byte-buddy-agent/1.17.5/byte-buddy-agent-1.17.5.jar)
WARNING: If a serviceability tool is in use, please run with -XX:+EnableDynamicAgentLoading to hide this warning
WARNING: If a serviceability tool is not in use, please run with -Djdk.instrument.traceUsage for more information
WARNING: Dynamic loading of agents will be disallowed by default in a future release
]]></system-err>
  </testcase>
</testsuite>