<?xml version="1.0" encoding="UTF-8"?>
<testsuite xmlns:xsi="http://www.w3.org/2001/XMLSchema-instance" xsi:noNamespaceSchemaLocation="https://maven.apache.org/surefire/maven-surefire-plugin/xsd/surefire-test-report.xsd" version="3.0.2" name="com.poi.yow_point.presentation.controllers.PointOfInterestControllerIntegrationTest" time="2.467" tests="1" errors="0" skipped="0" failures="0">
  <properties>
[...]
</properties>
  <testcase name="testFullPoiLifecycle" classname="com.poi.yow_point.presentation.controllers.PointOfInterestControllerIntegrationTest" time="0.747">
    <system-out><![CDATA[2026-02-02T09:45:31.842+01:00  INFO 29339 --- [yow_point] [           main] t.c.s.AnnotationConfigContextLoaderUtils : Could not detect default configuration classes for test class [com.poi.yow_point.presentation.controllers.PointOfInterestControllerIntegrationTest]: PointOfInterestControllerIntegrationTest does not declare any static, non-private, non-final, nested classes annotated with @Configuration.
2026-02-02T09:45:31.873+01:00  INFO 29339 --- [yow_point] [           main] .b.t.c.SpringBootTestContextBootstrapper : Found @SpringBootConfiguration com.poi.yow_point.YowPointApplication for test class com.poi.yow_point.presentation.controllers.PointOfInterestControllerIntegrationTest
2026-02-02T09:45:31.880+01:00  INFO 29339 --- [yow_point] [           main] o.s.b.d.r.RestartApplicationListener     : Restart disabled due to context in which it is running

  .   ____          _            __ _ _
 /\\ / ___'_ __ _ _(_)_ __  __ _ \ \ \ \
( ( )\___ | '_ | '_| | '_ \/ _` | \ \ \ \
 \\/  ___)| |_)| | | | | || (_| |  ) ) ) )
  '  |____| .__|_| |_|_| |_\__, | / / / /
 =========|_|==============|___/=/_/_/_/

 :: Spring Boot ::                (v3.5.0)

2026-02-02T09:45:31.925+01:00  INFO 29339 --- [yow_point] [           main] PointOfInterestControllerIntegrationTest : Starting PointOfInterestControllerIntegrationTest using Java 21.0.9 with PID 29339 (started by varnel in /home/varnel/poi_navigoo/poi-navigoo-backend)
2026-02-02T09:45:31.925+01:00 DEBUG 29339 --- [yow_point] [           main] PointOfInterestControllerIntegrationTest : Running with Spring Boot v3.5.0, Spring v6.2.7
2026-02-02T09:45:31.925+01:00  INFO 29339 --- [yow_point] [           main] PointOfInterestControllerIntegrationTest : The following 2 profiles are active: "test", "postgres-test"
2026-02-02T09:45:32.149+01:00  INFO 29339 --- [yow_point] [           main] .s.d.r.c.RepositoryConfigurationDelegate : Multiple Spring Data modules found, entering strict repository configuration mode
2026-02-02T09:45:32.150+01:00  INFO 29339 --- [yow_point] [           main] .s.d.r.c.RepositoryConfigurationDelegate : Bootstrapping Spring Data R2DBC repositories in DEFAULT mode.
2026-02-02T09:45:32.171+01:00  INFO 29339 --- [yow_point] [           main] .s.d.r.c.RepositoryConfigurationDelegate : Finished Spring Data repository scanning in 19 ms. Found 8 R2DBC repository interfaces.
2026-02-02T09:45:32.295+01:00  INFO 29339 --- [yow_point] [           main] .s.d.r.c.RepositoryConfigurationDelegate : Multiple Spring Data modules found, entering strict repository configuration mode
2026-02-02T09:45:32.295+01:00  INFO 29339 --- [yow_point] [           main] .s.d.r.c.RepositoryConfigurationDelegate : Bootstrapping Spring Data Redis repositories in DEFAULT mode.
2026-02-02T09:45:32.300+01:00  INFO 29339 --- [yow_point] [           main] .RepositoryConfigurationExtensionSupport : Spring Data Redis - Could not safely identify store assignment for repository candidate interface com.poi.yow_point.infrastructure.repositories.PointOfInterest.PointOfInterestRepository; If you want this repository to be a Redis repository, consider annotating your entities with one of these annotations: org.springframework.data.redis.core.RedisHash (preferred), or consider extending one of the following types with your repository: org.springframework.data.keyvalue.repository.KeyValueRepository
2026-02-02T09:45:32.300+01:00  INFO 29339 --- [yow_point] [           main] .RepositoryConfigurationExtensionSupport : Spring Data Redis - Could not safely identify store assignment for repository candidate interface com.poi.yow_point.infrastructure.repositories.appUser.AppUserRepository; If you want this repository to be a Redis repository, consider annotating your entities with one of these annotations: org.springframework.data.redis.core.RedisHash (preferred), or consider extending one of the following types with your repository: org.springframework.data.keyvalue.repository.KeyValueRepository
2026-02-02T09:45:32.300+01:00  INFO 29339 --- [yow_point] [           main] .RepositoryConfigurationExtensionSupport : Spring Data Redis - Could not safely identify store assignment for repository candidate interface com.poi.yow_point.infrastructure.repositories.blog.BlogRepository; If you want this repository to be a Redis repository, consider annotating your entities with one of these annotations: org.springframework.data.redis.core.RedisHash (preferred), or consider extending one of the following types with your repository: org.springframework.data.keyvalue.repository.KeyValueRepository
2026-02-02T09:45:32.300+01:00  INFO 29339 --- [yow_point] [           main] .RepositoryConfigurationExtensionSupport : Spring Data Redis - Could not safely identify store assignment for repository candidate interface com.poi.yow_point.infrastructure.repositories.organization.OrganizationRepository; If you want this repository to be a Redis repository, consider annotating your entities with one of these annotations: org.springframework.data.redis.core.RedisHash (preferred), or consider extending one of the following types with your repository: org.springframework.data.keyvalue.repository.KeyValueRepository
2026-02-02T09:45:32.301+01:00  INFO 29339 --- [yow_point] [           main] .RepositoryConfigurationExtensionSupport : Spring Data Redis - Could not safely identify store assignment for repository candidate interface com.poi.yow_point.infrastructure.repositories.podcast.PodcastRepository; If you want this repository to be a Redis repository, consider annotating your entities with one of these annotations: org.springframework.data.redis.core.RedisHash (preferred), or consider extending one of the following types with your repository: org.springframework.data.keyvalue.repository.KeyValueRepository
2026-02-02T09:45:32.301+01:00  INFO 29339 --- [yow_point] [           main] .RepositoryConfigurationExtensionSupport : Spring Data Redis - Could not safely identify store assignment for repository candidate interface com.poi.yow_point.infrastructure.repositories.poiAccessLog.PoiAccessLogRepository; If you want this repository to be a Redis repository, consider annotating your entities with one of these annotations: org.springframework.data.redis.core.RedisHash (preferred), or consider extending one of the following types with your repository: org.springframework.data.keyvalue.repository.KeyValueRepository
2026-02-02T09:45:32.301+01:00  INFO 29339 --- [yow_point] [           main] .RepositoryConfigurationExtensionSupport : Spring Data Redis - Could not safely identify store assignment for repository candidate interface com.poi.yow_point.infrastructure.repositories.poiPlatformStat.PoiPlatformStatRepository; If you want this repository to be a Redis repository, consider annotating your entities with one of these annotations: org.springframework.data.redis.core.RedisHash (preferred), or consider extending one of the following types with your repository: org.springframework.data.keyvalue.repository.KeyValueRepository
2026-02-02T09:45:32.301+01:00  INFO 29339 --- [yow_point] [           main] .RepositoryConfigurationExtensionSupport : Spring Data Redis - Could not safely identify store assignment for repository candidate interface com.poi.yow_point.infrastructure.repositories.poiReview.PoiReviewRepository; If you want this repository to be a Redis repository, consider annotating your entities with one of these annotations: org.springframework.data.redis.core.RedisHash (preferred), or consider extending one of the following types with your repository: org.springframework.data.keyvalue.repository.KeyValueRepository
2026-02-02T09:45:32.301+01:00  INFO 29339 --- [yow_point] [           main] .s.d.r.c.RepositoryConfigurationDelegate : Finished Spring Data repository scanning in 4 ms. Found 0 Redis repository interfaces.
2026-02-02T09:45:32.437+01:00  INFO 29339 --- [yow_point] [ SessionTracker] o.a.zookeeper.server.SessionTrackerImpl  : SessionTrackerImpl exited loop!
2026-02-02T09:45:32.473+01:00  INFO 29339 --- [yow_point] [           main] o.s.b.w.embedded.tomcat.TomcatWebServer  : Tomcat initialized with port 0 (http)
2026-02-02T09:45:32.486+01:00  INFO 29339 --- [yow_point] [           main] o.apache.catalina.core.StandardService   : Starting service [Tomcat]
2026-02-02T09:45:32.486+01:00  INFO 29339 --- [yow_point] [           main] o.apache.catalina.core.StandardEngine    : Starting Servlet engine: [Apache Tomcat/10.1.41]
2026-02-02T09:45:32.663+01:00  INFO 29339 --- [yow_point] [           main] c.p.y.i.c.NotificationServiceClient      : NotificationServiceClient initialized with base URL: https://notification-service.pynfi.com
2026-02-02T09:45:32.811+01:00  INFO 29339 --- [yow_point] [           main] ctiveUserDetailsServiceAutoConfiguration : 

Using generated security password: 120e14f7-943c-4217-a557-4c7b1b3ed40c

2026-02-02T09:45:32.959+01:00  INFO 29339 --- [yow_point] [           main] o.s.b.a.e.web.EndpointLinksResolver      : Exposing 2 endpoints beneath base path '/actuator'
2026-02-02T09:45:33.119+01:00  INFO 29339 --- [yow_point] [           main] o.a.k.clients.admin.AdminClientConfig    : AdminClientConfig values: 
	auto.include.jmx.reporter = true
	bootstrap.controllers = []
	bootstrap.servers = [localhost:9092]
	client.dns.lookup = use_all_dns_ips
	client.id = yow_point-admin-1
	connections.max.idle.ms = 300000
	default.api.timeout.ms = 60000
	enable.metrics.push = true
	metadata.max.age.ms = 300000
	metadata.recovery.strategy = none
	metric.reporters = []
	metrics.num.samples = 2
	metrics.recording.level = INFO
	metrics.sample.window.ms = 30000
	receive.buffer.bytes = 65536
	reconnect.backoff.max.ms = 1000
	reconnect.backoff.ms = 50
	request.timeout.ms = 30000
	retries = 2147483647
	retry.backoff.max.ms = 1000
	retry.backoff.ms = 100
	sasl.client.callback.handler.class = null
	sasl.jaas.config = null
	sasl.kerberos.kinit.cmd = /usr/bin/kinit
	sasl.kerberos.min.time.before.relogin = 60000
	sasl.kerberos.service.name = null
	sasl.kerberos.ticket.renew.jitter = 0.05
	sasl.kerberos.ticket.renew.window.factor = 0.8
	sasl.login.callback.handler.class = null
	sasl.login.class = null
	sasl.login.connect.timeout.ms = null
	sasl.login.read.timeout.ms = null
	sasl.login.refresh.buffer.seconds = 300
	sasl.login.refresh.min.period.seconds = 60
	sasl.login.refresh.window.factor = 0.8
	sasl.login.refresh.window.jitter = 0.05
	sasl.login.retry.backoff.max.ms = 10000
	sasl.login.retry.backoff.ms = 100
	sasl.mechanism = GSSAPI
	sasl.oauthbearer.clock.skew.seconds = 30
	sasl.oauthbearer.expected.audience = null
	sasl.oauthbearer.expected.issuer = null
	sasl.oauthbearer.header.urlencode = false
	sasl.oauthbearer.jwks.endpoint.refresh.ms = 3600000
	sasl.oauthbearer.jwks.endpoint.retry.backoff.max.ms = 10000
	sasl.oauthbearer.jwks.endpoint.retry.backoff.ms = 100
	sasl.oauthbearer.jwks.endpoint.url = null
	sasl.oauthbearer.scope.claim.name = scope
	sasl.oauthbearer.sub.claim.name = sub
	sasl.oauthbearer.token.endpoint.url = null
	security.protocol = PLAINTEXT
	security.providers = null
	send.buffer.bytes = 131072
	socket.connection.setup.timeout.max.ms = 30000
	socket.connection.setup.timeout.ms = 10000
	ssl.cipher.suites = null
	ssl.enabled.protocols = [TLSv1.2, TLSv1.3]
	ssl.endpoint.identification.algorithm = https
	ssl.engine.factory.class = null
	ssl.key.password = null
	ssl.keymanager.algorithm = SunX509
	ssl.keystore.certificate.chain = null
	ssl.keystore.key = null
	ssl.keystore.location = null
	ssl.keystore.password = null
	ssl.keystore.type = JKS
	ssl.protocol = TLSv1.3
	ssl.provider = null
	ssl.secure.random.implementation = null
	ssl.trustmanager.algorithm = PKIX
	ssl.truststore.certificates = null
	ssl.truststore.location = null
	ssl.truststore.password = null
	ssl.truststore.type = JKS

2026-02-02T09:45:33.121+01:00  INFO 29339 --- [yow_point] [           main] o.a.kafka.common.utils.AppInfoParser     : Kafka version: 3.9.1
2026-02-02T09:45:33.121+01:00  INFO 29339 --- [yow_point] [           main] o.a.kafka.common.utils.AppInfoParser     : Kafka commitId: f745dfdcee2b9851
2026-02-02T09:45:33.121+01:00  INFO 29339 --- [yow_point] [           main] o.a.kafka.common.utils.AppInfoParser     : Kafka startTimeMs: 1770021933121
2026-02-02T09:45:33.463+01:00  INFO 29339 --- [yow_point] [w_point-admin-1] o.a.kafka.common.utils.AppInfoParser     : App info kafka.admin.client for yow_point-admin-1 unregistered
2026-02-02T09:45:33.465+01:00  INFO 29339 --- [yow_point] [w_point-admin-1] o.apache.kafka.common.metrics.Metrics    : Metrics scheduler closed
2026-02-02T09:45:33.465+01:00  INFO 29339 --- [yow_point] [w_point-admin-1] o.apache.kafka.common.metrics.Metrics    : Closing reporter org.apache.kafka.common.metrics.JmxReporter
2026-02-02T09:45:33.465+01:00  INFO 29339 --- [yow_point] [w_point-admin-1] o.apache.kafka.common.metrics.Metrics    : Metrics reporters closed
2026-02-02T09:45:33.478+01:00  INFO 29339 --- [yow_point] [           main] o.s.b.w.embedded.tomcat.TomcatWebServer  : Tomcat started on port 43119 (http)
2026-02-02T09:45:33.486+01:00  INFO 29339 --- [yow_point] [           main] o.a.k.clients.consumer.ConsumerConfig    : ConsumerConfig values: 
	allow.auto.create.topics = true
	auto.commit.interval.ms = 5000
	auto.include.jmx.reporter = true
	auto.offset.reset = latest
	bootstrap.servers = [localhost:9092]
	check.crcs = true
	client.dns.lookup = use_all_dns_ips
	client.id = consumer-yow_point_group-2
	client.rack = 
	connections.max.idle.ms = 540000
	default.api.timeout.ms = 60000
	enable.auto.commit = false
	enable.metrics.push = true
	exclude.internal.topics = true
	fetch.max.bytes = 52428800
	fetch.max.wait.ms = 500
	fetch.min.bytes = 1
	group.id = yow_point_group
	group.instance.id = null
	group.protocol = classic
	group.remote.assignor = null
	heartbeat.interval.ms = 3000
	interceptor.classes = []
	internal.leave.group.on.close = true
	internal.throw.on.fetch.stable.offset.unsupported = false
	isolation.level = read_uncommitted
	key.deserializer = class org.apache.kafka.common.serialization.StringDeserializer
	max.partition.fetch.bytes = 1048576
	max.poll.interval.ms = 300000
	max.poll.records = 500
	metadata.max.age.ms = 300000
	metadata.recovery.strategy = none
	metric.reporters = []
	metrics.num.samples = 2
	metrics.recording.level = INFO
	metrics.sample.window.ms = 30000
	partition.assignment.strategy = [class org.apache.kafka.clients.consumer.RangeAssignor, class org.apache.kafka.clients.consumer.CooperativeStickyAssignor]
	receive.buffer.bytes = 65536
	reconnect.backoff.max.ms = 1000
	reconnect.backoff.ms = 50
	request.timeout.ms = 30000
	retry.backoff.max.ms = 1000
	retry.backoff.ms = 100
	sasl.client.callback.handler.class = null
	sasl.jaas.config = null
	sasl.kerberos.kinit.cmd = /usr/bin/kinit
	sasl.kerberos.min.time.before.relogin = 60000
	sasl.kerberos.service.name = null
	sasl.kerberos.ticket.renew.jitter = 0.05
	sasl.kerberos.ticket.renew.window.factor = 0.8
	sasl.login.callback.handler.class = null
	sasl.login.class = null
	sasl.login.connect.timeout.ms = null
	sasl.login.read.timeout.ms = null
	sasl.login.refresh.buffer.seconds = 300
	sasl.login.refresh.min.period.seconds = 60
	sasl.login.refresh.window.factor = 0.8
	sasl.login.refresh.window.jitter = 0.05
	sasl.login.retry.backoff.max.ms = 10000
	sasl.login.retry.backoff.ms = 100
	sasl.mechanism = GSSAPI
	sasl.oauthbearer.clock.skew.seconds = 30
	sasl.oauthbearer.expected.audience = null
	sasl.oauthbearer.expected.issuer = null
	sasl.oauthbearer.header.urlencode = false
	sasl.oauthbearer.jwks.endpoint.refresh.ms = 3600000
	sasl.oauthbearer.jwks.endpoint.retry.backoff.max.ms = 10000
	sasl.oauthbearer.jwks.endpoint.retry.backoff.ms = 100
	sasl.oauthbearer.jwks.endpoint.url = null
	sasl.oauthbearer.scope.claim.name = scope
	sasl.oauthbearer.sub.claim.name = sub
	sasl.oauthbearer.token.endpoint.url = null
	security.protocol = PLAINTEXT
	security.providers = null
	send.buffer.bytes = 131072
	session.timeout.ms = 45000
	socket.connection.setup.timeout.max.ms = 30000
	socket.connection.setup.timeout.ms = 10000
	ssl.cipher.suites = null
	ssl.enabled.protocols = [TLSv1.2, TLSv1.3]
	ssl.endpoint.identification.algorithm = https
	ssl.engine.factory.class = null
	ssl.key.password = null
	ssl.keymanager.algorithm = SunX509
	ssl.keystore.certificate.chain = null
	ssl.keystore.key = null
	ssl.keystore.location = null
	ssl.keystore.password = null
	ssl.keystore.type = JKS
	ssl.protocol = TLSv1.3
	ssl.provider = null
	ssl.secure.random.implementation = null
	ssl.trustmanager.algorithm = PKIX
	ssl.truststore.certificates = null
	ssl.truststore.location = null
	ssl.truststore.password = null
	ssl.truststore.type = JKS
	value.deserializer = class org.springframework.kafka.support.serializer.JsonDeserializer

2026-02-02T09:45:33.486+01:00  INFO 29339 --- [yow_point] [           main] o.a.k.c.t.i.KafkaMetricsCollector        : initializing Kafka metrics collector
2026-02-02T09:45:33.490+01:00  INFO 29339 --- [yow_point] [           main] o.a.k.clients.consumer.ConsumerConfig    : These configurations '[spring.json.trusted.packages, spring.json.value.default.type]' were supplied but are not used yet.
2026-02-02T09:45:33.490+01:00  INFO 29339 --- [yow_point] [           main] o.a.kafka.common.utils.AppInfoParser     : Kafka version: 3.9.1
2026-02-02T09:45:33.491+01:00  INFO 29339 --- [yow_point] [           main] o.a.kafka.common.utils.AppInfoParser     : Kafka commitId: f745dfdcee2b9851
2026-02-02T09:45:33.491+01:00  INFO 29339 --- [yow_point] [           main] o.a.kafka.common.utils.AppInfoParser     : Kafka startTimeMs: 1770021933490
2026-02-02T09:45:33.491+01:00  INFO 29339 --- [yow_point] [           main] o.a.k.c.c.i.ClassicKafkaConsumer         : [Consumer clientId=consumer-yow_point_group-2, groupId=yow_point_group] Subscribed to topic(s): poi-deleted
2026-02-02T09:45:33.493+01:00  INFO 29339 --- [yow_point] [           main] o.a.k.clients.consumer.ConsumerConfig    : ConsumerConfig values: 
	allow.auto.create.topics = true
	auto.commit.interval.ms = 5000
	auto.include.jmx.reporter = true
	auto.offset.reset = latest
	bootstrap.servers = [localhost:9092]
	check.crcs = true
	client.dns.lookup = use_all_dns_ips
	client.id = consumer-yow_point_group-3
	client.rack = 
	connections.max.idle.ms = 540000
	default.api.timeout.ms = 60000
	enable.auto.commit = false
	enable.metrics.push = true
	exclude.internal.topics = true
	fetch.max.bytes = 52428800
	fetch.max.wait.ms = 500
	fetch.min.bytes = 1
	group.id = yow_point_group
	group.instance.id = null
	group.protocol = classic
	group.remote.assignor = null
	heartbeat.interval.ms = 3000
	interceptor.classes = []
	internal.leave.group.on.close = true
	internal.throw.on.fetch.stable.offset.unsupported = false
	isolation.level = read_uncommitted
	key.deserializer = class org.apache.kafka.common.serialization.StringDeserializer
	max.partition.fetch.bytes = 1048576
	max.poll.interval.ms = 300000
	max.poll.records = 500
	metadata.max.age.ms = 300000
	metadata.recovery.strategy = none
	metric.reporters = []
	metrics.num.samples = 2
	metrics.recording.level = INFO
	metrics.sample.window.ms = 30000
	partition.assignment.strategy = [class org.apache.kafka.clients.consumer.RangeAssignor, class org.apache.kafka.clients.consumer.CooperativeStickyAssignor]
	receive.buffer.bytes = 65536
	reconnect.backoff.max.ms = 1000
	reconnect.backoff.ms = 50
	request.timeout.ms = 30000
	retry.backoff.max.ms = 1000
	retry.backoff.ms = 100
	sasl.client.callback.handler.class = null
	sasl.jaas.config = null
	sasl.kerberos.kinit.cmd = /usr/bin/kinit
	sasl.kerberos.min.time.before.relogin = 60000
	sasl.kerberos.service.name = null
	sasl.kerberos.ticket.renew.jitter = 0.05
	sasl.kerberos.ticket.renew.window.factor = 0.8
	sasl.login.callback.handler.class = null
	sasl.login.class = null
	sasl.login.connect.timeout.ms = null
	sasl.login.read.timeout.ms = null
	sasl.login.refresh.buffer.seconds = 300
	sasl.login.refresh.min.period.seconds = 60
	sasl.login.refresh.window.factor = 0.8
	sasl.login.refresh.window.jitter = 0.05
	sasl.login.retry.backoff.max.ms = 10000
	sasl.login.retry.backoff.ms = 100
	sasl.mechanism = GSSAPI
	sasl.oauthbearer.clock.skew.seconds = 30
	sasl.oauthbearer.expected.audience = null
	sasl.oauthbearer.expected.issuer = null
	sasl.oauthbearer.header.urlencode = false
	sasl.oauthbearer.jwks.endpoint.refresh.ms = 3600000
	sasl.oauthbearer.jwks.endpoint.retry.backoff.max.ms = 10000
	sasl.oauthbearer.jwks.endpoint.retry.backoff.ms = 100
	sasl.oauthbearer.jwks.endpoint.url = null
	sasl.oauthbearer.scope.claim.name = scope
	sasl.oauthbearer.sub.claim.name = sub
	sasl.oauthbearer.token.endpoint.url = null
	security.protocol = PLAINTEXT
	security.providers = null
	send.buffer.bytes = 131072
	session.timeout.ms = 45000
	socket.connection.setup.timeout.max.ms = 30000
	socket.connection.setup.timeout.ms = 10000
	ssl.cipher.suites = null
	ssl.enabled.protocols = [TLSv1.2, TLSv1.3]
	ssl.endpoint.identification.algorithm = https
	ssl.engine.factory.class = null
	ssl.key.password = null
	ssl.keymanager.algorithm = SunX509
	ssl.keystore.certificate.chain = null
	ssl.keystore.key = null
	ssl.keystore.location = null
	ssl.keystore.password = null
	ssl.keystore.type = JKS
	ssl.protocol = TLSv1.3
	ssl.provider = null
	ssl.secure.random.implementation = null
	ssl.trustmanager.algorithm = PKIX
	ssl.truststore.certificates = null
	ssl.truststore.location = null
	ssl.truststore.password = null
	ssl.truststore.type = JKS
	value.deserializer = class org.springframework.kafka.support.serializer.JsonDeserializer

2026-02-02T09:45:33.493+01:00  INFO 29339 --- [yow_point] [           main] o.a.k.c.t.i.KafkaMetricsCollector        : initializing Kafka metrics collector
2026-02-02T09:45:33.501+01:00  INFO 29339 --- [yow_point] [           main] o.a.k.clients.consumer.ConsumerConfig    : These configurations '[spring.json.trusted.packages, spring.json.value.default.type]' were supplied but are not used yet.
2026-02-02T09:45:33.501+01:00  INFO 29339 --- [yow_point] [           main] o.a.kafka.common.utils.AppInfoParser     : Kafka version: 3.9.1
2026-02-02T09:45:33.501+01:00  INFO 29339 --- [yow_point] [           main] o.a.kafka.common.utils.AppInfoParser     : Kafka commitId: f745dfdcee2b9851
2026-02-02T09:45:33.501+01:00  INFO 29339 --- [yow_point] [           main] o.a.kafka.common.utils.AppInfoParser     : Kafka startTimeMs: 1770021933501
2026-02-02T09:45:33.502+01:00  INFO 29339 --- [yow_point] [           main] o.a.k.c.c.i.ClassicKafkaConsumer         : [Consumer clientId=consumer-yow_point_group-3, groupId=yow_point_group] Subscribed to topic(s): poi-created
2026-02-02T09:45:33.502+01:00  INFO 29339 --- [yow_point] [ntainer#2-0-C-1] org.apache.kafka.clients.Metadata        : [Consumer clientId=consumer-yow_point_group-2, groupId=yow_point_group] Cluster ID: PDOgvmmgR4eYvjaQzkvh2Q
2026-02-02T09:45:33.505+01:00  INFO 29339 --- [yow_point] [           main] o.a.k.clients.consumer.ConsumerConfig    : ConsumerConfig values: 
	allow.auto.create.topics = true
	auto.commit.interval.ms = 5000
	auto.include.jmx.reporter = true
	auto.offset.reset = latest
	bootstrap.servers = [localhost:9092]
	check.crcs = true
	client.dns.lookup = use_all_dns_ips
	client.id = consumer-yow_point_group-4
	client.rack = 
	connections.max.idle.ms = 540000
	default.api.timeout.ms = 60000
	enable.auto.commit = false
	enable.metrics.push = true
	exclude.internal.topics = true
	fetch.max.bytes = 52428800
	fetch.max.wait.ms = 500
	fetch.min.bytes = 1
	group.id = yow_point_group
	group.instance.id = null
	group.protocol = classic
	group.remote.assignor = null
	heartbeat.interval.ms = 3000
	interceptor.classes = []
	internal.leave.group.on.close = true
	internal.throw.on.fetch.stable.offset.unsupported = false
	isolation.level = read_uncommitted
	key.deserializer = class org.apache.kafka.common.serialization.StringDeserializer
	max.partition.fetch.bytes = 1048576
	max.poll.interval.ms = 300000
	max.poll.records = 500
	metadata.max.age.ms = 300000
	metadata.recovery.strategy = none
	metric.reporters = []
	metrics.num.samples = 2
	metrics.recording.level = INFO
	metrics.sample.window.ms = 30000
	partition.assignment.strategy = [class org.apache.kafka.clients.consumer.RangeAssignor, class org.apache.kafka.clients.consumer.CooperativeStickyAssignor]
	receive.buffer.bytes = 65536
	reconnect.backoff.max.ms = 1000
	reconnect.backoff.ms = 50
	request.timeout.ms = 30000
	retry.backoff.max.ms = 1000
	retry.backoff.ms = 100
	sasl.client.callback.handler.class = null
	sasl.jaas.config = null
	sasl.kerberos.kinit.cmd = /usr/bin/kinit
	sasl.kerberos.min.time.before.relogin = 60000
	sasl.kerberos.service.name = null
	sasl.kerberos.ticket.renew.jitter = 0.05
	sasl.kerberos.ticket.renew.window.factor = 0.8
	sasl.login.callback.handler.class = null
	sasl.login.class = null
	sasl.login.connect.timeout.ms = null
	sasl.login.read.timeout.ms = null
	sasl.login.refresh.buffer.seconds = 300
	sasl.login.refresh.min.period.seconds = 60
	sasl.login.refresh.window.factor = 0.8
	sasl.login.refresh.window.jitter = 0.05
	sasl.login.retry.backoff.max.ms = 10000
	sasl.login.retry.backoff.ms = 100
	sasl.mechanism = GSSAPI
	sasl.oauthbearer.clock.skew.seconds = 30
	sasl.oauthbearer.expected.audience = null
	sasl.oauthbearer.expected.issuer = null
	sasl.oauthbearer.header.urlencode = false
	sasl.oauthbearer.jwks.endpoint.refresh.ms = 3600000
	sasl.oauthbearer.jwks.endpoint.retry.backoff.max.ms = 10000
	sasl.oauthbearer.jwks.endpoint.retry.backoff.ms = 100
	sasl.oauthbearer.jwks.endpoint.url = null
	sasl.oauthbearer.scope.claim.name = scope
	sasl.oauthbearer.sub.claim.name = sub
	sasl.oauthbearer.token.endpoint.url = null
	security.protocol = PLAINTEXT
	security.providers = null
	send.buffer.bytes = 131072
	session.timeout.ms = 45000
	socket.connection.setup.timeout.max.ms = 30000
	socket.connection.setup.timeout.ms = 10000
	ssl.cipher.suites = null
	ssl.enabled.protocols = [TLSv1.2, TLSv1.3]
	ssl.endpoint.identification.algorithm = https
	ssl.engine.factory.class = null
	ssl.key.password = null
	ssl.keymanager.algorithm = SunX509
	ssl.keystore.certificate.chain = null
	ssl.keystore.key = null
	ssl.keystore.location = null
	ssl.keystore.password = null
	ssl.keystore.type = JKS
	ssl.protocol = TLSv1.3
	ssl.provider = null
	ssl.secure.random.implementation = null
	ssl.trustmanager.algorithm = PKIX
	ssl.truststore.certificates = null
	ssl.truststore.location = null
	ssl.truststore.password = null
	ssl.truststore.type = JKS
	value.deserializer = class org.springframework.kafka.support.serializer.JsonDeserializer

2026-02-02T09:45:33.506+01:00  INFO 29339 --- [yow_point] [           main] o.a.k.c.t.i.KafkaMetricsCollector        : initializing Kafka metrics collector
2026-02-02T09:45:33.513+01:00  INFO 29339 --- [yow_point] [ntainer#0-0-C-1] org.apache.kafka.clients.Metadata        : [Consumer clientId=consumer-yow_point_group-3, groupId=yow_point_group] Cluster ID: PDOgvmmgR4eYvjaQzkvh2Q
2026-02-02T09:45:33.514+01:00  INFO 29339 --- [yow_point] [           main] o.a.k.clients.consumer.ConsumerConfig    : These configurations '[spring.json.trusted.packages, spring.json.value.default.type]' were supplied but are not used yet.
2026-02-02T09:45:33.514+01:00  INFO 29339 --- [yow_point] [           main] o.a.kafka.common.utils.AppInfoParser     : Kafka version: 3.9.1
2026-02-02T09:45:33.514+01:00  INFO 29339 --- [yow_point] [           main] o.a.kafka.common.utils.AppInfoParser     : Kafka commitId: f745dfdcee2b9851
2026-02-02T09:45:33.514+01:00  INFO 29339 --- [yow_point] [           main] o.a.kafka.common.utils.AppInfoParser     : Kafka startTimeMs: 1770021933514
2026-02-02T09:45:33.514+01:00  INFO 29339 --- [yow_point] [           main] o.a.k.c.c.i.ClassicKafkaConsumer         : [Consumer clientId=consumer-yow_point_group-4, groupId=yow_point_group] Subscribed to topic(s): poi-updated
2026-02-02T09:45:33.524+01:00  INFO 29339 --- [yow_point] [ntainer#1-0-C-1] org.apache.kafka.clients.Metadata        : [Consumer clientId=consumer-yow_point_group-4, groupId=yow_point_group] Cluster ID: PDOgvmmgR4eYvjaQzkvh2Q
2026-02-02T09:45:33.534+01:00  INFO 29339 --- [yow_point] [           main] PointOfInterestControllerIntegrationTest : Started PointOfInterestControllerIntegrationTest in 1.653 seconds (process running for 11.722)
2026-02-02T09:45:34.038+01:00  INFO 29339 --- [yow_point] [     parallel-5] c.p.y.p.c.PointOfInterestController      : REST request to create POI: Test POI
2026-02-02T09:45:34.045+01:00  WARN 29339 --- [yow_point] [       single-1] io.r2dbc.h2.H2Connection                 : Option{name='readOnly', sensitive=false} + isn't supported in H2 at the transaction level. You must set it on conenction URL. See http://www.h2database.com/html/features.html#read_only
2026-02-02T09:45:34.047+01:00  INFO 29339 --- [yow_point] [       single-1] c.p.y.a.s.p.PointOfInterestServiceImpl   : POI created successfully with ID: 58f9169d-4a0c-473e-b021-32c8a4955e85. Publishing WebSocket event...
2026-02-02T09:45:34.208+01:00 DEBUG 29339 --- [yow_point] [     parallel-7] c.p.y.p.c.PointOfInterestController      : REST request to get POI: 58f9169d-4a0c-473e-b021-32c8a4955e85
2026-02-02T09:45:34.211+01:00 DEBUG 29339 --- [yow_point] [     parallel-7] c.p.y.a.s.p.PointOfInterestServiceImpl   : Cache miss for POI: 58f9169d-4a0c-473e-b021-32c8a4955e85, saved to cache with TTL PT1H
2026-02-02T09:45:34.271+01:00  INFO 29339 --- [yow_point] [     parallel-8] c.p.y.p.c.PointOfInterestController      : REST request to update POI: 58f9169d-4a0c-473e-b021-32c8a4955e85
2026-02-02T09:45:34.273+01:00  WARN 29339 --- [yow_point] [     parallel-8] io.r2dbc.h2.H2Connection                 : Option{name='readOnly', sensitive=false} + isn't supported in H2 at the transaction level. You must set it on conenction URL. See http://www.h2database.com/html/features.html#read_only
2026-02-02T09:45:34.276+01:00  INFO 29339 --- [yow_point] [     parallel-8] c.p.y.a.s.p.PointOfInterestServiceImpl   : POI updated successfully: 58f9169d-4a0c-473e-b021-32c8a4955e85,  Publishing WebSocket event...
2026-02-02T09:45:34.286+01:00  INFO 29339 --- [yow_point] [     parallel-2] c.p.y.p.c.PointOfInterestController      : REST request to delete POI: 58f9169d-4a0c-473e-b021-32c8a4955e85
2026-02-02T09:45:34.288+01:00  WARN 29339 --- [yow_point] [     parallel-2] io.r2dbc.h2.H2Connection                 : Option{name='readOnly', sensitive=false} + isn't supported in H2 at the transaction level. You must set it on conenction URL. See http://www.h2database.com/html/features.html#read_only
2026-02-02T09:45:34.289+01:00  INFO 29339 --- [yow_point] [     parallel-2] c.p.y.a.s.p.PointOfInterestServiceImpl   : POI 58f9169d-4a0c-473e-b021-32c8a4955e85 deleted successfully. Publishing WebSocket event...
2026-02-02T09:45:34.297+01:00 DEBUG 29339 --- [yow_point] [     parallel-4] c.p.y.p.c.PointOfInterestController      : REST request to get POI: 58f9169d-4a0c-473e-b021-32c8a4955e85
]]></system-out>
  </testcase>
</testsuite>